[2025-03-06T12:16:16.601+0000] {local_task_job_runner.py:120} INFO - ::group::Pre task execution logs
[2025-03-06T12:16:16.629+0000] {taskinstance.py:2073} INFO - Dependencies all met for dep_context=non-requeueable deps ti=<TaskInstance: clientes_dag.gx_run_audit manual__2025-03-06T12:16:12.855535+00:00 [queued]>
[2025-03-06T12:16:16.638+0000] {taskinstance.py:2073} INFO - Dependencies all met for dep_context=requeueable deps ti=<TaskInstance: clientes_dag.gx_run_audit manual__2025-03-06T12:16:12.855535+00:00 [queued]>
[2025-03-06T12:16:16.639+0000] {taskinstance.py:2303} INFO - Starting attempt 1 of 1
[2025-03-06T12:16:16.655+0000] {taskinstance.py:2327} INFO - Executing <Task(PythonOperator): gx_run_audit> on 2025-03-06 12:16:12.855535+00:00
[2025-03-06T12:16:16.662+0000] {standard_task_runner.py:63} INFO - Started process 3432 to run task
[2025-03-06T12:16:16.666+0000] {standard_task_runner.py:90} INFO - Running: ['***', 'tasks', 'run', 'clientes_dag', 'gx_run_audit', 'manual__2025-03-06T12:16:12.855535+00:00', '--job-id', '5', '--raw', '--subdir', 'DAGS_FOLDER/clientes_dag.py', '--cfg-path', '/tmp/tmpel2r8s98']
[2025-03-06T12:16:16.670+0000] {standard_task_runner.py:91} INFO - Job 5: Subtask gx_run_audit
[2025-03-06T12:16:16.724+0000] {task_command.py:426} INFO - Running <TaskInstance: clientes_dag.gx_run_audit manual__2025-03-06T12:16:12.855535+00:00 [running]> on host a3d267d0ec58
[2025-03-06T12:16:17.203+0000] {taskinstance.py:2644} INFO - Exporting env vars: AIRFLOW_CTX_DAG_OWNER='***' AIRFLOW_CTX_DAG_ID='clientes_dag' AIRFLOW_CTX_TASK_ID='gx_run_audit' AIRFLOW_CTX_EXECUTION_DATE='2025-03-06T12:16:12.855535+00:00' AIRFLOW_CTX_TRY_NUMBER='1' AIRFLOW_CTX_DAG_RUN_ID='manual__2025-03-06T12:16:12.855535+00:00'
[2025-03-06T12:16:17.206+0000] {taskinstance.py:430} INFO - ::endgroup::
[2025-03-06T12:16:17.253+0000] {file_data_context.py:209} INFO - FileDataContext loading fluent config
[2025-03-06T12:16:17.255+0000] {config.py:191} INFO - Loading 'datasources' ->
[{'assets': [...],
  'connection_string': 'postgresql+psycopg2://postgres:postgres@database/postgres',
  'id': '4a7b4795-1c09-4224-b2d8-fc393806d432',
  'name': 'pg_datasource',
  'type': 'postgres'}]
[2025-03-06T12:16:17.317+0000] {abstract_data_context.py:2416} INFO - Loaded 'pg_datasource' from fluent config
[2025-03-06T12:16:17.328+0000] {batch_filter.py:243} INFO - batch_slice: None was parsed to: slice(0, None, None)
[2025-03-06T12:16:17.330+0000] {expectation.py:1137} INFO - _get_default_value called with key "table", but it is not a known field
[2025-03-06T12:16:17.331+0000] {expectation.py:1137} INFO - _get_default_value called with key "table", but it is not a known field
[2025-03-06T12:16:17.331+0000] {expectation.py:1137} INFO - _get_default_value called with key "table", but it is not a known field
[2025-03-06T12:16:17.332+0000] {expectation.py:1137} INFO - _get_default_value called with key "table", but it is not a known field
[2025-03-06T12:16:17.333+0000] {expectation.py:1137} INFO - _get_default_value called with key "table", but it is not a known field
[2025-03-06T12:16:17.333+0000] {expectation.py:1137} INFO - _get_default_value called with key "table", but it is not a known field
[2025-03-06T12:16:17.334+0000] {expectation.py:1137} INFO - _get_default_value called with key "table", but it is not a known field
[2025-03-06T12:16:17.345+0000] {expectation.py:1137} INFO - _get_default_value called with key "table", but it is not a known field
[2025-03-06T12:16:17.346+0000] {expectation.py:1137} INFO - _get_default_value called with key "table", but it is not a known field
[2025-03-06T12:16:17.346+0000] {expectation.py:1137} INFO - _get_default_value called with key "table", but it is not a known field
[2025-03-06T12:16:17.347+0000] {expectation.py:1137} INFO - _get_default_value called with key "table", but it is not a known field
[2025-03-06T12:16:17.347+0000] {expectation.py:1137} INFO - _get_default_value called with key "table", but it is not a known field
[2025-03-06T12:16:17.348+0000] {expectation.py:1137} INFO - _get_default_value called with key "table", but it is not a known field
[2025-03-06T12:16:17.349+0000] {expectation.py:1137} INFO - _get_default_value called with key "table", but it is not a known field
[2025-03-06T12:16:17.359+0000] {expectation.py:1137} INFO - _get_default_value called with key "table", but it is not a known field
[2025-03-06T12:16:17.360+0000] {expectation.py:1137} INFO - _get_default_value called with key "table", but it is not a known field
[2025-03-06T12:16:17.361+0000] {expectation.py:1137} INFO - _get_default_value called with key "table", but it is not a known field
[2025-03-06T12:16:17.361+0000] {expectation.py:1137} INFO - _get_default_value called with key "table", but it is not a known field
[2025-03-06T12:16:17.362+0000] {expectation.py:1137} INFO - _get_default_value called with key "table", but it is not a known field
[2025-03-06T12:16:17.362+0000] {expectation.py:1137} INFO - _get_default_value called with key "table", but it is not a known field
[2025-03-06T12:16:17.363+0000] {expectation.py:1137} INFO - _get_default_value called with key "table", but it is not a known field
[2025-03-06T12:16:17.373+0000] {expectation.py:1137} INFO - _get_default_value called with key "table", but it is not a known field
[2025-03-06T12:16:17.374+0000] {expectation.py:1137} INFO - _get_default_value called with key "table", but it is not a known field
[2025-03-06T12:16:17.374+0000] {expectation.py:1137} INFO - _get_default_value called with key "table", but it is not a known field
[2025-03-06T12:16:17.375+0000] {expectation.py:1137} INFO - _get_default_value called with key "table", but it is not a known field
[2025-03-06T12:16:17.375+0000] {expectation.py:1137} INFO - _get_default_value called with key "table", but it is not a known field
[2025-03-06T12:16:17.376+0000] {expectation.py:1137} INFO - _get_default_value called with key "table", but it is not a known field
[2025-03-06T12:16:17.376+0000] {expectation.py:1137} INFO - _get_default_value called with key "table", but it is not a known field
[2025-03-06T12:16:17.387+0000] {expectation.py:1137} INFO - _get_default_value called with key "table", but it is not a known field
[2025-03-06T12:16:17.387+0000] {expectation.py:1137} INFO - _get_default_value called with key "table", but it is not a known field
[2025-03-06T12:16:17.388+0000] {expectation.py:1137} INFO - _get_default_value called with key "table", but it is not a known field
[2025-03-06T12:16:17.389+0000] {expectation.py:1137} INFO - _get_default_value called with key "table", but it is not a known field
[2025-03-06T12:16:17.389+0000] {expectation.py:1137} INFO - _get_default_value called with key "table", but it is not a known field
[2025-03-06T12:16:17.390+0000] {expectation.py:1137} INFO - _get_default_value called with key "table", but it is not a known field
[2025-03-06T12:16:17.390+0000] {expectation.py:1137} INFO - _get_default_value called with key "table", but it is not a known field
[2025-03-06T12:16:17.404+0000] {expectation.py:1137} INFO - _get_default_value called with key "table", but it is not a known field
[2025-03-06T12:16:17.405+0000] {expectation.py:1137} INFO - _get_default_value called with key "table", but it is not a known field
[2025-03-06T12:16:17.405+0000] {expectation.py:1137} INFO - _get_default_value called with key "table", but it is not a known field
[2025-03-06T12:16:17.406+0000] {expectation.py:1137} INFO - _get_default_value called with key "table", but it is not a known field
[2025-03-06T12:16:17.407+0000] {expectation.py:1137} INFO - _get_default_value called with key "table", but it is not a known field
[2025-03-06T12:16:17.408+0000] {expectation.py:1137} INFO - _get_default_value called with key "table", but it is not a known field
[2025-03-06T12:16:17.408+0000] {expectation.py:1137} INFO - _get_default_value called with key "table", but it is not a known field
[2025-03-06T12:16:17.423+0000] {expectation.py:1137} INFO - _get_default_value called with key "table", but it is not a known field
[2025-03-06T12:16:17.424+0000] {expectation.py:1137} INFO - _get_default_value called with key "table", but it is not a known field
[2025-03-06T12:16:17.425+0000] {expectation.py:1137} INFO - _get_default_value called with key "table", but it is not a known field
[2025-03-06T12:16:17.426+0000] {expectation.py:1137} INFO - _get_default_value called with key "table", but it is not a known field
[2025-03-06T12:16:17.426+0000] {expectation.py:1137} INFO - _get_default_value called with key "table", but it is not a known field
[2025-03-06T12:16:17.427+0000] {expectation.py:1137} INFO - _get_default_value called with key "table", but it is not a known field
[2025-03-06T12:16:17.427+0000] {expectation.py:1137} INFO - _get_default_value called with key "table", but it is not a known field
[2025-03-06T12:16:17.439+0000] {expectation.py:1137} INFO - _get_default_value called with key "table", but it is not a known field
[2025-03-06T12:16:17.440+0000] {expectation.py:1137} INFO - _get_default_value called with key "table", but it is not a known field
[2025-03-06T12:16:17.441+0000] {expectation.py:1137} INFO - _get_default_value called with key "table", but it is not a known field
[2025-03-06T12:16:17.442+0000] {expectation.py:1137} INFO - _get_default_value called with key "table", but it is not a known field
[2025-03-06T12:16:17.443+0000] {expectation.py:1137} INFO - _get_default_value called with key "table", but it is not a known field
[2025-03-06T12:16:17.445+0000] {expectation.py:1137} INFO - _get_default_value called with key "table", but it is not a known field
[2025-03-06T12:16:17.446+0000] {expectation.py:1137} INFO - _get_default_value called with key "table", but it is not a known field
[2025-03-06T12:16:17.495+0000] {logging_mixin.py:188} WARNING - Calculating Metrics:   0%|          | 0/61 [00:00<?, ?it/s]
[2025-03-06T12:16:17.495+0000] {logging_mixin.py:188} WARNING - Calculating Metrics:   0%|          | 0/61 [00:00<?, ?it/s]
[2025-03-06T12:16:17.508+0000] {logging_mixin.py:188} WARNING - Calculating Metrics:   7%|6         | 4/61 [00:00<00:00, 323.50it/s]
[2025-03-06T12:16:17.534+0000] {logging_mixin.py:188} WARNING - Calculating Metrics:   7%|6         | 4/61 [00:00<00:00, 103.47it/s]
[2025-03-06T12:16:17.539+0000] {logging_mixin.py:188} WARNING - Calculating Metrics:  13%|#3        | 8/61 [00:00<00:00, 185.14it/s]
[2025-03-06T12:16:17.564+0000] {logging_mixin.py:188} WARNING - Calculating Metrics:  13%|#3        | 8/61 [00:00<00:00, 117.54it/s]
[2025-03-06T12:16:17.608+0000] {logging_mixin.py:188} WARNING - Calculating Metrics:  13%|#3        | 8/61 [00:00<00:00, 71.02it/s] 
[2025-03-06T12:16:17.609+0000] {logging_mixin.py:188} WARNING - Calculating Metrics:  13%|#3        | 8/61 [00:00<00:00, 71.02it/s]
[2025-03-06T12:16:17.637+0000] {logging_mixin.py:188} WARNING - Calculating Metrics:  13%|#3        | 8/61 [00:00<00:00, 71.02it/s]
[2025-03-06T12:16:17.665+0000] {logging_mixin.py:188} WARNING - Calculating Metrics:  13%|#3        | 8/61 [00:00<00:00, 71.02it/s]
[2025-03-06T12:16:17.670+0000] {logging_mixin.py:188} WARNING - Calculating Metrics:  28%|##7       | 17/61 [00:00<00:00, 71.02it/s]
[2025-03-06T12:16:17.696+0000] {logging_mixin.py:188} WARNING - Calculating Metrics:  28%|##7       | 17/61 [00:00<00:00, 71.02it/s]
[2025-03-06T12:16:17.758+0000] {logging_mixin.py:188} WARNING - Calculating Metrics:  79%|#######8  | 48/61 [00:00<00:00, 199.69it/s]
[2025-03-06T12:16:17.759+0000] {logging_mixin.py:188} WARNING - Calculating Metrics:  79%|#######8  | 48/61 [00:00<00:00, 199.69it/s]
[2025-03-06T12:16:17.784+0000] {logging_mixin.py:188} WARNING - Calculating Metrics:  79%|#######8  | 48/61 [00:00<00:00, 199.69it/s]
[2025-03-06T12:16:17.797+0000] {logging_mixin.py:188} WARNING - Calculating Metrics:  90%|######### | 55/61 [00:00<00:00, 199.69it/s]
[2025-03-06T12:16:17.821+0000] {logging_mixin.py:188} WARNING - Calculating Metrics:  90%|######### | 55/61 [00:00<00:00, 199.69it/s]
[2025-03-06T12:16:17.822+0000] {logging_mixin.py:188} WARNING - Calculating Metrics:  90%|######### | 55/61 [00:00<00:00, 199.69it/s]
[2025-03-06T12:16:17.823+0000] {logging_mixin.py:188} WARNING - Calculating Metrics:  90%|######### | 55/61 [00:00<00:00, 168.04it/s]
[2025-03-06T12:16:17.854+0000] {expectation.py:1137} INFO - _get_default_value called with key "table", but it is not a known field
[2025-03-06T12:16:17.855+0000] {expectation.py:1137} INFO - _get_default_value called with key "table", but it is not a known field
[2025-03-06T12:16:17.856+0000] {expectation.py:1137} INFO - _get_default_value called with key "table", but it is not a known field
[2025-03-06T12:16:17.857+0000] {expectation.py:1137} INFO - _get_default_value called with key "table", but it is not a known field
[2025-03-06T12:16:17.858+0000] {expectation.py:1137} INFO - _get_default_value called with key "table", but it is not a known field
[2025-03-06T12:16:17.859+0000] {expectation.py:1137} INFO - _get_default_value called with key "table", but it is not a known field
[2025-03-06T12:16:17.861+0000] {expectation.py:1137} INFO - _get_default_value called with key "table", but it is not a known field
[2025-03-06T12:16:17.863+0000] {expectation.py:1137} INFO - _get_default_value called with key "table", but it is not a known field
[2025-03-06T12:16:17.864+0000] {expectation.py:1137} INFO - _get_default_value called with key "table", but it is not a known field
[2025-03-06T12:16:17.865+0000] {expectation.py:1137} INFO - _get_default_value called with key "table", but it is not a known field
[2025-03-06T12:16:17.866+0000] {expectation.py:1137} INFO - _get_default_value called with key "table", but it is not a known field
[2025-03-06T12:16:17.867+0000] {expectation.py:1137} INFO - _get_default_value called with key "table", but it is not a known field
[2025-03-06T12:16:17.868+0000] {expectation.py:1137} INFO - _get_default_value called with key "table", but it is not a known field
[2025-03-06T12:16:17.868+0000] {expectation.py:1137} INFO - _get_default_value called with key "table", but it is not a known field
[2025-03-06T12:16:17.869+0000] {expectation.py:1137} INFO - _get_default_value called with key "table", but it is not a known field
[2025-03-06T12:16:17.871+0000] {expectation.py:1137} INFO - _get_default_value called with key "table", but it is not a known field
[2025-03-06T12:16:17.871+0000] {expectation.py:1137} INFO - _get_default_value called with key "table", but it is not a known field
[2025-03-06T12:16:17.872+0000] {expectation.py:1137} INFO - _get_default_value called with key "table", but it is not a known field
[2025-03-06T12:16:17.873+0000] {expectation.py:1137} INFO - _get_default_value called with key "table", but it is not a known field
[2025-03-06T12:16:17.873+0000] {expectation.py:1137} INFO - _get_default_value called with key "table", but it is not a known field
[2025-03-06T12:16:17.874+0000] {expectation.py:1137} INFO - _get_default_value called with key "table", but it is not a known field
[2025-03-06T12:16:17.875+0000] {expectation.py:1137} INFO - _get_default_value called with key "table", but it is not a known field
[2025-03-06T12:16:17.876+0000] {expectation.py:1137} INFO - _get_default_value called with key "table", but it is not a known field
[2025-03-06T12:16:17.877+0000] {expectation.py:1137} INFO - _get_default_value called with key "table", but it is not a known field
[2025-03-06T12:16:17.878+0000] {expectation.py:1137} INFO - _get_default_value called with key "table", but it is not a known field
[2025-03-06T12:16:17.879+0000] {expectation.py:1137} INFO - _get_default_value called with key "table", but it is not a known field
[2025-03-06T12:16:17.880+0000] {expectation.py:1137} INFO - _get_default_value called with key "table", but it is not a known field
[2025-03-06T12:16:17.880+0000] {expectation.py:1137} INFO - _get_default_value called with key "table", but it is not a known field
[2025-03-06T12:16:17.881+0000] {expectation.py:1137} INFO - _get_default_value called with key "table", but it is not a known field
[2025-03-06T12:16:17.882+0000] {expectation.py:1137} INFO - _get_default_value called with key "table", but it is not a known field
[2025-03-06T12:16:17.882+0000] {expectation.py:1137} INFO - _get_default_value called with key "table", but it is not a known field
[2025-03-06T12:16:17.883+0000] {expectation.py:1137} INFO - _get_default_value called with key "table", but it is not a known field
[2025-03-06T12:16:17.884+0000] {expectation.py:1137} INFO - _get_default_value called with key "table", but it is not a known field
[2025-03-06T12:16:17.885+0000] {expectation.py:1137} INFO - _get_default_value called with key "table", but it is not a known field
[2025-03-06T12:16:17.886+0000] {expectation.py:1137} INFO - _get_default_value called with key "table", but it is not a known field
[2025-03-06T12:16:17.886+0000] {expectation.py:1137} INFO - _get_default_value called with key "table", but it is not a known field
[2025-03-06T12:16:17.887+0000] {expectation.py:1137} INFO - _get_default_value called with key "table", but it is not a known field
[2025-03-06T12:16:17.888+0000] {expectation.py:1137} INFO - _get_default_value called with key "table", but it is not a known field
[2025-03-06T12:16:17.888+0000] {expectation.py:1137} INFO - _get_default_value called with key "table", but it is not a known field
[2025-03-06T12:16:17.890+0000] {expectation.py:1137} INFO - _get_default_value called with key "table", but it is not a known field
[2025-03-06T12:16:17.891+0000] {expectation.py:1137} INFO - _get_default_value called with key "table", but it is not a known field
[2025-03-06T12:16:17.891+0000] {expectation.py:1137} INFO - _get_default_value called with key "table", but it is not a known field
[2025-03-06T12:16:17.892+0000] {expectation.py:1137} INFO - _get_default_value called with key "table", but it is not a known field
[2025-03-06T12:16:17.892+0000] {expectation.py:1137} INFO - _get_default_value called with key "table", but it is not a known field
[2025-03-06T12:16:17.893+0000] {expectation.py:1137} INFO - _get_default_value called with key "table", but it is not a known field
[2025-03-06T12:16:17.893+0000] {expectation.py:1137} INFO - _get_default_value called with key "table", but it is not a known field
[2025-03-06T12:16:17.894+0000] {expectation.py:1137} INFO - _get_default_value called with key "table", but it is not a known field
[2025-03-06T12:16:17.895+0000] {expectation.py:1137} INFO - _get_default_value called with key "table", but it is not a known field
[2025-03-06T12:16:17.896+0000] {expectation.py:1137} INFO - _get_default_value called with key "table", but it is not a known field
[2025-03-06T12:16:17.897+0000] {expectation.py:1137} INFO - _get_default_value called with key "table", but it is not a known field
[2025-03-06T12:16:17.898+0000] {expectation.py:1137} INFO - _get_default_value called with key "table", but it is not a known field
[2025-03-06T12:16:17.899+0000] {expectation.py:1137} INFO - _get_default_value called with key "table", but it is not a known field
[2025-03-06T12:16:17.900+0000] {expectation.py:1137} INFO - _get_default_value called with key "table", but it is not a known field
[2025-03-06T12:16:17.901+0000] {expectation.py:1137} INFO - _get_default_value called with key "table", but it is not a known field
[2025-03-06T12:16:17.902+0000] {expectation.py:1137} INFO - _get_default_value called with key "table", but it is not a known field
[2025-03-06T12:16:17.903+0000] {expectation.py:1137} INFO - _get_default_value called with key "table", but it is not a known field
[2025-03-06T12:16:18.158+0000] {unix.py:142} WARNING - /etc/timezone is deprecated on Debian, and no longer reliable. Ignoring.
[2025-03-06T12:16:18.251+0000] {python.py:237} INFO - Done. Returned value was: None
[2025-03-06T12:16:18.252+0000] {taskinstance.py:441} INFO - ::group::Post task execution logs
[2025-03-06T12:16:18.262+0000] {taskinstance.py:1205} INFO - Marking task as SUCCESS. dag_id=clientes_dag, task_id=gx_run_audit, execution_date=20250306T121612, start_date=20250306T121616, end_date=20250306T121618
[2025-03-06T12:16:18.324+0000] {local_task_job_runner.py:240} INFO - Task exited with return code 0
[2025-03-06T12:16:18.355+0000] {taskinstance.py:3482} INFO - 0 downstream tasks scheduled from follow-on schedule check
[2025-03-06T12:16:18.359+0000] {local_task_job_runner.py:222} INFO - ::endgroup::
