[2025-03-06T12:37:26.214+0000] {local_task_job_runner.py:120} INFO - ::group::Pre task execution logs
[2025-03-06T12:37:26.261+0000] {taskinstance.py:2073} INFO - Dependencies all met for dep_context=non-requeueable deps ti=<TaskInstance: clientes_dag.gx_run_audit manual__2025-03-06T12:37:22.344161+00:00 [queued]>
[2025-03-06T12:37:26.274+0000] {taskinstance.py:2073} INFO - Dependencies all met for dep_context=requeueable deps ti=<TaskInstance: clientes_dag.gx_run_audit manual__2025-03-06T12:37:22.344161+00:00 [queued]>
[2025-03-06T12:37:26.275+0000] {taskinstance.py:2303} INFO - Starting attempt 1 of 1
[2025-03-06T12:37:26.299+0000] {taskinstance.py:2327} INFO - Executing <Task(PythonOperator): gx_run_audit> on 2025-03-06 12:37:22.344161+00:00
[2025-03-06T12:37:26.310+0000] {standard_task_runner.py:63} INFO - Started process 3990 to run task
[2025-03-06T12:37:26.315+0000] {standard_task_runner.py:90} INFO - Running: ['***', 'tasks', 'run', 'clientes_dag', 'gx_run_audit', 'manual__2025-03-06T12:37:22.344161+00:00', '--job-id', '7', '--raw', '--subdir', 'DAGS_FOLDER/clientes_dag.py', '--cfg-path', '/tmp/tmptr3l2jr7']
[2025-03-06T12:37:26.319+0000] {standard_task_runner.py:91} INFO - Job 7: Subtask gx_run_audit
[2025-03-06T12:37:26.401+0000] {task_command.py:426} INFO - Running <TaskInstance: clientes_dag.gx_run_audit manual__2025-03-06T12:37:22.344161+00:00 [running]> on host a3d267d0ec58
[2025-03-06T12:37:26.743+0000] {taskinstance.py:2644} INFO - Exporting env vars: AIRFLOW_CTX_DAG_OWNER='***' AIRFLOW_CTX_DAG_ID='clientes_dag' AIRFLOW_CTX_TASK_ID='gx_run_audit' AIRFLOW_CTX_EXECUTION_DATE='2025-03-06T12:37:22.344161+00:00' AIRFLOW_CTX_TRY_NUMBER='1' AIRFLOW_CTX_DAG_RUN_ID='manual__2025-03-06T12:37:22.344161+00:00'
[2025-03-06T12:37:26.744+0000] {taskinstance.py:430} INFO - ::endgroup::
[2025-03-06T12:37:26.800+0000] {file_data_context.py:209} INFO - FileDataContext loading fluent config
[2025-03-06T12:37:26.803+0000] {config.py:191} INFO - Loading 'datasources' ->
[{'assets': [...],
  'connection_string': 'postgresql+psycopg2://postgres:postgres@database/postgres',
  'id': '33357b96-25b6-4bd3-86d4-a0e5ddfaa881',
  'name': 'pg_datasource',
  'type': 'postgres'}]
[2025-03-06T12:37:26.866+0000] {abstract_data_context.py:2416} INFO - Loaded 'pg_datasource' from fluent config
[2025-03-06T12:37:26.877+0000] {batch_filter.py:243} INFO - batch_slice: None was parsed to: slice(0, None, None)
[2025-03-06T12:37:26.879+0000] {expectation.py:1137} INFO - _get_default_value called with key "table", but it is not a known field
[2025-03-06T12:37:26.880+0000] {expectation.py:1137} INFO - _get_default_value called with key "table", but it is not a known field
[2025-03-06T12:37:26.881+0000] {expectation.py:1137} INFO - _get_default_value called with key "table", but it is not a known field
[2025-03-06T12:37:26.881+0000] {expectation.py:1137} INFO - _get_default_value called with key "table", but it is not a known field
[2025-03-06T12:37:26.882+0000] {expectation.py:1137} INFO - _get_default_value called with key "table", but it is not a known field
[2025-03-06T12:37:26.882+0000] {expectation.py:1137} INFO - _get_default_value called with key "table", but it is not a known field
[2025-03-06T12:37:26.883+0000] {expectation.py:1137} INFO - _get_default_value called with key "table", but it is not a known field
[2025-03-06T12:37:26.895+0000] {expectation.py:1137} INFO - _get_default_value called with key "table", but it is not a known field
[2025-03-06T12:37:26.896+0000] {expectation.py:1137} INFO - _get_default_value called with key "table", but it is not a known field
[2025-03-06T12:37:26.897+0000] {expectation.py:1137} INFO - _get_default_value called with key "table", but it is not a known field
[2025-03-06T12:37:26.897+0000] {expectation.py:1137} INFO - _get_default_value called with key "table", but it is not a known field
[2025-03-06T12:37:26.898+0000] {expectation.py:1137} INFO - _get_default_value called with key "table", but it is not a known field
[2025-03-06T12:37:26.899+0000] {expectation.py:1137} INFO - _get_default_value called with key "table", but it is not a known field
[2025-03-06T12:37:26.900+0000] {expectation.py:1137} INFO - _get_default_value called with key "table", but it is not a known field
[2025-03-06T12:37:26.911+0000] {expectation.py:1137} INFO - _get_default_value called with key "table", but it is not a known field
[2025-03-06T12:37:26.912+0000] {expectation.py:1137} INFO - _get_default_value called with key "table", but it is not a known field
[2025-03-06T12:37:26.912+0000] {expectation.py:1137} INFO - _get_default_value called with key "table", but it is not a known field
[2025-03-06T12:37:26.913+0000] {expectation.py:1137} INFO - _get_default_value called with key "table", but it is not a known field
[2025-03-06T12:37:26.914+0000] {expectation.py:1137} INFO - _get_default_value called with key "table", but it is not a known field
[2025-03-06T12:37:26.914+0000] {expectation.py:1137} INFO - _get_default_value called with key "table", but it is not a known field
[2025-03-06T12:37:26.915+0000] {expectation.py:1137} INFO - _get_default_value called with key "table", but it is not a known field
[2025-03-06T12:37:26.926+0000] {expectation.py:1137} INFO - _get_default_value called with key "table", but it is not a known field
[2025-03-06T12:37:26.927+0000] {expectation.py:1137} INFO - _get_default_value called with key "table", but it is not a known field
[2025-03-06T12:37:26.928+0000] {expectation.py:1137} INFO - _get_default_value called with key "table", but it is not a known field
[2025-03-06T12:37:26.929+0000] {expectation.py:1137} INFO - _get_default_value called with key "table", but it is not a known field
[2025-03-06T12:37:26.930+0000] {expectation.py:1137} INFO - _get_default_value called with key "table", but it is not a known field
[2025-03-06T12:37:26.930+0000] {expectation.py:1137} INFO - _get_default_value called with key "table", but it is not a known field
[2025-03-06T12:37:26.931+0000] {expectation.py:1137} INFO - _get_default_value called with key "table", but it is not a known field
[2025-03-06T12:37:26.943+0000] {expectation.py:1137} INFO - _get_default_value called with key "table", but it is not a known field
[2025-03-06T12:37:26.944+0000] {expectation.py:1137} INFO - _get_default_value called with key "table", but it is not a known field
[2025-03-06T12:37:26.944+0000] {expectation.py:1137} INFO - _get_default_value called with key "table", but it is not a known field
[2025-03-06T12:37:26.945+0000] {expectation.py:1137} INFO - _get_default_value called with key "table", but it is not a known field
[2025-03-06T12:37:26.946+0000] {expectation.py:1137} INFO - _get_default_value called with key "table", but it is not a known field
[2025-03-06T12:37:26.947+0000] {expectation.py:1137} INFO - _get_default_value called with key "table", but it is not a known field
[2025-03-06T12:37:26.947+0000] {expectation.py:1137} INFO - _get_default_value called with key "table", but it is not a known field
[2025-03-06T12:37:26.964+0000] {expectation.py:1137} INFO - _get_default_value called with key "table", but it is not a known field
[2025-03-06T12:37:26.965+0000] {expectation.py:1137} INFO - _get_default_value called with key "table", but it is not a known field
[2025-03-06T12:37:26.966+0000] {expectation.py:1137} INFO - _get_default_value called with key "table", but it is not a known field
[2025-03-06T12:37:26.967+0000] {expectation.py:1137} INFO - _get_default_value called with key "table", but it is not a known field
[2025-03-06T12:37:26.968+0000] {expectation.py:1137} INFO - _get_default_value called with key "table", but it is not a known field
[2025-03-06T12:37:26.969+0000] {expectation.py:1137} INFO - _get_default_value called with key "table", but it is not a known field
[2025-03-06T12:37:26.971+0000] {expectation.py:1137} INFO - _get_default_value called with key "table", but it is not a known field
[2025-03-06T12:37:26.988+0000] {expectation.py:1137} INFO - _get_default_value called with key "table", but it is not a known field
[2025-03-06T12:37:26.989+0000] {expectation.py:1137} INFO - _get_default_value called with key "table", but it is not a known field
[2025-03-06T12:37:26.990+0000] {expectation.py:1137} INFO - _get_default_value called with key "table", but it is not a known field
[2025-03-06T12:37:26.991+0000] {expectation.py:1137} INFO - _get_default_value called with key "table", but it is not a known field
[2025-03-06T12:37:26.991+0000] {expectation.py:1137} INFO - _get_default_value called with key "table", but it is not a known field
[2025-03-06T12:37:26.992+0000] {expectation.py:1137} INFO - _get_default_value called with key "table", but it is not a known field
[2025-03-06T12:37:26.993+0000] {expectation.py:1137} INFO - _get_default_value called with key "table", but it is not a known field
[2025-03-06T12:37:27.008+0000] {expectation.py:1137} INFO - _get_default_value called with key "table", but it is not a known field
[2025-03-06T12:37:27.009+0000] {expectation.py:1137} INFO - _get_default_value called with key "table", but it is not a known field
[2025-03-06T12:37:27.010+0000] {expectation.py:1137} INFO - _get_default_value called with key "table", but it is not a known field
[2025-03-06T12:37:27.011+0000] {expectation.py:1137} INFO - _get_default_value called with key "table", but it is not a known field
[2025-03-06T12:37:27.012+0000] {expectation.py:1137} INFO - _get_default_value called with key "table", but it is not a known field
[2025-03-06T12:37:27.013+0000] {expectation.py:1137} INFO - _get_default_value called with key "table", but it is not a known field
[2025-03-06T12:37:27.015+0000] {expectation.py:1137} INFO - _get_default_value called with key "table", but it is not a known field
[2025-03-06T12:37:27.067+0000] {logging_mixin.py:188} WARNING - Calculating Metrics:   0%|          | 0/61 [00:00<?, ?it/s]
[2025-03-06T12:37:27.067+0000] {logging_mixin.py:188} WARNING - Calculating Metrics:   0%|          | 0/61 [00:00<?, ?it/s]
[2025-03-06T12:37:27.080+0000] {logging_mixin.py:188} WARNING - Calculating Metrics:   7%|6         | 4/61 [00:00<00:00, 309.73it/s]
[2025-03-06T12:37:27.107+0000] {logging_mixin.py:188} WARNING - Calculating Metrics:   7%|6         | 4/61 [00:00<00:00, 99.82it/s] 
[2025-03-06T12:37:27.113+0000] {logging_mixin.py:188} WARNING - Calculating Metrics:  13%|#3        | 8/61 [00:00<00:00, 176.03it/s]
[2025-03-06T12:37:27.138+0000] {logging_mixin.py:188} WARNING - Calculating Metrics:  13%|#3        | 8/61 [00:00<00:00, 113.21it/s]
[2025-03-06T12:37:27.143+0000] {logging_mixin.py:188} WARNING - Calculating Metrics:  30%|##9       | 18/61 [00:00<00:00, 236.55it/s]
[2025-03-06T12:37:27.165+0000] {logging_mixin.py:188} WARNING - Calculating Metrics:  30%|##9       | 18/61 [00:00<00:00, 184.34it/s]
[2025-03-06T12:37:27.202+0000] {logging_mixin.py:188} WARNING - Calculating Metrics:  87%|########6 | 53/61 [00:00<00:00, 393.00it/s]
[2025-03-06T12:37:27.203+0000] {logging_mixin.py:188} WARNING - Calculating Metrics:  87%|########6 | 53/61 [00:00<00:00, 393.00it/s]
[2025-03-06T12:37:27.215+0000] {logging_mixin.py:188} WARNING - Calculating Metrics:  87%|########6 | 53/61 [00:00<00:00, 393.00it/s]
[2025-03-06T12:37:27.223+0000] {logging_mixin.py:188} WARNING - Calculating Metrics: 100%|##########| 61/61 [00:00<00:00, 393.00it/s]
[2025-03-06T12:37:27.233+0000] {logging_mixin.py:188} WARNING - Calculating Metrics: 100%|##########| 61/61 [00:00<00:00, 393.00it/s]
[2025-03-06T12:37:27.233+0000] {logging_mixin.py:188} WARNING - Calculating Metrics: 100%|##########| 61/61 [00:00<00:00, 393.00it/s]
[2025-03-06T12:37:27.233+0000] {logging_mixin.py:188} WARNING - Calculating Metrics: 100%|##########| 61/61 [00:00<00:00, 366.71it/s]
[2025-03-06T12:37:27.253+0000] {expectation.py:1137} INFO - _get_default_value called with key "table", but it is not a known field
[2025-03-06T12:37:27.254+0000] {expectation.py:1137} INFO - _get_default_value called with key "table", but it is not a known field
[2025-03-06T12:37:27.257+0000] {expectation.py:1137} INFO - _get_default_value called with key "table", but it is not a known field
[2025-03-06T12:37:27.258+0000] {expectation.py:1137} INFO - _get_default_value called with key "table", but it is not a known field
[2025-03-06T12:37:27.260+0000] {expectation.py:1137} INFO - _get_default_value called with key "table", but it is not a known field
[2025-03-06T12:37:27.261+0000] {expectation.py:1137} INFO - _get_default_value called with key "table", but it is not a known field
[2025-03-06T12:37:27.262+0000] {expectation.py:1137} INFO - _get_default_value called with key "table", but it is not a known field
[2025-03-06T12:37:27.263+0000] {expectation.py:1137} INFO - _get_default_value called with key "table", but it is not a known field
[2025-03-06T12:37:27.265+0000] {expectation.py:1137} INFO - _get_default_value called with key "table", but it is not a known field
[2025-03-06T12:37:27.267+0000] {expectation.py:1137} INFO - _get_default_value called with key "table", but it is not a known field
[2025-03-06T12:37:27.268+0000] {expectation.py:1137} INFO - _get_default_value called with key "table", but it is not a known field
[2025-03-06T12:37:27.269+0000] {expectation.py:1137} INFO - _get_default_value called with key "table", but it is not a known field
[2025-03-06T12:37:27.270+0000] {expectation.py:1137} INFO - _get_default_value called with key "table", but it is not a known field
[2025-03-06T12:37:27.272+0000] {expectation.py:1137} INFO - _get_default_value called with key "table", but it is not a known field
[2025-03-06T12:37:27.273+0000] {expectation.py:1137} INFO - _get_default_value called with key "table", but it is not a known field
[2025-03-06T12:37:27.274+0000] {expectation.py:1137} INFO - _get_default_value called with key "table", but it is not a known field
[2025-03-06T12:37:27.275+0000] {expectation.py:1137} INFO - _get_default_value called with key "table", but it is not a known field
[2025-03-06T12:37:27.276+0000] {expectation.py:1137} INFO - _get_default_value called with key "table", but it is not a known field
[2025-03-06T12:37:27.277+0000] {expectation.py:1137} INFO - _get_default_value called with key "table", but it is not a known field
[2025-03-06T12:37:27.279+0000] {expectation.py:1137} INFO - _get_default_value called with key "table", but it is not a known field
[2025-03-06T12:37:27.280+0000] {expectation.py:1137} INFO - _get_default_value called with key "table", but it is not a known field
[2025-03-06T12:37:27.281+0000] {expectation.py:1137} INFO - _get_default_value called with key "table", but it is not a known field
[2025-03-06T12:37:27.282+0000] {expectation.py:1137} INFO - _get_default_value called with key "table", but it is not a known field
[2025-03-06T12:37:27.284+0000] {expectation.py:1137} INFO - _get_default_value called with key "table", but it is not a known field
[2025-03-06T12:37:27.284+0000] {expectation.py:1137} INFO - _get_default_value called with key "table", but it is not a known field
[2025-03-06T12:37:27.285+0000] {expectation.py:1137} INFO - _get_default_value called with key "table", but it is not a known field
[2025-03-06T12:37:27.286+0000] {expectation.py:1137} INFO - _get_default_value called with key "table", but it is not a known field
[2025-03-06T12:37:27.287+0000] {expectation.py:1137} INFO - _get_default_value called with key "table", but it is not a known field
[2025-03-06T12:37:27.288+0000] {expectation.py:1137} INFO - _get_default_value called with key "table", but it is not a known field
[2025-03-06T12:37:27.289+0000] {expectation.py:1137} INFO - _get_default_value called with key "table", but it is not a known field
[2025-03-06T12:37:27.289+0000] {expectation.py:1137} INFO - _get_default_value called with key "table", but it is not a known field
[2025-03-06T12:37:27.290+0000] {expectation.py:1137} INFO - _get_default_value called with key "table", but it is not a known field
[2025-03-06T12:37:27.291+0000] {expectation.py:1137} INFO - _get_default_value called with key "table", but it is not a known field
[2025-03-06T12:37:27.292+0000] {expectation.py:1137} INFO - _get_default_value called with key "table", but it is not a known field
[2025-03-06T12:37:27.293+0000] {expectation.py:1137} INFO - _get_default_value called with key "table", but it is not a known field
[2025-03-06T12:37:27.294+0000] {expectation.py:1137} INFO - _get_default_value called with key "table", but it is not a known field
[2025-03-06T12:37:27.294+0000] {expectation.py:1137} INFO - _get_default_value called with key "table", but it is not a known field
[2025-03-06T12:37:27.295+0000] {expectation.py:1137} INFO - _get_default_value called with key "table", but it is not a known field
[2025-03-06T12:37:27.296+0000] {expectation.py:1137} INFO - _get_default_value called with key "table", but it is not a known field
[2025-03-06T12:37:27.297+0000] {expectation.py:1137} INFO - _get_default_value called with key "table", but it is not a known field
[2025-03-06T12:37:27.298+0000] {expectation.py:1137} INFO - _get_default_value called with key "table", but it is not a known field
[2025-03-06T12:37:27.299+0000] {expectation.py:1137} INFO - _get_default_value called with key "table", but it is not a known field
[2025-03-06T12:37:27.300+0000] {expectation.py:1137} INFO - _get_default_value called with key "table", but it is not a known field
[2025-03-06T12:37:27.301+0000] {expectation.py:1137} INFO - _get_default_value called with key "table", but it is not a known field
[2025-03-06T12:37:27.302+0000] {expectation.py:1137} INFO - _get_default_value called with key "table", but it is not a known field
[2025-03-06T12:37:27.303+0000] {expectation.py:1137} INFO - _get_default_value called with key "table", but it is not a known field
[2025-03-06T12:37:27.304+0000] {expectation.py:1137} INFO - _get_default_value called with key "table", but it is not a known field
[2025-03-06T12:37:27.306+0000] {expectation.py:1137} INFO - _get_default_value called with key "table", but it is not a known field
[2025-03-06T12:37:27.307+0000] {expectation.py:1137} INFO - _get_default_value called with key "table", but it is not a known field
[2025-03-06T12:37:27.308+0000] {expectation.py:1137} INFO - _get_default_value called with key "table", but it is not a known field
[2025-03-06T12:37:27.308+0000] {expectation.py:1137} INFO - _get_default_value called with key "table", but it is not a known field
[2025-03-06T12:37:27.309+0000] {expectation.py:1137} INFO - _get_default_value called with key "table", but it is not a known field
[2025-03-06T12:37:27.310+0000] {expectation.py:1137} INFO - _get_default_value called with key "table", but it is not a known field
[2025-03-06T12:37:27.310+0000] {expectation.py:1137} INFO - _get_default_value called with key "table", but it is not a known field
[2025-03-06T12:37:27.311+0000] {expectation.py:1137} INFO - _get_default_value called with key "table", but it is not a known field
[2025-03-06T12:37:27.312+0000] {expectation.py:1137} INFO - _get_default_value called with key "table", but it is not a known field
[2025-03-06T12:37:27.313+0000] {expectation.py:1137} INFO - _get_default_value called with key "table", but it is not a known field
[2025-03-06T12:37:27.314+0000] {expectation.py:1137} INFO - _get_default_value called with key "table", but it is not a known field
[2025-03-06T12:37:27.315+0000] {expectation.py:1137} INFO - _get_default_value called with key "table", but it is not a known field
[2025-03-06T12:37:27.316+0000] {expectation.py:1137} INFO - _get_default_value called with key "table", but it is not a known field
[2025-03-06T12:37:27.318+0000] {expectation.py:1137} INFO - _get_default_value called with key "table", but it is not a known field
[2025-03-06T12:37:27.319+0000] {expectation.py:1137} INFO - _get_default_value called with key "table", but it is not a known field
[2025-03-06T12:37:27.320+0000] {expectation.py:1137} INFO - _get_default_value called with key "table", but it is not a known field
[2025-03-06T12:37:27.321+0000] {expectation.py:1137} INFO - _get_default_value called with key "table", but it is not a known field
[2025-03-06T12:37:27.583+0000] {unix.py:142} WARNING - /etc/timezone is deprecated on Debian, and no longer reliable. Ignoring.
[2025-03-06T12:37:27.678+0000] {python.py:237} INFO - Done. Returned value was: None
[2025-03-06T12:37:27.678+0000] {taskinstance.py:441} INFO - ::group::Post task execution logs
[2025-03-06T12:37:27.688+0000] {taskinstance.py:1205} INFO - Marking task as SUCCESS. dag_id=clientes_dag, task_id=gx_run_audit, execution_date=20250306T123722, start_date=20250306T123726, end_date=20250306T123727
[2025-03-06T12:37:27.729+0000] {local_task_job_runner.py:240} INFO - Task exited with return code 0
[2025-03-06T12:37:27.748+0000] {taskinstance.py:3482} INFO - 0 downstream tasks scheduled from follow-on schedule check
[2025-03-06T12:37:27.751+0000] {local_task_job_runner.py:222} INFO - ::endgroup::
