[2025-05-26T18:41:16.928+0000] {processor.py:161} INFO - Started process (PID=193) to work on /opt/airflow/dags/clientes_dag.py
[2025-05-26T18:41:16.930+0000] {processor.py:830} INFO - Processing file /opt/airflow/dags/clientes_dag.py for tasks to queue
[2025-05-26T18:41:16.934+0000] {logging_mixin.py:188} INFO - [2025-05-26T18:41:16.933+0000] {dagbag.py:540} INFO - Filling up the DagBag from /opt/airflow/dags/clientes_dag.py
[2025-05-26T18:41:22.391+0000] {logging_mixin.py:188} WARNING - /opt/airflow/dags/clientes_dag.py:10 RemovedInAirflow3Warning: Param `schedule_interval` is deprecated and will be removed in a future release. Please use `schedule` instead.
[2025-05-26T18:41:22.397+0000] {processor.py:840} INFO - DAG(s) 'clientes_dag' retrieved from /opt/airflow/dags/clientes_dag.py
[2025-05-26T18:41:22.429+0000] {logging_mixin.py:188} INFO - [2025-05-26T18:41:22.428+0000] {dag.py:3096} INFO - Sync 1 DAGs
[2025-05-26T18:41:22.453+0000] {logging_mixin.py:188} INFO - [2025-05-26T18:41:22.453+0000] {dag.py:3954} INFO - Setting next_dagrun for clientes_dag to None, run_after=None
[2025-05-26T18:41:22.579+0000] {processor.py:183} INFO - Processing /opt/airflow/dags/clientes_dag.py took 5.659 seconds
[2025-05-26T18:41:52.790+0000] {processor.py:161} INFO - Started process (PID=207) to work on /opt/airflow/dags/clientes_dag.py
[2025-05-26T18:41:52.793+0000] {processor.py:830} INFO - Processing file /opt/airflow/dags/clientes_dag.py for tasks to queue
[2025-05-26T18:41:52.796+0000] {logging_mixin.py:188} INFO - [2025-05-26T18:41:52.795+0000] {dagbag.py:540} INFO - Filling up the DagBag from /opt/airflow/dags/clientes_dag.py
[2025-05-26T18:41:55.632+0000] {logging_mixin.py:188} WARNING - /opt/airflow/dags/clientes_dag.py:10 RemovedInAirflow3Warning: Param `schedule_interval` is deprecated and will be removed in a future release. Please use `schedule` instead.
[2025-05-26T18:41:55.666+0000] {processor.py:840} INFO - DAG(s) 'clientes_dag' retrieved from /opt/airflow/dags/clientes_dag.py
[2025-05-26T18:41:55.998+0000] {logging_mixin.py:188} INFO - [2025-05-26T18:41:55.997+0000] {dag.py:3096} INFO - Sync 1 DAGs
[2025-05-26T18:41:56.011+0000] {logging_mixin.py:188} INFO - [2025-05-26T18:41:56.011+0000] {dag.py:3954} INFO - Setting next_dagrun for clientes_dag to None, run_after=None
[2025-05-26T18:41:56.041+0000] {processor.py:183} INFO - Processing /opt/airflow/dags/clientes_dag.py took 3.272 seconds
[2025-05-26T18:42:26.243+0000] {processor.py:161} INFO - Started process (PID=221) to work on /opt/airflow/dags/clientes_dag.py
[2025-05-26T18:42:26.245+0000] {processor.py:830} INFO - Processing file /opt/airflow/dags/clientes_dag.py for tasks to queue
[2025-05-26T18:42:26.248+0000] {logging_mixin.py:188} INFO - [2025-05-26T18:42:26.247+0000] {dagbag.py:540} INFO - Filling up the DagBag from /opt/airflow/dags/clientes_dag.py
[2025-05-26T18:42:29.107+0000] {logging_mixin.py:188} WARNING - /opt/airflow/dags/clientes_dag.py:10 RemovedInAirflow3Warning: Param `schedule_interval` is deprecated and will be removed in a future release. Please use `schedule` instead.
[2025-05-26T18:42:29.112+0000] {processor.py:840} INFO - DAG(s) 'clientes_dag' retrieved from /opt/airflow/dags/clientes_dag.py
[2025-05-26T18:42:29.134+0000] {logging_mixin.py:188} INFO - [2025-05-26T18:42:29.134+0000] {dag.py:3096} INFO - Sync 1 DAGs
[2025-05-26T18:42:29.147+0000] {logging_mixin.py:188} INFO - [2025-05-26T18:42:29.146+0000] {dag.py:3954} INFO - Setting next_dagrun for clientes_dag to None, run_after=None
[2025-05-26T18:42:29.179+0000] {processor.py:183} INFO - Processing /opt/airflow/dags/clientes_dag.py took 2.945 seconds
[2025-05-26T18:42:59.413+0000] {processor.py:161} INFO - Started process (PID=235) to work on /opt/airflow/dags/clientes_dag.py
[2025-05-26T18:42:59.415+0000] {processor.py:830} INFO - Processing file /opt/airflow/dags/clientes_dag.py for tasks to queue
[2025-05-26T18:42:59.419+0000] {logging_mixin.py:188} INFO - [2025-05-26T18:42:59.418+0000] {dagbag.py:540} INFO - Filling up the DagBag from /opt/airflow/dags/clientes_dag.py
[2025-05-26T18:43:02.408+0000] {logging_mixin.py:188} WARNING - /opt/airflow/dags/clientes_dag.py:10 RemovedInAirflow3Warning: Param `schedule_interval` is deprecated and will be removed in a future release. Please use `schedule` instead.
[2025-05-26T18:43:02.413+0000] {processor.py:840} INFO - DAG(s) 'clientes_dag' retrieved from /opt/airflow/dags/clientes_dag.py
[2025-05-26T18:43:02.433+0000] {logging_mixin.py:188} INFO - [2025-05-26T18:43:02.432+0000] {dag.py:3096} INFO - Sync 1 DAGs
[2025-05-26T18:43:02.446+0000] {logging_mixin.py:188} INFO - [2025-05-26T18:43:02.446+0000] {dag.py:3954} INFO - Setting next_dagrun for clientes_dag to None, run_after=None
[2025-05-26T18:43:02.463+0000] {processor.py:183} INFO - Processing /opt/airflow/dags/clientes_dag.py took 3.061 seconds
[2025-05-26T18:43:32.612+0000] {processor.py:161} INFO - Started process (PID=249) to work on /opt/airflow/dags/clientes_dag.py
[2025-05-26T18:43:32.615+0000] {processor.py:830} INFO - Processing file /opt/airflow/dags/clientes_dag.py for tasks to queue
[2025-05-26T18:43:32.619+0000] {logging_mixin.py:188} INFO - [2025-05-26T18:43:32.618+0000] {dagbag.py:540} INFO - Filling up the DagBag from /opt/airflow/dags/clientes_dag.py
[2025-05-26T18:43:35.449+0000] {logging_mixin.py:188} WARNING - /opt/airflow/dags/clientes_dag.py:10 RemovedInAirflow3Warning: Param `schedule_interval` is deprecated and will be removed in a future release. Please use `schedule` instead.
[2025-05-26T18:43:35.454+0000] {processor.py:840} INFO - DAG(s) 'clientes_dag' retrieved from /opt/airflow/dags/clientes_dag.py
[2025-05-26T18:43:35.485+0000] {logging_mixin.py:188} INFO - [2025-05-26T18:43:35.484+0000] {dag.py:3096} INFO - Sync 1 DAGs
[2025-05-26T18:43:35.508+0000] {logging_mixin.py:188} INFO - [2025-05-26T18:43:35.508+0000] {dag.py:3954} INFO - Setting next_dagrun for clientes_dag to None, run_after=None
[2025-05-26T18:43:35.539+0000] {processor.py:183} INFO - Processing /opt/airflow/dags/clientes_dag.py took 2.943 seconds
[2025-05-26T18:44:05.767+0000] {processor.py:161} INFO - Started process (PID=263) to work on /opt/airflow/dags/clientes_dag.py
[2025-05-26T18:44:05.769+0000] {processor.py:830} INFO - Processing file /opt/airflow/dags/clientes_dag.py for tasks to queue
[2025-05-26T18:44:05.775+0000] {logging_mixin.py:188} INFO - [2025-05-26T18:44:05.774+0000] {dagbag.py:540} INFO - Filling up the DagBag from /opt/airflow/dags/clientes_dag.py
[2025-05-26T18:44:08.550+0000] {logging_mixin.py:188} WARNING - /opt/airflow/dags/clientes_dag.py:10 RemovedInAirflow3Warning: Param `schedule_interval` is deprecated and will be removed in a future release. Please use `schedule` instead.
[2025-05-26T18:44:08.558+0000] {processor.py:840} INFO - DAG(s) 'clientes_dag' retrieved from /opt/airflow/dags/clientes_dag.py
[2025-05-26T18:44:08.588+0000] {logging_mixin.py:188} INFO - [2025-05-26T18:44:08.587+0000] {dag.py:3096} INFO - Sync 1 DAGs
[2025-05-26T18:44:08.605+0000] {logging_mixin.py:188} INFO - [2025-05-26T18:44:08.604+0000] {dag.py:3954} INFO - Setting next_dagrun for clientes_dag to None, run_after=None
[2025-05-26T18:44:08.635+0000] {processor.py:183} INFO - Processing /opt/airflow/dags/clientes_dag.py took 2.880 seconds
[2025-05-26T18:44:38.868+0000] {processor.py:161} INFO - Started process (PID=277) to work on /opt/airflow/dags/clientes_dag.py
[2025-05-26T18:44:38.870+0000] {processor.py:830} INFO - Processing file /opt/airflow/dags/clientes_dag.py for tasks to queue
[2025-05-26T18:44:38.874+0000] {logging_mixin.py:188} INFO - [2025-05-26T18:44:38.873+0000] {dagbag.py:540} INFO - Filling up the DagBag from /opt/airflow/dags/clientes_dag.py
[2025-05-26T18:44:41.827+0000] {logging_mixin.py:188} WARNING - /opt/airflow/dags/clientes_dag.py:10 RemovedInAirflow3Warning: Param `schedule_interval` is deprecated and will be removed in a future release. Please use `schedule` instead.
[2025-05-26T18:44:41.833+0000] {processor.py:840} INFO - DAG(s) 'clientes_dag' retrieved from /opt/airflow/dags/clientes_dag.py
[2025-05-26T18:44:41.870+0000] {logging_mixin.py:188} INFO - [2025-05-26T18:44:41.869+0000] {dag.py:3096} INFO - Sync 1 DAGs
[2025-05-26T18:44:41.889+0000] {logging_mixin.py:188} INFO - [2025-05-26T18:44:41.888+0000] {dag.py:3954} INFO - Setting next_dagrun for clientes_dag to None, run_after=None
[2025-05-26T18:44:41.908+0000] {processor.py:183} INFO - Processing /opt/airflow/dags/clientes_dag.py took 3.049 seconds
[2025-05-26T18:45:12.205+0000] {processor.py:161} INFO - Started process (PID=291) to work on /opt/airflow/dags/clientes_dag.py
[2025-05-26T18:45:12.206+0000] {processor.py:830} INFO - Processing file /opt/airflow/dags/clientes_dag.py for tasks to queue
[2025-05-26T18:45:12.208+0000] {logging_mixin.py:188} INFO - [2025-05-26T18:45:12.208+0000] {dagbag.py:540} INFO - Filling up the DagBag from /opt/airflow/dags/clientes_dag.py
[2025-05-26T18:45:15.218+0000] {logging_mixin.py:188} WARNING - /opt/airflow/dags/clientes_dag.py:10 RemovedInAirflow3Warning: Param `schedule_interval` is deprecated and will be removed in a future release. Please use `schedule` instead.
[2025-05-26T18:45:15.226+0000] {processor.py:840} INFO - DAG(s) 'clientes_dag' retrieved from /opt/airflow/dags/clientes_dag.py
[2025-05-26T18:45:15.265+0000] {logging_mixin.py:188} INFO - [2025-05-26T18:45:15.264+0000] {dag.py:3096} INFO - Sync 1 DAGs
[2025-05-26T18:45:15.279+0000] {logging_mixin.py:188} INFO - [2025-05-26T18:45:15.279+0000] {dag.py:3954} INFO - Setting next_dagrun for clientes_dag to None, run_after=None
[2025-05-26T18:45:15.300+0000] {processor.py:183} INFO - Processing /opt/airflow/dags/clientes_dag.py took 3.103 seconds
[2025-05-26T18:45:45.427+0000] {processor.py:161} INFO - Started process (PID=305) to work on /opt/airflow/dags/clientes_dag.py
[2025-05-26T18:45:45.439+0000] {processor.py:830} INFO - Processing file /opt/airflow/dags/clientes_dag.py for tasks to queue
[2025-05-26T18:45:45.442+0000] {logging_mixin.py:188} INFO - [2025-05-26T18:45:45.441+0000] {dagbag.py:540} INFO - Filling up the DagBag from /opt/airflow/dags/clientes_dag.py
[2025-05-26T18:45:48.558+0000] {logging_mixin.py:188} WARNING - /opt/airflow/dags/clientes_dag.py:10 RemovedInAirflow3Warning: Param `schedule_interval` is deprecated and will be removed in a future release. Please use `schedule` instead.
[2025-05-26T18:45:48.573+0000] {processor.py:840} INFO - DAG(s) 'clientes_dag' retrieved from /opt/airflow/dags/clientes_dag.py
[2025-05-26T18:45:48.662+0000] {logging_mixin.py:188} INFO - [2025-05-26T18:45:48.660+0000] {dag.py:3096} INFO - Sync 1 DAGs
[2025-05-26T18:45:48.702+0000] {logging_mixin.py:188} INFO - [2025-05-26T18:45:48.701+0000] {dag.py:3954} INFO - Setting next_dagrun for clientes_dag to None, run_after=None
[2025-05-26T18:45:48.759+0000] {processor.py:183} INFO - Processing /opt/airflow/dags/clientes_dag.py took 3.339 seconds
[2025-05-26T18:46:18.971+0000] {processor.py:161} INFO - Started process (PID=319) to work on /opt/airflow/dags/clientes_dag.py
[2025-05-26T18:46:18.973+0000] {processor.py:830} INFO - Processing file /opt/airflow/dags/clientes_dag.py for tasks to queue
[2025-05-26T18:46:18.976+0000] {logging_mixin.py:188} INFO - [2025-05-26T18:46:18.976+0000] {dagbag.py:540} INFO - Filling up the DagBag from /opt/airflow/dags/clientes_dag.py
[2025-05-26T18:46:21.868+0000] {logging_mixin.py:188} WARNING - /opt/airflow/dags/clientes_dag.py:10 RemovedInAirflow3Warning: Param `schedule_interval` is deprecated and will be removed in a future release. Please use `schedule` instead.
[2025-05-26T18:46:21.876+0000] {processor.py:840} INFO - DAG(s) 'clientes_dag' retrieved from /opt/airflow/dags/clientes_dag.py
[2025-05-26T18:46:21.905+0000] {logging_mixin.py:188} INFO - [2025-05-26T18:46:21.904+0000] {dag.py:3096} INFO - Sync 1 DAGs
[2025-05-26T18:46:21.923+0000] {logging_mixin.py:188} INFO - [2025-05-26T18:46:21.923+0000] {dag.py:3954} INFO - Setting next_dagrun for clientes_dag to None, run_after=None
[2025-05-26T18:46:21.948+0000] {processor.py:183} INFO - Processing /opt/airflow/dags/clientes_dag.py took 2.986 seconds
[2025-05-26T18:46:52.149+0000] {processor.py:161} INFO - Started process (PID=333) to work on /opt/airflow/dags/clientes_dag.py
[2025-05-26T18:46:52.150+0000] {processor.py:830} INFO - Processing file /opt/airflow/dags/clientes_dag.py for tasks to queue
[2025-05-26T18:46:52.153+0000] {logging_mixin.py:188} INFO - [2025-05-26T18:46:52.153+0000] {dagbag.py:540} INFO - Filling up the DagBag from /opt/airflow/dags/clientes_dag.py
[2025-05-26T18:46:54.944+0000] {logging_mixin.py:188} WARNING - /opt/airflow/dags/clientes_dag.py:10 RemovedInAirflow3Warning: Param `schedule_interval` is deprecated and will be removed in a future release. Please use `schedule` instead.
[2025-05-26T18:46:54.949+0000] {processor.py:840} INFO - DAG(s) 'clientes_dag' retrieved from /opt/airflow/dags/clientes_dag.py
[2025-05-26T18:46:54.969+0000] {logging_mixin.py:188} INFO - [2025-05-26T18:46:54.969+0000] {dag.py:3096} INFO - Sync 1 DAGs
[2025-05-26T18:46:54.985+0000] {logging_mixin.py:188} INFO - [2025-05-26T18:46:54.985+0000] {dag.py:3954} INFO - Setting next_dagrun for clientes_dag to None, run_after=None
[2025-05-26T18:46:55.005+0000] {processor.py:183} INFO - Processing /opt/airflow/dags/clientes_dag.py took 2.865 seconds
[2025-05-26T18:47:25.260+0000] {processor.py:161} INFO - Started process (PID=347) to work on /opt/airflow/dags/clientes_dag.py
[2025-05-26T18:47:25.262+0000] {processor.py:830} INFO - Processing file /opt/airflow/dags/clientes_dag.py for tasks to queue
[2025-05-26T18:47:25.266+0000] {logging_mixin.py:188} INFO - [2025-05-26T18:47:25.266+0000] {dagbag.py:540} INFO - Filling up the DagBag from /opt/airflow/dags/clientes_dag.py
[2025-05-26T18:47:28.011+0000] {logging_mixin.py:188} WARNING - /opt/airflow/dags/clientes_dag.py:10 RemovedInAirflow3Warning: Param `schedule_interval` is deprecated and will be removed in a future release. Please use `schedule` instead.
[2025-05-26T18:47:28.016+0000] {processor.py:840} INFO - DAG(s) 'clientes_dag' retrieved from /opt/airflow/dags/clientes_dag.py
[2025-05-26T18:47:28.051+0000] {logging_mixin.py:188} INFO - [2025-05-26T18:47:28.050+0000] {dag.py:3096} INFO - Sync 1 DAGs
[2025-05-26T18:47:28.064+0000] {logging_mixin.py:188} INFO - [2025-05-26T18:47:28.064+0000] {dag.py:3954} INFO - Setting next_dagrun for clientes_dag to None, run_after=None
[2025-05-26T18:47:28.101+0000] {processor.py:183} INFO - Processing /opt/airflow/dags/clientes_dag.py took 2.851 seconds
[2025-05-26T18:47:58.329+0000] {processor.py:161} INFO - Started process (PID=361) to work on /opt/airflow/dags/clientes_dag.py
[2025-05-26T18:47:58.331+0000] {processor.py:830} INFO - Processing file /opt/airflow/dags/clientes_dag.py for tasks to queue
[2025-05-26T18:47:58.336+0000] {logging_mixin.py:188} INFO - [2025-05-26T18:47:58.335+0000] {dagbag.py:540} INFO - Filling up the DagBag from /opt/airflow/dags/clientes_dag.py
[2025-05-26T18:48:01.551+0000] {logging_mixin.py:188} WARNING - /opt/airflow/dags/clientes_dag.py:10 RemovedInAirflow3Warning: Param `schedule_interval` is deprecated and will be removed in a future release. Please use `schedule` instead.
[2025-05-26T18:48:01.557+0000] {processor.py:840} INFO - DAG(s) 'clientes_dag' retrieved from /opt/airflow/dags/clientes_dag.py
[2025-05-26T18:48:01.579+0000] {logging_mixin.py:188} INFO - [2025-05-26T18:48:01.578+0000] {dag.py:3096} INFO - Sync 1 DAGs
[2025-05-26T18:48:01.591+0000] {logging_mixin.py:188} INFO - [2025-05-26T18:48:01.590+0000] {dag.py:3954} INFO - Setting next_dagrun for clientes_dag to None, run_after=None
[2025-05-26T18:48:01.614+0000] {processor.py:183} INFO - Processing /opt/airflow/dags/clientes_dag.py took 3.296 seconds
[2025-05-26T18:48:31.702+0000] {processor.py:161} INFO - Started process (PID=375) to work on /opt/airflow/dags/clientes_dag.py
[2025-05-26T18:48:31.703+0000] {processor.py:830} INFO - Processing file /opt/airflow/dags/clientes_dag.py for tasks to queue
[2025-05-26T18:48:31.705+0000] {logging_mixin.py:188} INFO - [2025-05-26T18:48:31.705+0000] {dagbag.py:540} INFO - Filling up the DagBag from /opt/airflow/dags/clientes_dag.py
[2025-05-26T18:48:34.477+0000] {logging_mixin.py:188} WARNING - /opt/airflow/dags/clientes_dag.py:10 RemovedInAirflow3Warning: Param `schedule_interval` is deprecated and will be removed in a future release. Please use `schedule` instead.
[2025-05-26T18:48:34.482+0000] {processor.py:840} INFO - DAG(s) 'clientes_dag' retrieved from /opt/airflow/dags/clientes_dag.py
[2025-05-26T18:48:34.503+0000] {logging_mixin.py:188} INFO - [2025-05-26T18:48:34.502+0000] {dag.py:3096} INFO - Sync 1 DAGs
[2025-05-26T18:48:34.514+0000] {logging_mixin.py:188} INFO - [2025-05-26T18:48:34.514+0000] {dag.py:3954} INFO - Setting next_dagrun for clientes_dag to None, run_after=None
[2025-05-26T18:48:34.532+0000] {processor.py:183} INFO - Processing /opt/airflow/dags/clientes_dag.py took 2.836 seconds
[2025-05-26T18:49:04.731+0000] {processor.py:161} INFO - Started process (PID=389) to work on /opt/airflow/dags/clientes_dag.py
[2025-05-26T18:49:04.733+0000] {processor.py:830} INFO - Processing file /opt/airflow/dags/clientes_dag.py for tasks to queue
[2025-05-26T18:49:04.736+0000] {logging_mixin.py:188} INFO - [2025-05-26T18:49:04.736+0000] {dagbag.py:540} INFO - Filling up the DagBag from /opt/airflow/dags/clientes_dag.py
[2025-05-26T18:49:07.697+0000] {logging_mixin.py:188} WARNING - /opt/airflow/dags/clientes_dag.py:10 RemovedInAirflow3Warning: Param `schedule_interval` is deprecated and will be removed in a future release. Please use `schedule` instead.
[2025-05-26T18:49:07.702+0000] {processor.py:840} INFO - DAG(s) 'clientes_dag' retrieved from /opt/airflow/dags/clientes_dag.py
[2025-05-26T18:49:07.735+0000] {logging_mixin.py:188} INFO - [2025-05-26T18:49:07.735+0000] {dag.py:3096} INFO - Sync 1 DAGs
[2025-05-26T18:49:07.746+0000] {logging_mixin.py:188} INFO - [2025-05-26T18:49:07.746+0000] {dag.py:3954} INFO - Setting next_dagrun for clientes_dag to None, run_after=None
[2025-05-26T18:49:07.765+0000] {processor.py:183} INFO - Processing /opt/airflow/dags/clientes_dag.py took 3.040 seconds
[2025-05-26T18:49:37.962+0000] {processor.py:161} INFO - Started process (PID=403) to work on /opt/airflow/dags/clientes_dag.py
[2025-05-26T18:49:37.963+0000] {processor.py:830} INFO - Processing file /opt/airflow/dags/clientes_dag.py for tasks to queue
[2025-05-26T18:49:37.966+0000] {logging_mixin.py:188} INFO - [2025-05-26T18:49:37.965+0000] {dagbag.py:540} INFO - Filling up the DagBag from /opt/airflow/dags/clientes_dag.py
[2025-05-26T18:49:41.148+0000] {logging_mixin.py:188} WARNING - /opt/airflow/dags/clientes_dag.py:10 RemovedInAirflow3Warning: Param `schedule_interval` is deprecated and will be removed in a future release. Please use `schedule` instead.
[2025-05-26T18:49:41.153+0000] {processor.py:840} INFO - DAG(s) 'clientes_dag' retrieved from /opt/airflow/dags/clientes_dag.py
[2025-05-26T18:49:41.185+0000] {logging_mixin.py:188} INFO - [2025-05-26T18:49:41.184+0000] {dag.py:3096} INFO - Sync 1 DAGs
[2025-05-26T18:49:41.200+0000] {logging_mixin.py:188} INFO - [2025-05-26T18:49:41.199+0000] {dag.py:3954} INFO - Setting next_dagrun for clientes_dag to None, run_after=None
[2025-05-26T18:49:41.228+0000] {processor.py:183} INFO - Processing /opt/airflow/dags/clientes_dag.py took 3.273 seconds
[2025-05-26T18:50:11.432+0000] {processor.py:161} INFO - Started process (PID=417) to work on /opt/airflow/dags/clientes_dag.py
[2025-05-26T18:50:11.434+0000] {processor.py:830} INFO - Processing file /opt/airflow/dags/clientes_dag.py for tasks to queue
[2025-05-26T18:50:11.439+0000] {logging_mixin.py:188} INFO - [2025-05-26T18:50:11.438+0000] {dagbag.py:540} INFO - Filling up the DagBag from /opt/airflow/dags/clientes_dag.py
[2025-05-26T18:50:14.226+0000] {logging_mixin.py:188} WARNING - /opt/airflow/dags/clientes_dag.py:10 RemovedInAirflow3Warning: Param `schedule_interval` is deprecated and will be removed in a future release. Please use `schedule` instead.
[2025-05-26T18:50:14.230+0000] {processor.py:840} INFO - DAG(s) 'clientes_dag' retrieved from /opt/airflow/dags/clientes_dag.py
[2025-05-26T18:50:14.251+0000] {logging_mixin.py:188} INFO - [2025-05-26T18:50:14.251+0000] {dag.py:3096} INFO - Sync 1 DAGs
[2025-05-26T18:50:14.264+0000] {logging_mixin.py:188} INFO - [2025-05-26T18:50:14.264+0000] {dag.py:3954} INFO - Setting next_dagrun for clientes_dag to None, run_after=None
[2025-05-26T18:50:14.288+0000] {processor.py:183} INFO - Processing /opt/airflow/dags/clientes_dag.py took 2.869 seconds
[2025-05-26T18:50:44.347+0000] {processor.py:161} INFO - Started process (PID=431) to work on /opt/airflow/dags/clientes_dag.py
[2025-05-26T18:50:44.348+0000] {processor.py:830} INFO - Processing file /opt/airflow/dags/clientes_dag.py for tasks to queue
[2025-05-26T18:50:44.351+0000] {logging_mixin.py:188} INFO - [2025-05-26T18:50:44.351+0000] {dagbag.py:540} INFO - Filling up the DagBag from /opt/airflow/dags/clientes_dag.py
[2025-05-26T18:50:47.886+0000] {logging_mixin.py:188} WARNING - /opt/airflow/dags/clientes_dag.py:10 RemovedInAirflow3Warning: Param `schedule_interval` is deprecated and will be removed in a future release. Please use `schedule` instead.
[2025-05-26T18:50:47.891+0000] {processor.py:840} INFO - DAG(s) 'clientes_dag' retrieved from /opt/airflow/dags/clientes_dag.py
[2025-05-26T18:50:47.925+0000] {logging_mixin.py:188} INFO - [2025-05-26T18:50:47.924+0000] {dag.py:3096} INFO - Sync 1 DAGs
[2025-05-26T18:50:47.936+0000] {logging_mixin.py:188} INFO - [2025-05-26T18:50:47.936+0000] {dag.py:3954} INFO - Setting next_dagrun for clientes_dag to None, run_after=None
[2025-05-26T18:50:47.956+0000] {processor.py:183} INFO - Processing /opt/airflow/dags/clientes_dag.py took 3.617 seconds
[2025-05-26T18:51:18.184+0000] {processor.py:161} INFO - Started process (PID=445) to work on /opt/airflow/dags/clientes_dag.py
[2025-05-26T18:51:18.185+0000] {processor.py:830} INFO - Processing file /opt/airflow/dags/clientes_dag.py for tasks to queue
[2025-05-26T18:51:18.190+0000] {logging_mixin.py:188} INFO - [2025-05-26T18:51:18.189+0000] {dagbag.py:540} INFO - Filling up the DagBag from /opt/airflow/dags/clientes_dag.py
[2025-05-26T18:51:20.936+0000] {logging_mixin.py:188} WARNING - /opt/airflow/dags/clientes_dag.py:10 RemovedInAirflow3Warning: Param `schedule_interval` is deprecated and will be removed in a future release. Please use `schedule` instead.
[2025-05-26T18:51:20.940+0000] {processor.py:840} INFO - DAG(s) 'clientes_dag' retrieved from /opt/airflow/dags/clientes_dag.py
[2025-05-26T18:51:20.969+0000] {logging_mixin.py:188} INFO - [2025-05-26T18:51:20.969+0000] {dag.py:3096} INFO - Sync 1 DAGs
[2025-05-26T18:51:20.981+0000] {logging_mixin.py:188} INFO - [2025-05-26T18:51:20.980+0000] {dag.py:3954} INFO - Setting next_dagrun for clientes_dag to None, run_after=None
[2025-05-26T18:51:20.997+0000] {processor.py:183} INFO - Processing /opt/airflow/dags/clientes_dag.py took 2.825 seconds
[2025-05-26T18:51:51.179+0000] {processor.py:161} INFO - Started process (PID=459) to work on /opt/airflow/dags/clientes_dag.py
[2025-05-26T18:51:51.181+0000] {processor.py:830} INFO - Processing file /opt/airflow/dags/clientes_dag.py for tasks to queue
[2025-05-26T18:51:51.187+0000] {logging_mixin.py:188} INFO - [2025-05-26T18:51:51.186+0000] {dagbag.py:540} INFO - Filling up the DagBag from /opt/airflow/dags/clientes_dag.py
[2025-05-26T18:51:54.145+0000] {logging_mixin.py:188} WARNING - /opt/airflow/dags/clientes_dag.py:10 RemovedInAirflow3Warning: Param `schedule_interval` is deprecated and will be removed in a future release. Please use `schedule` instead.
[2025-05-26T18:51:54.150+0000] {processor.py:840} INFO - DAG(s) 'clientes_dag' retrieved from /opt/airflow/dags/clientes_dag.py
[2025-05-26T18:51:54.179+0000] {logging_mixin.py:188} INFO - [2025-05-26T18:51:54.178+0000] {dag.py:3096} INFO - Sync 1 DAGs
[2025-05-26T18:51:54.201+0000] {logging_mixin.py:188} INFO - [2025-05-26T18:51:54.200+0000] {dag.py:3954} INFO - Setting next_dagrun for clientes_dag to None, run_after=None
[2025-05-26T18:51:54.233+0000] {processor.py:183} INFO - Processing /opt/airflow/dags/clientes_dag.py took 3.067 seconds
[2025-05-26T18:52:24.427+0000] {processor.py:161} INFO - Started process (PID=473) to work on /opt/airflow/dags/clientes_dag.py
[2025-05-26T18:52:24.428+0000] {processor.py:830} INFO - Processing file /opt/airflow/dags/clientes_dag.py for tasks to queue
[2025-05-26T18:52:24.435+0000] {logging_mixin.py:188} INFO - [2025-05-26T18:52:24.434+0000] {dagbag.py:540} INFO - Filling up the DagBag from /opt/airflow/dags/clientes_dag.py
[2025-05-26T18:52:27.466+0000] {logging_mixin.py:188} WARNING - /opt/airflow/dags/clientes_dag.py:10 RemovedInAirflow3Warning: Param `schedule_interval` is deprecated and will be removed in a future release. Please use `schedule` instead.
[2025-05-26T18:52:27.472+0000] {processor.py:840} INFO - DAG(s) 'clientes_dag' retrieved from /opt/airflow/dags/clientes_dag.py
[2025-05-26T18:52:27.491+0000] {logging_mixin.py:188} INFO - [2025-05-26T18:52:27.490+0000] {dag.py:3096} INFO - Sync 1 DAGs
[2025-05-26T18:52:27.502+0000] {logging_mixin.py:188} INFO - [2025-05-26T18:52:27.502+0000] {dag.py:3954} INFO - Setting next_dagrun for clientes_dag to None, run_after=None
[2025-05-26T18:52:27.518+0000] {processor.py:183} INFO - Processing /opt/airflow/dags/clientes_dag.py took 3.099 seconds
[2025-05-26T18:52:57.599+0000] {processor.py:161} INFO - Started process (PID=487) to work on /opt/airflow/dags/clientes_dag.py
[2025-05-26T18:52:57.600+0000] {processor.py:830} INFO - Processing file /opt/airflow/dags/clientes_dag.py for tasks to queue
[2025-05-26T18:52:57.602+0000] {logging_mixin.py:188} INFO - [2025-05-26T18:52:57.602+0000] {dagbag.py:540} INFO - Filling up the DagBag from /opt/airflow/dags/clientes_dag.py
[2025-05-26T18:53:00.428+0000] {logging_mixin.py:188} WARNING - /opt/airflow/dags/clientes_dag.py:10 RemovedInAirflow3Warning: Param `schedule_interval` is deprecated and will be removed in a future release. Please use `schedule` instead.
[2025-05-26T18:53:00.432+0000] {processor.py:840} INFO - DAG(s) 'clientes_dag' retrieved from /opt/airflow/dags/clientes_dag.py
[2025-05-26T18:53:00.451+0000] {logging_mixin.py:188} INFO - [2025-05-26T18:53:00.451+0000] {dag.py:3096} INFO - Sync 1 DAGs
[2025-05-26T18:53:00.461+0000] {logging_mixin.py:188} INFO - [2025-05-26T18:53:00.461+0000] {dag.py:3954} INFO - Setting next_dagrun for clientes_dag to None, run_after=None
[2025-05-26T18:53:00.489+0000] {processor.py:183} INFO - Processing /opt/airflow/dags/clientes_dag.py took 2.899 seconds
[2025-05-26T18:53:30.722+0000] {processor.py:161} INFO - Started process (PID=501) to work on /opt/airflow/dags/clientes_dag.py
[2025-05-26T18:53:30.723+0000] {processor.py:830} INFO - Processing file /opt/airflow/dags/clientes_dag.py for tasks to queue
[2025-05-26T18:53:30.726+0000] {logging_mixin.py:188} INFO - [2025-05-26T18:53:30.725+0000] {dagbag.py:540} INFO - Filling up the DagBag from /opt/airflow/dags/clientes_dag.py
[2025-05-26T18:53:34.601+0000] {logging_mixin.py:188} WARNING - /opt/airflow/dags/clientes_dag.py:10 RemovedInAirflow3Warning: Param `schedule_interval` is deprecated and will be removed in a future release. Please use `schedule` instead.
[2025-05-26T18:53:34.610+0000] {processor.py:840} INFO - DAG(s) 'clientes_dag' retrieved from /opt/airflow/dags/clientes_dag.py
[2025-05-26T18:53:34.643+0000] {logging_mixin.py:188} INFO - [2025-05-26T18:53:34.642+0000] {dag.py:3096} INFO - Sync 1 DAGs
[2025-05-26T18:53:34.674+0000] {logging_mixin.py:188} INFO - [2025-05-26T18:53:34.673+0000] {dag.py:3954} INFO - Setting next_dagrun for clientes_dag to None, run_after=None
[2025-05-26T18:53:34.728+0000] {processor.py:183} INFO - Processing /opt/airflow/dags/clientes_dag.py took 4.013 seconds
[2025-05-26T18:54:04.952+0000] {processor.py:161} INFO - Started process (PID=515) to work on /opt/airflow/dags/clientes_dag.py
[2025-05-26T18:54:04.953+0000] {processor.py:830} INFO - Processing file /opt/airflow/dags/clientes_dag.py for tasks to queue
[2025-05-26T18:54:04.956+0000] {logging_mixin.py:188} INFO - [2025-05-26T18:54:04.956+0000] {dagbag.py:540} INFO - Filling up the DagBag from /opt/airflow/dags/clientes_dag.py
[2025-05-26T18:54:07.674+0000] {logging_mixin.py:188} WARNING - /opt/airflow/dags/clientes_dag.py:10 RemovedInAirflow3Warning: Param `schedule_interval` is deprecated and will be removed in a future release. Please use `schedule` instead.
[2025-05-26T18:54:07.678+0000] {processor.py:840} INFO - DAG(s) 'clientes_dag' retrieved from /opt/airflow/dags/clientes_dag.py
[2025-05-26T18:54:07.698+0000] {logging_mixin.py:188} INFO - [2025-05-26T18:54:07.698+0000] {dag.py:3096} INFO - Sync 1 DAGs
[2025-05-26T18:54:07.710+0000] {logging_mixin.py:188} INFO - [2025-05-26T18:54:07.709+0000] {dag.py:3954} INFO - Setting next_dagrun for clientes_dag to None, run_after=None
[2025-05-26T18:54:07.729+0000] {processor.py:183} INFO - Processing /opt/airflow/dags/clientes_dag.py took 2.785 seconds
[2025-05-26T18:54:37.941+0000] {processor.py:161} INFO - Started process (PID=529) to work on /opt/airflow/dags/clientes_dag.py
[2025-05-26T18:54:37.944+0000] {processor.py:830} INFO - Processing file /opt/airflow/dags/clientes_dag.py for tasks to queue
[2025-05-26T18:54:37.948+0000] {logging_mixin.py:188} INFO - [2025-05-26T18:54:37.947+0000] {dagbag.py:540} INFO - Filling up the DagBag from /opt/airflow/dags/clientes_dag.py
[2025-05-26T18:54:40.798+0000] {logging_mixin.py:188} WARNING - /opt/airflow/dags/clientes_dag.py:10 RemovedInAirflow3Warning: Param `schedule_interval` is deprecated and will be removed in a future release. Please use `schedule` instead.
[2025-05-26T18:54:40.803+0000] {processor.py:840} INFO - DAG(s) 'clientes_dag' retrieved from /opt/airflow/dags/clientes_dag.py
[2025-05-26T18:54:40.822+0000] {logging_mixin.py:188} INFO - [2025-05-26T18:54:40.821+0000] {dag.py:3096} INFO - Sync 1 DAGs
[2025-05-26T18:54:40.834+0000] {logging_mixin.py:188} INFO - [2025-05-26T18:54:40.833+0000] {dag.py:3954} INFO - Setting next_dagrun for clientes_dag to None, run_after=None
[2025-05-26T18:54:40.854+0000] {processor.py:183} INFO - Processing /opt/airflow/dags/clientes_dag.py took 2.924 seconds
[2025-05-26T18:55:11.062+0000] {processor.py:161} INFO - Started process (PID=543) to work on /opt/airflow/dags/clientes_dag.py
[2025-05-26T18:55:11.063+0000] {processor.py:830} INFO - Processing file /opt/airflow/dags/clientes_dag.py for tasks to queue
[2025-05-26T18:55:11.066+0000] {logging_mixin.py:188} INFO - [2025-05-26T18:55:11.065+0000] {dagbag.py:540} INFO - Filling up the DagBag from /opt/airflow/dags/clientes_dag.py
[2025-05-26T18:55:13.809+0000] {logging_mixin.py:188} WARNING - /opt/airflow/dags/clientes_dag.py:10 RemovedInAirflow3Warning: Param `schedule_interval` is deprecated and will be removed in a future release. Please use `schedule` instead.
[2025-05-26T18:55:13.814+0000] {processor.py:840} INFO - DAG(s) 'clientes_dag' retrieved from /opt/airflow/dags/clientes_dag.py
[2025-05-26T18:55:13.833+0000] {logging_mixin.py:188} INFO - [2025-05-26T18:55:13.833+0000] {dag.py:3096} INFO - Sync 1 DAGs
[2025-05-26T18:55:13.844+0000] {logging_mixin.py:188} INFO - [2025-05-26T18:55:13.844+0000] {dag.py:3954} INFO - Setting next_dagrun for clientes_dag to None, run_after=None
[2025-05-26T18:55:13.872+0000] {processor.py:183} INFO - Processing /opt/airflow/dags/clientes_dag.py took 2.821 seconds
[2025-05-26T18:55:44.112+0000] {processor.py:161} INFO - Started process (PID=557) to work on /opt/airflow/dags/clientes_dag.py
[2025-05-26T18:55:44.114+0000] {processor.py:830} INFO - Processing file /opt/airflow/dags/clientes_dag.py for tasks to queue
[2025-05-26T18:55:44.117+0000] {logging_mixin.py:188} INFO - [2025-05-26T18:55:44.117+0000] {dagbag.py:540} INFO - Filling up the DagBag from /opt/airflow/dags/clientes_dag.py
[2025-05-26T18:55:46.982+0000] {logging_mixin.py:188} WARNING - /opt/airflow/dags/clientes_dag.py:10 RemovedInAirflow3Warning: Param `schedule_interval` is deprecated and will be removed in a future release. Please use `schedule` instead.
[2025-05-26T18:55:46.987+0000] {processor.py:840} INFO - DAG(s) 'clientes_dag' retrieved from /opt/airflow/dags/clientes_dag.py
[2025-05-26T18:55:47.008+0000] {logging_mixin.py:188} INFO - [2025-05-26T18:55:47.007+0000] {dag.py:3096} INFO - Sync 1 DAGs
[2025-05-26T18:55:47.022+0000] {logging_mixin.py:188} INFO - [2025-05-26T18:55:47.022+0000] {dag.py:3954} INFO - Setting next_dagrun for clientes_dag to None, run_after=None
[2025-05-26T18:55:47.058+0000] {processor.py:183} INFO - Processing /opt/airflow/dags/clientes_dag.py took 2.956 seconds
[2025-05-26T18:56:17.292+0000] {processor.py:161} INFO - Started process (PID=571) to work on /opt/airflow/dags/clientes_dag.py
[2025-05-26T18:56:17.293+0000] {processor.py:830} INFO - Processing file /opt/airflow/dags/clientes_dag.py for tasks to queue
[2025-05-26T18:56:17.296+0000] {logging_mixin.py:188} INFO - [2025-05-26T18:56:17.296+0000] {dagbag.py:540} INFO - Filling up the DagBag from /opt/airflow/dags/clientes_dag.py
[2025-05-26T18:56:21.396+0000] {logging_mixin.py:188} WARNING - /opt/airflow/dags/clientes_dag.py:10 RemovedInAirflow3Warning: Param `schedule_interval` is deprecated and will be removed in a future release. Please use `schedule` instead.
[2025-05-26T18:56:21.400+0000] {processor.py:840} INFO - DAG(s) 'clientes_dag' retrieved from /opt/airflow/dags/clientes_dag.py
[2025-05-26T18:56:21.421+0000] {logging_mixin.py:188} INFO - [2025-05-26T18:56:21.420+0000] {dag.py:3096} INFO - Sync 1 DAGs
[2025-05-26T18:56:21.433+0000] {logging_mixin.py:188} INFO - [2025-05-26T18:56:21.433+0000] {dag.py:3954} INFO - Setting next_dagrun for clientes_dag to None, run_after=None
[2025-05-26T18:56:21.468+0000] {processor.py:183} INFO - Processing /opt/airflow/dags/clientes_dag.py took 4.185 seconds
[2025-05-26T18:56:51.595+0000] {processor.py:161} INFO - Started process (PID=585) to work on /opt/airflow/dags/clientes_dag.py
[2025-05-26T18:56:51.596+0000] {processor.py:830} INFO - Processing file /opt/airflow/dags/clientes_dag.py for tasks to queue
[2025-05-26T18:56:51.601+0000] {logging_mixin.py:188} INFO - [2025-05-26T18:56:51.600+0000] {dagbag.py:540} INFO - Filling up the DagBag from /opt/airflow/dags/clientes_dag.py
[2025-05-26T18:56:54.977+0000] {logging_mixin.py:188} WARNING - /opt/airflow/dags/clientes_dag.py:10 RemovedInAirflow3Warning: Param `schedule_interval` is deprecated and will be removed in a future release. Please use `schedule` instead.
[2025-05-26T18:56:54.982+0000] {processor.py:840} INFO - DAG(s) 'clientes_dag' retrieved from /opt/airflow/dags/clientes_dag.py
[2025-05-26T18:56:55.007+0000] {logging_mixin.py:188} INFO - [2025-05-26T18:56:55.006+0000] {dag.py:3096} INFO - Sync 1 DAGs
[2025-05-26T18:56:55.020+0000] {logging_mixin.py:188} INFO - [2025-05-26T18:56:55.019+0000] {dag.py:3954} INFO - Setting next_dagrun for clientes_dag to None, run_after=None
[2025-05-26T18:56:55.046+0000] {processor.py:183} INFO - Processing /opt/airflow/dags/clientes_dag.py took 3.465 seconds
[2025-05-26T18:57:25.291+0000] {processor.py:161} INFO - Started process (PID=599) to work on /opt/airflow/dags/clientes_dag.py
[2025-05-26T18:57:25.292+0000] {processor.py:830} INFO - Processing file /opt/airflow/dags/clientes_dag.py for tasks to queue
[2025-05-26T18:57:25.295+0000] {logging_mixin.py:188} INFO - [2025-05-26T18:57:25.295+0000] {dagbag.py:540} INFO - Filling up the DagBag from /opt/airflow/dags/clientes_dag.py
[2025-05-26T18:57:29.447+0000] {logging_mixin.py:188} WARNING - /opt/airflow/dags/clientes_dag.py:10 RemovedInAirflow3Warning: Param `schedule_interval` is deprecated and will be removed in a future release. Please use `schedule` instead.
[2025-05-26T18:57:29.464+0000] {processor.py:840} INFO - DAG(s) 'clientes_dag' retrieved from /opt/airflow/dags/clientes_dag.py
[2025-05-26T18:57:29.533+0000] {logging_mixin.py:188} INFO - [2025-05-26T18:57:29.532+0000] {dag.py:3096} INFO - Sync 1 DAGs
[2025-05-26T18:57:29.561+0000] {logging_mixin.py:188} INFO - [2025-05-26T18:57:29.560+0000] {dag.py:3954} INFO - Setting next_dagrun for clientes_dag to None, run_after=None
[2025-05-26T18:57:29.616+0000] {processor.py:183} INFO - Processing /opt/airflow/dags/clientes_dag.py took 4.332 seconds
[2025-05-26T18:57:59.835+0000] {processor.py:161} INFO - Started process (PID=613) to work on /opt/airflow/dags/clientes_dag.py
[2025-05-26T18:57:59.838+0000] {processor.py:830} INFO - Processing file /opt/airflow/dags/clientes_dag.py for tasks to queue
[2025-05-26T18:57:59.841+0000] {logging_mixin.py:188} INFO - [2025-05-26T18:57:59.840+0000] {dagbag.py:540} INFO - Filling up the DagBag from /opt/airflow/dags/clientes_dag.py
[2025-05-26T18:58:03.445+0000] {logging_mixin.py:188} WARNING - /opt/airflow/dags/clientes_dag.py:10 RemovedInAirflow3Warning: Param `schedule_interval` is deprecated and will be removed in a future release. Please use `schedule` instead.
[2025-05-26T18:58:03.450+0000] {processor.py:840} INFO - DAG(s) 'clientes_dag' retrieved from /opt/airflow/dags/clientes_dag.py
[2025-05-26T18:58:03.479+0000] {logging_mixin.py:188} INFO - [2025-05-26T18:58:03.478+0000] {dag.py:3096} INFO - Sync 1 DAGs
[2025-05-26T18:58:03.491+0000] {logging_mixin.py:188} INFO - [2025-05-26T18:58:03.491+0000] {dag.py:3954} INFO - Setting next_dagrun for clientes_dag to None, run_after=None
[2025-05-26T18:58:03.520+0000] {processor.py:183} INFO - Processing /opt/airflow/dags/clientes_dag.py took 3.694 seconds
[2025-05-26T18:58:33.736+0000] {processor.py:161} INFO - Started process (PID=627) to work on /opt/airflow/dags/clientes_dag.py
[2025-05-26T18:58:33.737+0000] {processor.py:830} INFO - Processing file /opt/airflow/dags/clientes_dag.py for tasks to queue
[2025-05-26T18:58:33.740+0000] {logging_mixin.py:188} INFO - [2025-05-26T18:58:33.740+0000] {dagbag.py:540} INFO - Filling up the DagBag from /opt/airflow/dags/clientes_dag.py
[2025-05-26T18:58:36.346+0000] {logging_mixin.py:188} WARNING - /opt/airflow/dags/clientes_dag.py:10 RemovedInAirflow3Warning: Param `schedule_interval` is deprecated and will be removed in a future release. Please use `schedule` instead.
[2025-05-26T18:58:36.354+0000] {processor.py:840} INFO - DAG(s) 'clientes_dag' retrieved from /opt/airflow/dags/clientes_dag.py
[2025-05-26T18:58:36.373+0000] {logging_mixin.py:188} INFO - [2025-05-26T18:58:36.372+0000] {dag.py:3096} INFO - Sync 1 DAGs
[2025-05-26T18:58:36.383+0000] {logging_mixin.py:188} INFO - [2025-05-26T18:58:36.383+0000] {dag.py:3954} INFO - Setting next_dagrun for clientes_dag to None, run_after=None
[2025-05-26T18:58:36.399+0000] {processor.py:183} INFO - Processing /opt/airflow/dags/clientes_dag.py took 2.669 seconds
[2025-05-26T18:59:06.601+0000] {processor.py:161} INFO - Started process (PID=641) to work on /opt/airflow/dags/clientes_dag.py
[2025-05-26T18:59:06.602+0000] {processor.py:830} INFO - Processing file /opt/airflow/dags/clientes_dag.py for tasks to queue
[2025-05-26T18:59:06.606+0000] {logging_mixin.py:188} INFO - [2025-05-26T18:59:06.605+0000] {dagbag.py:540} INFO - Filling up the DagBag from /opt/airflow/dags/clientes_dag.py
[2025-05-26T18:59:09.472+0000] {logging_mixin.py:188} WARNING - /opt/airflow/dags/clientes_dag.py:10 RemovedInAirflow3Warning: Param `schedule_interval` is deprecated and will be removed in a future release. Please use `schedule` instead.
[2025-05-26T18:59:09.477+0000] {processor.py:840} INFO - DAG(s) 'clientes_dag' retrieved from /opt/airflow/dags/clientes_dag.py
[2025-05-26T18:59:09.507+0000] {logging_mixin.py:188} INFO - [2025-05-26T18:59:09.506+0000] {dag.py:3096} INFO - Sync 1 DAGs
[2025-05-26T18:59:09.521+0000] {logging_mixin.py:188} INFO - [2025-05-26T18:59:09.521+0000] {dag.py:3954} INFO - Setting next_dagrun for clientes_dag to None, run_after=None
[2025-05-26T18:59:09.541+0000] {processor.py:183} INFO - Processing /opt/airflow/dags/clientes_dag.py took 2.947 seconds
[2025-05-26T18:59:39.737+0000] {processor.py:161} INFO - Started process (PID=655) to work on /opt/airflow/dags/clientes_dag.py
[2025-05-26T18:59:39.738+0000] {processor.py:830} INFO - Processing file /opt/airflow/dags/clientes_dag.py for tasks to queue
[2025-05-26T18:59:39.740+0000] {logging_mixin.py:188} INFO - [2025-05-26T18:59:39.740+0000] {dagbag.py:540} INFO - Filling up the DagBag from /opt/airflow/dags/clientes_dag.py
[2025-05-26T18:59:42.738+0000] {logging_mixin.py:188} WARNING - /opt/airflow/dags/clientes_dag.py:10 RemovedInAirflow3Warning: Param `schedule_interval` is deprecated and will be removed in a future release. Please use `schedule` instead.
[2025-05-26T18:59:42.744+0000] {processor.py:840} INFO - DAG(s) 'clientes_dag' retrieved from /opt/airflow/dags/clientes_dag.py
[2025-05-26T18:59:42.775+0000] {logging_mixin.py:188} INFO - [2025-05-26T18:59:42.774+0000] {dag.py:3096} INFO - Sync 1 DAGs
[2025-05-26T18:59:42.786+0000] {logging_mixin.py:188} INFO - [2025-05-26T18:59:42.786+0000] {dag.py:3954} INFO - Setting next_dagrun for clientes_dag to None, run_after=None
[2025-05-26T18:59:42.803+0000] {processor.py:183} INFO - Processing /opt/airflow/dags/clientes_dag.py took 3.073 seconds
[2025-05-26T19:00:13.032+0000] {processor.py:161} INFO - Started process (PID=669) to work on /opt/airflow/dags/clientes_dag.py
[2025-05-26T19:00:13.038+0000] {processor.py:830} INFO - Processing file /opt/airflow/dags/clientes_dag.py for tasks to queue
[2025-05-26T19:00:13.044+0000] {logging_mixin.py:188} INFO - [2025-05-26T19:00:13.043+0000] {dagbag.py:540} INFO - Filling up the DagBag from /opt/airflow/dags/clientes_dag.py
[2025-05-26T19:00:17.509+0000] {logging_mixin.py:188} WARNING - /opt/airflow/dags/clientes_dag.py:10 RemovedInAirflow3Warning: Param `schedule_interval` is deprecated and will be removed in a future release. Please use `schedule` instead.
[2025-05-26T19:00:17.514+0000] {processor.py:840} INFO - DAG(s) 'clientes_dag' retrieved from /opt/airflow/dags/clientes_dag.py
[2025-05-26T19:00:17.539+0000] {logging_mixin.py:188} INFO - [2025-05-26T19:00:17.538+0000] {dag.py:3096} INFO - Sync 1 DAGs
[2025-05-26T19:00:17.554+0000] {logging_mixin.py:188} INFO - [2025-05-26T19:00:17.553+0000] {dag.py:3954} INFO - Setting next_dagrun for clientes_dag to None, run_after=None
[2025-05-26T19:00:17.574+0000] {processor.py:183} INFO - Processing /opt/airflow/dags/clientes_dag.py took 4.558 seconds
[2025-05-26T19:00:47.789+0000] {processor.py:161} INFO - Started process (PID=683) to work on /opt/airflow/dags/clientes_dag.py
[2025-05-26T19:00:47.791+0000] {processor.py:830} INFO - Processing file /opt/airflow/dags/clientes_dag.py for tasks to queue
[2025-05-26T19:00:47.795+0000] {logging_mixin.py:188} INFO - [2025-05-26T19:00:47.794+0000] {dagbag.py:540} INFO - Filling up the DagBag from /opt/airflow/dags/clientes_dag.py
[2025-05-26T19:00:51.211+0000] {logging_mixin.py:188} WARNING - /opt/airflow/dags/clientes_dag.py:10 RemovedInAirflow3Warning: Param `schedule_interval` is deprecated and will be removed in a future release. Please use `schedule` instead.
[2025-05-26T19:00:51.215+0000] {processor.py:840} INFO - DAG(s) 'clientes_dag' retrieved from /opt/airflow/dags/clientes_dag.py
[2025-05-26T19:00:51.235+0000] {logging_mixin.py:188} INFO - [2025-05-26T19:00:51.234+0000] {dag.py:3096} INFO - Sync 1 DAGs
[2025-05-26T19:00:51.245+0000] {logging_mixin.py:188} INFO - [2025-05-26T19:00:51.245+0000] {dag.py:3954} INFO - Setting next_dagrun for clientes_dag to None, run_after=None
[2025-05-26T19:00:51.301+0000] {processor.py:183} INFO - Processing /opt/airflow/dags/clientes_dag.py took 3.521 seconds
[2025-05-26T19:01:21.533+0000] {processor.py:161} INFO - Started process (PID=697) to work on /opt/airflow/dags/clientes_dag.py
[2025-05-26T19:01:21.534+0000] {processor.py:830} INFO - Processing file /opt/airflow/dags/clientes_dag.py for tasks to queue
[2025-05-26T19:01:21.537+0000] {logging_mixin.py:188} INFO - [2025-05-26T19:01:21.536+0000] {dagbag.py:540} INFO - Filling up the DagBag from /opt/airflow/dags/clientes_dag.py
[2025-05-26T19:01:24.144+0000] {logging_mixin.py:188} WARNING - /opt/airflow/dags/clientes_dag.py:10 RemovedInAirflow3Warning: Param `schedule_interval` is deprecated and will be removed in a future release. Please use `schedule` instead.
[2025-05-26T19:01:24.149+0000] {processor.py:840} INFO - DAG(s) 'clientes_dag' retrieved from /opt/airflow/dags/clientes_dag.py
[2025-05-26T19:01:24.180+0000] {logging_mixin.py:188} INFO - [2025-05-26T19:01:24.179+0000] {dag.py:3096} INFO - Sync 1 DAGs
[2025-05-26T19:01:24.190+0000] {logging_mixin.py:188} INFO - [2025-05-26T19:01:24.190+0000] {dag.py:3954} INFO - Setting next_dagrun for clientes_dag to None, run_after=None
[2025-05-26T19:01:24.207+0000] {processor.py:183} INFO - Processing /opt/airflow/dags/clientes_dag.py took 2.682 seconds
[2025-05-26T19:01:54.420+0000] {processor.py:161} INFO - Started process (PID=711) to work on /opt/airflow/dags/clientes_dag.py
[2025-05-26T19:01:54.433+0000] {processor.py:830} INFO - Processing file /opt/airflow/dags/clientes_dag.py for tasks to queue
[2025-05-26T19:01:54.435+0000] {logging_mixin.py:188} INFO - [2025-05-26T19:01:54.435+0000] {dagbag.py:540} INFO - Filling up the DagBag from /opt/airflow/dags/clientes_dag.py
[2025-05-26T19:01:57.207+0000] {logging_mixin.py:188} WARNING - /opt/airflow/dags/clientes_dag.py:10 RemovedInAirflow3Warning: Param `schedule_interval` is deprecated and will be removed in a future release. Please use `schedule` instead.
[2025-05-26T19:01:57.211+0000] {processor.py:840} INFO - DAG(s) 'clientes_dag' retrieved from /opt/airflow/dags/clientes_dag.py
[2025-05-26T19:01:57.232+0000] {logging_mixin.py:188} INFO - [2025-05-26T19:01:57.231+0000] {dag.py:3096} INFO - Sync 1 DAGs
[2025-05-26T19:01:57.248+0000] {logging_mixin.py:188} INFO - [2025-05-26T19:01:57.248+0000] {dag.py:3954} INFO - Setting next_dagrun for clientes_dag to None, run_after=None
[2025-05-26T19:01:57.274+0000] {processor.py:183} INFO - Processing /opt/airflow/dags/clientes_dag.py took 2.869 seconds
[2025-05-26T19:02:27.472+0000] {processor.py:161} INFO - Started process (PID=725) to work on /opt/airflow/dags/clientes_dag.py
[2025-05-26T19:02:27.473+0000] {processor.py:830} INFO - Processing file /opt/airflow/dags/clientes_dag.py for tasks to queue
[2025-05-26T19:02:27.476+0000] {logging_mixin.py:188} INFO - [2025-05-26T19:02:27.475+0000] {dagbag.py:540} INFO - Filling up the DagBag from /opt/airflow/dags/clientes_dag.py
[2025-05-26T19:02:30.538+0000] {logging_mixin.py:188} WARNING - /opt/airflow/dags/clientes_dag.py:10 RemovedInAirflow3Warning: Param `schedule_interval` is deprecated and will be removed in a future release. Please use `schedule` instead.
[2025-05-26T19:02:30.543+0000] {processor.py:840} INFO - DAG(s) 'clientes_dag' retrieved from /opt/airflow/dags/clientes_dag.py
[2025-05-26T19:02:30.575+0000] {logging_mixin.py:188} INFO - [2025-05-26T19:02:30.574+0000] {dag.py:3096} INFO - Sync 1 DAGs
[2025-05-26T19:02:30.585+0000] {logging_mixin.py:188} INFO - [2025-05-26T19:02:30.585+0000] {dag.py:3954} INFO - Setting next_dagrun for clientes_dag to None, run_after=None
[2025-05-26T19:02:30.604+0000] {processor.py:183} INFO - Processing /opt/airflow/dags/clientes_dag.py took 3.138 seconds
[2025-05-26T19:03:00.697+0000] {processor.py:161} INFO - Started process (PID=739) to work on /opt/airflow/dags/clientes_dag.py
[2025-05-26T19:03:00.699+0000] {processor.py:830} INFO - Processing file /opt/airflow/dags/clientes_dag.py for tasks to queue
[2025-05-26T19:03:00.703+0000] {logging_mixin.py:188} INFO - [2025-05-26T19:03:00.702+0000] {dagbag.py:540} INFO - Filling up the DagBag from /opt/airflow/dags/clientes_dag.py
[2025-05-26T19:03:03.464+0000] {logging_mixin.py:188} WARNING - /opt/airflow/dags/clientes_dag.py:10 RemovedInAirflow3Warning: Param `schedule_interval` is deprecated and will be removed in a future release. Please use `schedule` instead.
[2025-05-26T19:03:03.469+0000] {processor.py:840} INFO - DAG(s) 'clientes_dag' retrieved from /opt/airflow/dags/clientes_dag.py
[2025-05-26T19:03:03.489+0000] {logging_mixin.py:188} INFO - [2025-05-26T19:03:03.489+0000] {dag.py:3096} INFO - Sync 1 DAGs
[2025-05-26T19:03:03.506+0000] {logging_mixin.py:188} INFO - [2025-05-26T19:03:03.505+0000] {dag.py:3954} INFO - Setting next_dagrun for clientes_dag to None, run_after=None
[2025-05-26T19:03:03.530+0000] {processor.py:183} INFO - Processing /opt/airflow/dags/clientes_dag.py took 2.845 seconds
[2025-05-26T19:03:33.720+0000] {processor.py:161} INFO - Started process (PID=753) to work on /opt/airflow/dags/clientes_dag.py
[2025-05-26T19:03:33.721+0000] {processor.py:830} INFO - Processing file /opt/airflow/dags/clientes_dag.py for tasks to queue
[2025-05-26T19:03:33.723+0000] {logging_mixin.py:188} INFO - [2025-05-26T19:03:33.723+0000] {dagbag.py:540} INFO - Filling up the DagBag from /opt/airflow/dags/clientes_dag.py
[2025-05-26T19:03:36.669+0000] {logging_mixin.py:188} WARNING - /opt/airflow/dags/clientes_dag.py:10 RemovedInAirflow3Warning: Param `schedule_interval` is deprecated and will be removed in a future release. Please use `schedule` instead.
[2025-05-26T19:03:36.674+0000] {processor.py:840} INFO - DAG(s) 'clientes_dag' retrieved from /opt/airflow/dags/clientes_dag.py
[2025-05-26T19:03:36.695+0000] {logging_mixin.py:188} INFO - [2025-05-26T19:03:36.694+0000] {dag.py:3096} INFO - Sync 1 DAGs
[2025-05-26T19:03:36.707+0000] {logging_mixin.py:188} INFO - [2025-05-26T19:03:36.706+0000] {dag.py:3954} INFO - Setting next_dagrun for clientes_dag to None, run_after=None
[2025-05-26T19:03:36.728+0000] {processor.py:183} INFO - Processing /opt/airflow/dags/clientes_dag.py took 3.015 seconds
[2025-05-26T19:04:06.920+0000] {processor.py:161} INFO - Started process (PID=767) to work on /opt/airflow/dags/clientes_dag.py
[2025-05-26T19:04:06.923+0000] {processor.py:830} INFO - Processing file /opt/airflow/dags/clientes_dag.py for tasks to queue
[2025-05-26T19:04:06.926+0000] {logging_mixin.py:188} INFO - [2025-05-26T19:04:06.926+0000] {dagbag.py:540} INFO - Filling up the DagBag from /opt/airflow/dags/clientes_dag.py
[2025-05-26T19:04:09.579+0000] {logging_mixin.py:188} WARNING - /opt/airflow/dags/clientes_dag.py:10 RemovedInAirflow3Warning: Param `schedule_interval` is deprecated and will be removed in a future release. Please use `schedule` instead.
[2025-05-26T19:04:09.584+0000] {processor.py:840} INFO - DAG(s) 'clientes_dag' retrieved from /opt/airflow/dags/clientes_dag.py
[2025-05-26T19:04:09.615+0000] {logging_mixin.py:188} INFO - [2025-05-26T19:04:09.614+0000] {dag.py:3096} INFO - Sync 1 DAGs
[2025-05-26T19:04:09.625+0000] {logging_mixin.py:188} INFO - [2025-05-26T19:04:09.625+0000] {dag.py:3954} INFO - Setting next_dagrun for clientes_dag to None, run_after=None
[2025-05-26T19:04:09.641+0000] {processor.py:183} INFO - Processing /opt/airflow/dags/clientes_dag.py took 2.729 seconds
[2025-05-26T19:04:39.866+0000] {processor.py:161} INFO - Started process (PID=781) to work on /opt/airflow/dags/clientes_dag.py
[2025-05-26T19:04:39.868+0000] {processor.py:830} INFO - Processing file /opt/airflow/dags/clientes_dag.py for tasks to queue
[2025-05-26T19:04:39.872+0000] {logging_mixin.py:188} INFO - [2025-05-26T19:04:39.871+0000] {dagbag.py:540} INFO - Filling up the DagBag from /opt/airflow/dags/clientes_dag.py
[2025-05-26T19:04:42.543+0000] {logging_mixin.py:188} WARNING - /opt/airflow/dags/clientes_dag.py:10 RemovedInAirflow3Warning: Param `schedule_interval` is deprecated and will be removed in a future release. Please use `schedule` instead.
[2025-05-26T19:04:42.548+0000] {processor.py:840} INFO - DAG(s) 'clientes_dag' retrieved from /opt/airflow/dags/clientes_dag.py
[2025-05-26T19:04:42.568+0000] {logging_mixin.py:188} INFO - [2025-05-26T19:04:42.568+0000] {dag.py:3096} INFO - Sync 1 DAGs
[2025-05-26T19:04:42.584+0000] {logging_mixin.py:188} INFO - [2025-05-26T19:04:42.584+0000] {dag.py:3954} INFO - Setting next_dagrun for clientes_dag to None, run_after=None
[2025-05-26T19:04:42.611+0000] {processor.py:183} INFO - Processing /opt/airflow/dags/clientes_dag.py took 2.758 seconds
[2025-05-26T19:05:12.836+0000] {processor.py:161} INFO - Started process (PID=795) to work on /opt/airflow/dags/clientes_dag.py
[2025-05-26T19:05:12.838+0000] {processor.py:830} INFO - Processing file /opt/airflow/dags/clientes_dag.py for tasks to queue
[2025-05-26T19:05:12.841+0000] {logging_mixin.py:188} INFO - [2025-05-26T19:05:12.841+0000] {dagbag.py:540} INFO - Filling up the DagBag from /opt/airflow/dags/clientes_dag.py
[2025-05-26T19:05:15.581+0000] {logging_mixin.py:188} WARNING - /opt/airflow/dags/clientes_dag.py:10 RemovedInAirflow3Warning: Param `schedule_interval` is deprecated and will be removed in a future release. Please use `schedule` instead.
[2025-05-26T19:05:15.587+0000] {processor.py:840} INFO - DAG(s) 'clientes_dag' retrieved from /opt/airflow/dags/clientes_dag.py
[2025-05-26T19:05:15.606+0000] {logging_mixin.py:188} INFO - [2025-05-26T19:05:15.606+0000] {dag.py:3096} INFO - Sync 1 DAGs
[2025-05-26T19:05:15.621+0000] {logging_mixin.py:188} INFO - [2025-05-26T19:05:15.620+0000] {dag.py:3954} INFO - Setting next_dagrun for clientes_dag to None, run_after=None
[2025-05-26T19:05:15.643+0000] {processor.py:183} INFO - Processing /opt/airflow/dags/clientes_dag.py took 2.813 seconds
[2025-05-26T19:05:45.867+0000] {processor.py:161} INFO - Started process (PID=809) to work on /opt/airflow/dags/clientes_dag.py
[2025-05-26T19:05:45.869+0000] {processor.py:830} INFO - Processing file /opt/airflow/dags/clientes_dag.py for tasks to queue
[2025-05-26T19:05:45.874+0000] {logging_mixin.py:188} INFO - [2025-05-26T19:05:45.873+0000] {dagbag.py:540} INFO - Filling up the DagBag from /opt/airflow/dags/clientes_dag.py
[2025-05-26T19:05:48.654+0000] {logging_mixin.py:188} WARNING - /opt/airflow/dags/clientes_dag.py:10 RemovedInAirflow3Warning: Param `schedule_interval` is deprecated and will be removed in a future release. Please use `schedule` instead.
[2025-05-26T19:05:48.661+0000] {processor.py:840} INFO - DAG(s) 'clientes_dag' retrieved from /opt/airflow/dags/clientes_dag.py
[2025-05-26T19:05:48.688+0000] {logging_mixin.py:188} INFO - [2025-05-26T19:05:48.688+0000] {dag.py:3096} INFO - Sync 1 DAGs
[2025-05-26T19:05:48.704+0000] {logging_mixin.py:188} INFO - [2025-05-26T19:05:48.704+0000] {dag.py:3954} INFO - Setting next_dagrun for clientes_dag to None, run_after=None
[2025-05-26T19:05:48.732+0000] {processor.py:183} INFO - Processing /opt/airflow/dags/clientes_dag.py took 2.881 seconds
[2025-05-26T19:06:18.955+0000] {processor.py:161} INFO - Started process (PID=823) to work on /opt/airflow/dags/clientes_dag.py
[2025-05-26T19:06:18.957+0000] {processor.py:830} INFO - Processing file /opt/airflow/dags/clientes_dag.py for tasks to queue
[2025-05-26T19:06:18.961+0000] {logging_mixin.py:188} INFO - [2025-05-26T19:06:18.960+0000] {dagbag.py:540} INFO - Filling up the DagBag from /opt/airflow/dags/clientes_dag.py
[2025-05-26T19:06:22.352+0000] {logging_mixin.py:188} WARNING - /opt/airflow/dags/clientes_dag.py:10 RemovedInAirflow3Warning: Param `schedule_interval` is deprecated and will be removed in a future release. Please use `schedule` instead.
[2025-05-26T19:06:22.357+0000] {processor.py:840} INFO - DAG(s) 'clientes_dag' retrieved from /opt/airflow/dags/clientes_dag.py
[2025-05-26T19:06:22.378+0000] {logging_mixin.py:188} INFO - [2025-05-26T19:06:22.377+0000] {dag.py:3096} INFO - Sync 1 DAGs
[2025-05-26T19:06:22.390+0000] {logging_mixin.py:188} INFO - [2025-05-26T19:06:22.390+0000] {dag.py:3954} INFO - Setting next_dagrun for clientes_dag to None, run_after=None
[2025-05-26T19:06:22.413+0000] {processor.py:183} INFO - Processing /opt/airflow/dags/clientes_dag.py took 3.466 seconds
[2025-05-26T19:06:52.594+0000] {processor.py:161} INFO - Started process (PID=837) to work on /opt/airflow/dags/clientes_dag.py
[2025-05-26T19:06:52.595+0000] {processor.py:830} INFO - Processing file /opt/airflow/dags/clientes_dag.py for tasks to queue
[2025-05-26T19:06:52.597+0000] {logging_mixin.py:188} INFO - [2025-05-26T19:06:52.596+0000] {dagbag.py:540} INFO - Filling up the DagBag from /opt/airflow/dags/clientes_dag.py
[2025-05-26T19:06:55.356+0000] {logging_mixin.py:188} WARNING - /opt/airflow/dags/clientes_dag.py:10 RemovedInAirflow3Warning: Param `schedule_interval` is deprecated and will be removed in a future release. Please use `schedule` instead.
[2025-05-26T19:06:55.361+0000] {processor.py:840} INFO - DAG(s) 'clientes_dag' retrieved from /opt/airflow/dags/clientes_dag.py
[2025-05-26T19:06:55.384+0000] {logging_mixin.py:188} INFO - [2025-05-26T19:06:55.382+0000] {dag.py:3096} INFO - Sync 1 DAGs
[2025-05-26T19:06:55.398+0000] {logging_mixin.py:188} INFO - [2025-05-26T19:06:55.398+0000] {dag.py:3954} INFO - Setting next_dagrun for clientes_dag to None, run_after=None
[2025-05-26T19:06:55.430+0000] {processor.py:183} INFO - Processing /opt/airflow/dags/clientes_dag.py took 2.843 seconds
[2025-05-26T19:07:25.644+0000] {processor.py:161} INFO - Started process (PID=851) to work on /opt/airflow/dags/clientes_dag.py
[2025-05-26T19:07:25.646+0000] {processor.py:830} INFO - Processing file /opt/airflow/dags/clientes_dag.py for tasks to queue
[2025-05-26T19:07:25.651+0000] {logging_mixin.py:188} INFO - [2025-05-26T19:07:25.650+0000] {dagbag.py:540} INFO - Filling up the DagBag from /opt/airflow/dags/clientes_dag.py
[2025-05-26T19:07:28.395+0000] {logging_mixin.py:188} WARNING - /opt/airflow/dags/clientes_dag.py:10 RemovedInAirflow3Warning: Param `schedule_interval` is deprecated and will be removed in a future release. Please use `schedule` instead.
[2025-05-26T19:07:28.400+0000] {processor.py:840} INFO - DAG(s) 'clientes_dag' retrieved from /opt/airflow/dags/clientes_dag.py
[2025-05-26T19:07:28.420+0000] {logging_mixin.py:188} INFO - [2025-05-26T19:07:28.419+0000] {dag.py:3096} INFO - Sync 1 DAGs
[2025-05-26T19:07:28.430+0000] {logging_mixin.py:188} INFO - [2025-05-26T19:07:28.430+0000] {dag.py:3954} INFO - Setting next_dagrun for clientes_dag to None, run_after=None
[2025-05-26T19:07:28.459+0000] {processor.py:183} INFO - Processing /opt/airflow/dags/clientes_dag.py took 2.826 seconds
[2025-05-26T19:07:58.648+0000] {processor.py:161} INFO - Started process (PID=865) to work on /opt/airflow/dags/clientes_dag.py
[2025-05-26T19:07:58.654+0000] {processor.py:830} INFO - Processing file /opt/airflow/dags/clientes_dag.py for tasks to queue
[2025-05-26T19:07:58.660+0000] {logging_mixin.py:188} INFO - [2025-05-26T19:07:58.659+0000] {dagbag.py:540} INFO - Filling up the DagBag from /opt/airflow/dags/clientes_dag.py
[2025-05-26T19:08:01.842+0000] {logging_mixin.py:188} WARNING - /opt/airflow/dags/clientes_dag.py:10 RemovedInAirflow3Warning: Param `schedule_interval` is deprecated and will be removed in a future release. Please use `schedule` instead.
[2025-05-26T19:08:01.847+0000] {processor.py:840} INFO - DAG(s) 'clientes_dag' retrieved from /opt/airflow/dags/clientes_dag.py
[2025-05-26T19:08:01.868+0000] {logging_mixin.py:188} INFO - [2025-05-26T19:08:01.868+0000] {dag.py:3096} INFO - Sync 1 DAGs
[2025-05-26T19:08:01.881+0000] {logging_mixin.py:188} INFO - [2025-05-26T19:08:01.881+0000] {dag.py:3954} INFO - Setting next_dagrun for clientes_dag to None, run_after=None
[2025-05-26T19:08:01.918+0000] {processor.py:183} INFO - Processing /opt/airflow/dags/clientes_dag.py took 3.281 seconds
[2025-05-26T19:08:32.147+0000] {processor.py:161} INFO - Started process (PID=879) to work on /opt/airflow/dags/clientes_dag.py
[2025-05-26T19:08:32.150+0000] {processor.py:830} INFO - Processing file /opt/airflow/dags/clientes_dag.py for tasks to queue
[2025-05-26T19:08:32.153+0000] {logging_mixin.py:188} INFO - [2025-05-26T19:08:32.153+0000] {dagbag.py:540} INFO - Filling up the DagBag from /opt/airflow/dags/clientes_dag.py
[2025-05-26T19:08:36.042+0000] {logging_mixin.py:188} WARNING - /opt/airflow/dags/clientes_dag.py:10 RemovedInAirflow3Warning: Param `schedule_interval` is deprecated and will be removed in a future release. Please use `schedule` instead.
[2025-05-26T19:08:36.047+0000] {processor.py:840} INFO - DAG(s) 'clientes_dag' retrieved from /opt/airflow/dags/clientes_dag.py
[2025-05-26T19:08:36.077+0000] {logging_mixin.py:188} INFO - [2025-05-26T19:08:36.077+0000] {dag.py:3096} INFO - Sync 1 DAGs
[2025-05-26T19:08:36.088+0000] {logging_mixin.py:188} INFO - [2025-05-26T19:08:36.088+0000] {dag.py:3954} INFO - Setting next_dagrun for clientes_dag to None, run_after=None
[2025-05-26T19:08:36.113+0000] {processor.py:183} INFO - Processing /opt/airflow/dags/clientes_dag.py took 3.973 seconds
[2025-05-26T19:09:06.314+0000] {processor.py:161} INFO - Started process (PID=893) to work on /opt/airflow/dags/clientes_dag.py
[2025-05-26T19:09:06.316+0000] {processor.py:830} INFO - Processing file /opt/airflow/dags/clientes_dag.py for tasks to queue
[2025-05-26T19:09:06.322+0000] {logging_mixin.py:188} INFO - [2025-05-26T19:09:06.321+0000] {dagbag.py:540} INFO - Filling up the DagBag from /opt/airflow/dags/clientes_dag.py
[2025-05-26T19:09:09.550+0000] {logging_mixin.py:188} WARNING - /opt/airflow/dags/clientes_dag.py:10 RemovedInAirflow3Warning: Param `schedule_interval` is deprecated and will be removed in a future release. Please use `schedule` instead.
[2025-05-26T19:09:09.558+0000] {processor.py:840} INFO - DAG(s) 'clientes_dag' retrieved from /opt/airflow/dags/clientes_dag.py
[2025-05-26T19:09:09.583+0000] {logging_mixin.py:188} INFO - [2025-05-26T19:09:09.582+0000] {dag.py:3096} INFO - Sync 1 DAGs
[2025-05-26T19:09:09.597+0000] {logging_mixin.py:188} INFO - [2025-05-26T19:09:09.597+0000] {dag.py:3954} INFO - Setting next_dagrun for clientes_dag to None, run_after=None
[2025-05-26T19:09:09.614+0000] {processor.py:183} INFO - Processing /opt/airflow/dags/clientes_dag.py took 3.310 seconds
[2025-05-26T19:09:39.810+0000] {processor.py:161} INFO - Started process (PID=907) to work on /opt/airflow/dags/clientes_dag.py
[2025-05-26T19:09:39.812+0000] {processor.py:830} INFO - Processing file /opt/airflow/dags/clientes_dag.py for tasks to queue
[2025-05-26T19:09:39.816+0000] {logging_mixin.py:188} INFO - [2025-05-26T19:09:39.815+0000] {dagbag.py:540} INFO - Filling up the DagBag from /opt/airflow/dags/clientes_dag.py
[2025-05-26T19:09:42.656+0000] {logging_mixin.py:188} WARNING - /opt/airflow/dags/clientes_dag.py:10 RemovedInAirflow3Warning: Param `schedule_interval` is deprecated and will be removed in a future release. Please use `schedule` instead.
[2025-05-26T19:09:42.662+0000] {processor.py:840} INFO - DAG(s) 'clientes_dag' retrieved from /opt/airflow/dags/clientes_dag.py
[2025-05-26T19:09:42.684+0000] {logging_mixin.py:188} INFO - [2025-05-26T19:09:42.683+0000] {dag.py:3096} INFO - Sync 1 DAGs
[2025-05-26T19:09:42.698+0000] {logging_mixin.py:188} INFO - [2025-05-26T19:09:42.697+0000] {dag.py:3954} INFO - Setting next_dagrun for clientes_dag to None, run_after=None
[2025-05-26T19:09:42.723+0000] {processor.py:183} INFO - Processing /opt/airflow/dags/clientes_dag.py took 2.927 seconds
[2025-05-26T19:10:12.929+0000] {processor.py:161} INFO - Started process (PID=921) to work on /opt/airflow/dags/clientes_dag.py
[2025-05-26T19:10:12.931+0000] {processor.py:830} INFO - Processing file /opt/airflow/dags/clientes_dag.py for tasks to queue
[2025-05-26T19:10:12.935+0000] {logging_mixin.py:188} INFO - [2025-05-26T19:10:12.934+0000] {dagbag.py:540} INFO - Filling up the DagBag from /opt/airflow/dags/clientes_dag.py
[2025-05-26T19:10:15.580+0000] {logging_mixin.py:188} WARNING - /opt/airflow/dags/clientes_dag.py:10 RemovedInAirflow3Warning: Param `schedule_interval` is deprecated and will be removed in a future release. Please use `schedule` instead.
[2025-05-26T19:10:15.585+0000] {processor.py:840} INFO - DAG(s) 'clientes_dag' retrieved from /opt/airflow/dags/clientes_dag.py
[2025-05-26T19:10:15.604+0000] {logging_mixin.py:188} INFO - [2025-05-26T19:10:15.604+0000] {dag.py:3096} INFO - Sync 1 DAGs
[2025-05-26T19:10:15.616+0000] {logging_mixin.py:188} INFO - [2025-05-26T19:10:15.616+0000] {dag.py:3954} INFO - Setting next_dagrun for clientes_dag to None, run_after=None
[2025-05-26T19:10:15.644+0000] {processor.py:183} INFO - Processing /opt/airflow/dags/clientes_dag.py took 2.727 seconds
[2025-05-26T19:10:45.870+0000] {processor.py:161} INFO - Started process (PID=935) to work on /opt/airflow/dags/clientes_dag.py
[2025-05-26T19:10:45.872+0000] {processor.py:830} INFO - Processing file /opt/airflow/dags/clientes_dag.py for tasks to queue
[2025-05-26T19:10:45.877+0000] {logging_mixin.py:188} INFO - [2025-05-26T19:10:45.876+0000] {dagbag.py:540} INFO - Filling up the DagBag from /opt/airflow/dags/clientes_dag.py
[2025-05-26T19:10:48.478+0000] {logging_mixin.py:188} WARNING - /opt/airflow/dags/clientes_dag.py:10 RemovedInAirflow3Warning: Param `schedule_interval` is deprecated and will be removed in a future release. Please use `schedule` instead.
[2025-05-26T19:10:48.484+0000] {processor.py:840} INFO - DAG(s) 'clientes_dag' retrieved from /opt/airflow/dags/clientes_dag.py
[2025-05-26T19:10:48.503+0000] {logging_mixin.py:188} INFO - [2025-05-26T19:10:48.503+0000] {dag.py:3096} INFO - Sync 1 DAGs
[2025-05-26T19:10:48.518+0000] {logging_mixin.py:188} INFO - [2025-05-26T19:10:48.517+0000] {dag.py:3954} INFO - Setting next_dagrun for clientes_dag to None, run_after=None
[2025-05-26T19:10:48.558+0000] {processor.py:183} INFO - Processing /opt/airflow/dags/clientes_dag.py took 2.701 seconds
[2025-05-26T19:11:18.802+0000] {processor.py:161} INFO - Started process (PID=949) to work on /opt/airflow/dags/clientes_dag.py
[2025-05-26T19:11:18.804+0000] {processor.py:830} INFO - Processing file /opt/airflow/dags/clientes_dag.py for tasks to queue
[2025-05-26T19:11:18.810+0000] {logging_mixin.py:188} INFO - [2025-05-26T19:11:18.809+0000] {dagbag.py:540} INFO - Filling up the DagBag from /opt/airflow/dags/clientes_dag.py
[2025-05-26T19:11:21.552+0000] {logging_mixin.py:188} WARNING - /opt/airflow/dags/clientes_dag.py:10 RemovedInAirflow3Warning: Param `schedule_interval` is deprecated and will be removed in a future release. Please use `schedule` instead.
[2025-05-26T19:11:21.557+0000] {processor.py:840} INFO - DAG(s) 'clientes_dag' retrieved from /opt/airflow/dags/clientes_dag.py
[2025-05-26T19:11:21.590+0000] {logging_mixin.py:188} INFO - [2025-05-26T19:11:21.589+0000] {dag.py:3096} INFO - Sync 1 DAGs
[2025-05-26T19:11:21.601+0000] {logging_mixin.py:188} INFO - [2025-05-26T19:11:21.601+0000] {dag.py:3954} INFO - Setting next_dagrun for clientes_dag to None, run_after=None
[2025-05-26T19:11:21.620+0000] {processor.py:183} INFO - Processing /opt/airflow/dags/clientes_dag.py took 2.831 seconds
[2025-05-26T19:11:51.889+0000] {processor.py:161} INFO - Started process (PID=963) to work on /opt/airflow/dags/clientes_dag.py
[2025-05-26T19:11:51.891+0000] {processor.py:830} INFO - Processing file /opt/airflow/dags/clientes_dag.py for tasks to queue
[2025-05-26T19:11:51.896+0000] {logging_mixin.py:188} INFO - [2025-05-26T19:11:51.896+0000] {dagbag.py:540} INFO - Filling up the DagBag from /opt/airflow/dags/clientes_dag.py
[2025-05-26T19:11:54.677+0000] {logging_mixin.py:188} WARNING - /opt/airflow/dags/clientes_dag.py:10 RemovedInAirflow3Warning: Param `schedule_interval` is deprecated and will be removed in a future release. Please use `schedule` instead.
[2025-05-26T19:11:54.682+0000] {processor.py:840} INFO - DAG(s) 'clientes_dag' retrieved from /opt/airflow/dags/clientes_dag.py
[2025-05-26T19:11:54.702+0000] {logging_mixin.py:188} INFO - [2025-05-26T19:11:54.701+0000] {dag.py:3096} INFO - Sync 1 DAGs
[2025-05-26T19:11:54.722+0000] {logging_mixin.py:188} INFO - [2025-05-26T19:11:54.721+0000] {dag.py:3954} INFO - Setting next_dagrun for clientes_dag to None, run_after=None
[2025-05-26T19:11:54.752+0000] {processor.py:183} INFO - Processing /opt/airflow/dags/clientes_dag.py took 2.875 seconds
[2025-05-26T19:12:24.970+0000] {processor.py:161} INFO - Started process (PID=977) to work on /opt/airflow/dags/clientes_dag.py
[2025-05-26T19:12:24.972+0000] {processor.py:830} INFO - Processing file /opt/airflow/dags/clientes_dag.py for tasks to queue
[2025-05-26T19:12:24.976+0000] {logging_mixin.py:188} INFO - [2025-05-26T19:12:24.975+0000] {dagbag.py:540} INFO - Filling up the DagBag from /opt/airflow/dags/clientes_dag.py
[2025-05-26T19:12:27.634+0000] {logging_mixin.py:188} WARNING - /opt/airflow/dags/clientes_dag.py:10 RemovedInAirflow3Warning: Param `schedule_interval` is deprecated and will be removed in a future release. Please use `schedule` instead.
[2025-05-26T19:12:27.640+0000] {processor.py:840} INFO - DAG(s) 'clientes_dag' retrieved from /opt/airflow/dags/clientes_dag.py
[2025-05-26T19:12:27.659+0000] {logging_mixin.py:188} INFO - [2025-05-26T19:12:27.659+0000] {dag.py:3096} INFO - Sync 1 DAGs
[2025-05-26T19:12:27.671+0000] {logging_mixin.py:188} INFO - [2025-05-26T19:12:27.670+0000] {dag.py:3954} INFO - Setting next_dagrun for clientes_dag to None, run_after=None
[2025-05-26T19:12:27.700+0000] {processor.py:183} INFO - Processing /opt/airflow/dags/clientes_dag.py took 2.743 seconds
[2025-05-26T19:12:57.850+0000] {processor.py:161} INFO - Started process (PID=991) to work on /opt/airflow/dags/clientes_dag.py
[2025-05-26T19:12:57.852+0000] {processor.py:830} INFO - Processing file /opt/airflow/dags/clientes_dag.py for tasks to queue
[2025-05-26T19:12:57.856+0000] {logging_mixin.py:188} INFO - [2025-05-26T19:12:57.855+0000] {dagbag.py:540} INFO - Filling up the DagBag from /opt/airflow/dags/clientes_dag.py
[2025-05-26T19:13:00.642+0000] {logging_mixin.py:188} WARNING - /opt/airflow/dags/clientes_dag.py:10 RemovedInAirflow3Warning: Param `schedule_interval` is deprecated and will be removed in a future release. Please use `schedule` instead.
[2025-05-26T19:13:00.647+0000] {processor.py:840} INFO - DAG(s) 'clientes_dag' retrieved from /opt/airflow/dags/clientes_dag.py
[2025-05-26T19:13:00.667+0000] {logging_mixin.py:188} INFO - [2025-05-26T19:13:00.665+0000] {dag.py:3096} INFO - Sync 1 DAGs
[2025-05-26T19:13:00.679+0000] {logging_mixin.py:188} INFO - [2025-05-26T19:13:00.678+0000] {dag.py:3954} INFO - Setting next_dagrun for clientes_dag to None, run_after=None
[2025-05-26T19:13:00.718+0000] {processor.py:183} INFO - Processing /opt/airflow/dags/clientes_dag.py took 2.879 seconds
[2025-05-26T19:13:30.973+0000] {processor.py:161} INFO - Started process (PID=1005) to work on /opt/airflow/dags/clientes_dag.py
[2025-05-26T19:13:30.975+0000] {processor.py:830} INFO - Processing file /opt/airflow/dags/clientes_dag.py for tasks to queue
[2025-05-26T19:13:30.982+0000] {logging_mixin.py:188} INFO - [2025-05-26T19:13:30.981+0000] {dagbag.py:540} INFO - Filling up the DagBag from /opt/airflow/dags/clientes_dag.py
[2025-05-26T19:13:33.644+0000] {logging_mixin.py:188} WARNING - /opt/airflow/dags/clientes_dag.py:10 RemovedInAirflow3Warning: Param `schedule_interval` is deprecated and will be removed in a future release. Please use `schedule` instead.
[2025-05-26T19:13:33.648+0000] {processor.py:840} INFO - DAG(s) 'clientes_dag' retrieved from /opt/airflow/dags/clientes_dag.py
[2025-05-26T19:13:33.668+0000] {logging_mixin.py:188} INFO - [2025-05-26T19:13:33.668+0000] {dag.py:3096} INFO - Sync 1 DAGs
[2025-05-26T19:13:33.678+0000] {logging_mixin.py:188} INFO - [2025-05-26T19:13:33.678+0000] {dag.py:3954} INFO - Setting next_dagrun for clientes_dag to None, run_after=None
[2025-05-26T19:13:33.695+0000] {processor.py:183} INFO - Processing /opt/airflow/dags/clientes_dag.py took 2.737 seconds
[2025-05-26T19:14:03.917+0000] {processor.py:161} INFO - Started process (PID=1019) to work on /opt/airflow/dags/clientes_dag.py
[2025-05-26T19:14:03.919+0000] {processor.py:830} INFO - Processing file /opt/airflow/dags/clientes_dag.py for tasks to queue
[2025-05-26T19:14:03.923+0000] {logging_mixin.py:188} INFO - [2025-05-26T19:14:03.922+0000] {dagbag.py:540} INFO - Filling up the DagBag from /opt/airflow/dags/clientes_dag.py
[2025-05-26T19:14:06.561+0000] {logging_mixin.py:188} WARNING - /opt/airflow/dags/clientes_dag.py:10 RemovedInAirflow3Warning: Param `schedule_interval` is deprecated and will be removed in a future release. Please use `schedule` instead.
[2025-05-26T19:14:06.565+0000] {processor.py:840} INFO - DAG(s) 'clientes_dag' retrieved from /opt/airflow/dags/clientes_dag.py
[2025-05-26T19:14:06.584+0000] {logging_mixin.py:188} INFO - [2025-05-26T19:14:06.584+0000] {dag.py:3096} INFO - Sync 1 DAGs
[2025-05-26T19:14:06.594+0000] {logging_mixin.py:188} INFO - [2025-05-26T19:14:06.594+0000] {dag.py:3954} INFO - Setting next_dagrun for clientes_dag to None, run_after=None
[2025-05-26T19:14:06.623+0000] {processor.py:183} INFO - Processing /opt/airflow/dags/clientes_dag.py took 2.717 seconds
[2025-05-26T19:14:36.837+0000] {processor.py:161} INFO - Started process (PID=1033) to work on /opt/airflow/dags/clientes_dag.py
[2025-05-26T19:14:36.839+0000] {processor.py:830} INFO - Processing file /opt/airflow/dags/clientes_dag.py for tasks to queue
[2025-05-26T19:14:36.846+0000] {logging_mixin.py:188} INFO - [2025-05-26T19:14:36.845+0000] {dagbag.py:540} INFO - Filling up the DagBag from /opt/airflow/dags/clientes_dag.py
[2025-05-26T19:14:39.770+0000] {logging_mixin.py:188} WARNING - /opt/airflow/dags/clientes_dag.py:10 RemovedInAirflow3Warning: Param `schedule_interval` is deprecated and will be removed in a future release. Please use `schedule` instead.
[2025-05-26T19:14:39.775+0000] {processor.py:840} INFO - DAG(s) 'clientes_dag' retrieved from /opt/airflow/dags/clientes_dag.py
[2025-05-26T19:14:39.799+0000] {logging_mixin.py:188} INFO - [2025-05-26T19:14:39.798+0000] {dag.py:3096} INFO - Sync 1 DAGs
[2025-05-26T19:14:39.815+0000] {logging_mixin.py:188} INFO - [2025-05-26T19:14:39.814+0000] {dag.py:3954} INFO - Setting next_dagrun for clientes_dag to None, run_after=None
[2025-05-26T19:14:39.862+0000] {processor.py:183} INFO - Processing /opt/airflow/dags/clientes_dag.py took 3.036 seconds
[2025-05-26T19:15:10.036+0000] {processor.py:161} INFO - Started process (PID=1047) to work on /opt/airflow/dags/clientes_dag.py
[2025-05-26T19:15:10.037+0000] {processor.py:830} INFO - Processing file /opt/airflow/dags/clientes_dag.py for tasks to queue
[2025-05-26T19:15:10.044+0000] {logging_mixin.py:188} INFO - [2025-05-26T19:15:10.043+0000] {dagbag.py:540} INFO - Filling up the DagBag from /opt/airflow/dags/clientes_dag.py
[2025-05-26T19:15:12.901+0000] {logging_mixin.py:188} WARNING - /opt/airflow/dags/clientes_dag.py:10 RemovedInAirflow3Warning: Param `schedule_interval` is deprecated and will be removed in a future release. Please use `schedule` instead.
[2025-05-26T19:15:12.906+0000] {processor.py:840} INFO - DAG(s) 'clientes_dag' retrieved from /opt/airflow/dags/clientes_dag.py
[2025-05-26T19:15:12.926+0000] {logging_mixin.py:188} INFO - [2025-05-26T19:15:12.926+0000] {dag.py:3096} INFO - Sync 1 DAGs
[2025-05-26T19:15:12.941+0000] {logging_mixin.py:188} INFO - [2025-05-26T19:15:12.941+0000] {dag.py:3954} INFO - Setting next_dagrun for clientes_dag to None, run_after=None
[2025-05-26T19:15:12.981+0000] {processor.py:183} INFO - Processing /opt/airflow/dags/clientes_dag.py took 2.959 seconds
[2025-05-26T19:15:43.268+0000] {processor.py:161} INFO - Started process (PID=1061) to work on /opt/airflow/dags/clientes_dag.py
[2025-05-26T19:15:43.269+0000] {processor.py:830} INFO - Processing file /opt/airflow/dags/clientes_dag.py for tasks to queue
[2025-05-26T19:15:43.271+0000] {logging_mixin.py:188} INFO - [2025-05-26T19:15:43.271+0000] {dagbag.py:540} INFO - Filling up the DagBag from /opt/airflow/dags/clientes_dag.py
[2025-05-26T19:15:46.519+0000] {logging_mixin.py:188} WARNING - /opt/airflow/dags/clientes_dag.py:10 RemovedInAirflow3Warning: Param `schedule_interval` is deprecated and will be removed in a future release. Please use `schedule` instead.
[2025-05-26T19:15:46.524+0000] {processor.py:840} INFO - DAG(s) 'clientes_dag' retrieved from /opt/airflow/dags/clientes_dag.py
[2025-05-26T19:15:46.543+0000] {logging_mixin.py:188} INFO - [2025-05-26T19:15:46.542+0000] {dag.py:3096} INFO - Sync 1 DAGs
[2025-05-26T19:15:46.554+0000] {logging_mixin.py:188} INFO - [2025-05-26T19:15:46.554+0000] {dag.py:3954} INFO - Setting next_dagrun for clientes_dag to None, run_after=None
[2025-05-26T19:15:46.582+0000] {processor.py:183} INFO - Processing /opt/airflow/dags/clientes_dag.py took 3.331 seconds
[2025-05-26T19:16:16.778+0000] {processor.py:161} INFO - Started process (PID=1075) to work on /opt/airflow/dags/clientes_dag.py
[2025-05-26T19:16:16.779+0000] {processor.py:830} INFO - Processing file /opt/airflow/dags/clientes_dag.py for tasks to queue
[2025-05-26T19:16:16.782+0000] {logging_mixin.py:188} INFO - [2025-05-26T19:16:16.781+0000] {dagbag.py:540} INFO - Filling up the DagBag from /opt/airflow/dags/clientes_dag.py
[2025-05-26T19:16:19.711+0000] {logging_mixin.py:188} WARNING - /opt/airflow/dags/clientes_dag.py:10 RemovedInAirflow3Warning: Param `schedule_interval` is deprecated and will be removed in a future release. Please use `schedule` instead.
[2025-05-26T19:16:19.716+0000] {processor.py:840} INFO - DAG(s) 'clientes_dag' retrieved from /opt/airflow/dags/clientes_dag.py
[2025-05-26T19:16:19.743+0000] {logging_mixin.py:188} INFO - [2025-05-26T19:16:19.743+0000] {dag.py:3096} INFO - Sync 1 DAGs
[2025-05-26T19:16:19.758+0000] {logging_mixin.py:188} INFO - [2025-05-26T19:16:19.757+0000] {dag.py:3954} INFO - Setting next_dagrun for clientes_dag to None, run_after=None
[2025-05-26T19:16:19.789+0000] {processor.py:183} INFO - Processing /opt/airflow/dags/clientes_dag.py took 3.018 seconds
[2025-05-26T19:16:50.000+0000] {processor.py:161} INFO - Started process (PID=1089) to work on /opt/airflow/dags/clientes_dag.py
[2025-05-26T19:16:50.002+0000] {processor.py:830} INFO - Processing file /opt/airflow/dags/clientes_dag.py for tasks to queue
[2025-05-26T19:16:50.007+0000] {logging_mixin.py:188} INFO - [2025-05-26T19:16:50.006+0000] {dagbag.py:540} INFO - Filling up the DagBag from /opt/airflow/dags/clientes_dag.py
[2025-05-26T19:16:52.679+0000] {logging_mixin.py:188} WARNING - /opt/airflow/dags/clientes_dag.py:10 RemovedInAirflow3Warning: Param `schedule_interval` is deprecated and will be removed in a future release. Please use `schedule` instead.
[2025-05-26T19:16:52.685+0000] {processor.py:840} INFO - DAG(s) 'clientes_dag' retrieved from /opt/airflow/dags/clientes_dag.py
[2025-05-26T19:16:52.722+0000] {logging_mixin.py:188} INFO - [2025-05-26T19:16:52.721+0000] {dag.py:3096} INFO - Sync 1 DAGs
[2025-05-26T19:16:52.740+0000] {logging_mixin.py:188} INFO - [2025-05-26T19:16:52.739+0000] {dag.py:3954} INFO - Setting next_dagrun for clientes_dag to None, run_after=None
[2025-05-26T19:16:52.768+0000] {processor.py:183} INFO - Processing /opt/airflow/dags/clientes_dag.py took 2.778 seconds
[2025-05-26T19:17:22.986+0000] {processor.py:161} INFO - Started process (PID=1103) to work on /opt/airflow/dags/clientes_dag.py
[2025-05-26T19:17:22.989+0000] {processor.py:830} INFO - Processing file /opt/airflow/dags/clientes_dag.py for tasks to queue
[2025-05-26T19:17:22.993+0000] {logging_mixin.py:188} INFO - [2025-05-26T19:17:22.992+0000] {dagbag.py:540} INFO - Filling up the DagBag from /opt/airflow/dags/clientes_dag.py
[2025-05-26T19:17:25.601+0000] {logging_mixin.py:188} WARNING - /opt/airflow/dags/clientes_dag.py:10 RemovedInAirflow3Warning: Param `schedule_interval` is deprecated and will be removed in a future release. Please use `schedule` instead.
[2025-05-26T19:17:25.606+0000] {processor.py:840} INFO - DAG(s) 'clientes_dag' retrieved from /opt/airflow/dags/clientes_dag.py
[2025-05-26T19:17:25.625+0000] {logging_mixin.py:188} INFO - [2025-05-26T19:17:25.625+0000] {dag.py:3096} INFO - Sync 1 DAGs
[2025-05-26T19:17:25.636+0000] {logging_mixin.py:188} INFO - [2025-05-26T19:17:25.636+0000] {dag.py:3954} INFO - Setting next_dagrun for clientes_dag to None, run_after=None
[2025-05-26T19:17:25.667+0000] {processor.py:183} INFO - Processing /opt/airflow/dags/clientes_dag.py took 2.693 seconds
[2025-05-26T19:17:55.895+0000] {processor.py:161} INFO - Started process (PID=1117) to work on /opt/airflow/dags/clientes_dag.py
[2025-05-26T19:17:55.897+0000] {processor.py:830} INFO - Processing file /opt/airflow/dags/clientes_dag.py for tasks to queue
[2025-05-26T19:17:55.901+0000] {logging_mixin.py:188} INFO - [2025-05-26T19:17:55.901+0000] {dagbag.py:540} INFO - Filling up the DagBag from /opt/airflow/dags/clientes_dag.py
[2025-05-26T19:17:58.678+0000] {logging_mixin.py:188} WARNING - /opt/airflow/dags/clientes_dag.py:10 RemovedInAirflow3Warning: Param `schedule_interval` is deprecated and will be removed in a future release. Please use `schedule` instead.
[2025-05-26T19:17:58.684+0000] {processor.py:840} INFO - DAG(s) 'clientes_dag' retrieved from /opt/airflow/dags/clientes_dag.py
[2025-05-26T19:17:58.709+0000] {logging_mixin.py:188} INFO - [2025-05-26T19:17:58.708+0000] {dag.py:3096} INFO - Sync 1 DAGs
[2025-05-26T19:17:58.723+0000] {logging_mixin.py:188} INFO - [2025-05-26T19:17:58.723+0000] {dag.py:3954} INFO - Setting next_dagrun for clientes_dag to None, run_after=None
[2025-05-26T19:17:58.756+0000] {processor.py:183} INFO - Processing /opt/airflow/dags/clientes_dag.py took 2.873 seconds
[2025-05-26T19:18:28.992+0000] {processor.py:161} INFO - Started process (PID=1131) to work on /opt/airflow/dags/clientes_dag.py
[2025-05-26T19:18:28.995+0000] {processor.py:830} INFO - Processing file /opt/airflow/dags/clientes_dag.py for tasks to queue
[2025-05-26T19:18:28.999+0000] {logging_mixin.py:188} INFO - [2025-05-26T19:18:28.998+0000] {dagbag.py:540} INFO - Filling up the DagBag from /opt/airflow/dags/clientes_dag.py
[2025-05-26T19:18:32.000+0000] {logging_mixin.py:188} WARNING - /opt/airflow/dags/clientes_dag.py:10 RemovedInAirflow3Warning: Param `schedule_interval` is deprecated and will be removed in a future release. Please use `schedule` instead.
[2025-05-26T19:18:32.005+0000] {processor.py:840} INFO - DAG(s) 'clientes_dag' retrieved from /opt/airflow/dags/clientes_dag.py
[2025-05-26T19:18:32.026+0000] {logging_mixin.py:188} INFO - [2025-05-26T19:18:32.026+0000] {dag.py:3096} INFO - Sync 1 DAGs
[2025-05-26T19:18:32.041+0000] {logging_mixin.py:188} INFO - [2025-05-26T19:18:32.041+0000] {dag.py:3954} INFO - Setting next_dagrun for clientes_dag to None, run_after=None
[2025-05-26T19:18:32.064+0000] {processor.py:183} INFO - Processing /opt/airflow/dags/clientes_dag.py took 3.086 seconds
[2025-05-26T19:19:02.196+0000] {processor.py:161} INFO - Started process (PID=1145) to work on /opt/airflow/dags/clientes_dag.py
[2025-05-26T19:19:02.198+0000] {processor.py:830} INFO - Processing file /opt/airflow/dags/clientes_dag.py for tasks to queue
[2025-05-26T19:19:02.201+0000] {logging_mixin.py:188} INFO - [2025-05-26T19:19:02.200+0000] {dagbag.py:540} INFO - Filling up the DagBag from /opt/airflow/dags/clientes_dag.py
[2025-05-26T19:19:05.184+0000] {logging_mixin.py:188} WARNING - /opt/airflow/dags/clientes_dag.py:10 RemovedInAirflow3Warning: Param `schedule_interval` is deprecated and will be removed in a future release. Please use `schedule` instead.
[2025-05-26T19:19:05.190+0000] {processor.py:840} INFO - DAG(s) 'clientes_dag' retrieved from /opt/airflow/dags/clientes_dag.py
[2025-05-26T19:19:05.212+0000] {logging_mixin.py:188} INFO - [2025-05-26T19:19:05.211+0000] {dag.py:3096} INFO - Sync 1 DAGs
[2025-05-26T19:19:05.223+0000] {logging_mixin.py:188} INFO - [2025-05-26T19:19:05.223+0000] {dag.py:3954} INFO - Setting next_dagrun for clientes_dag to None, run_after=None
[2025-05-26T19:19:05.252+0000] {processor.py:183} INFO - Processing /opt/airflow/dags/clientes_dag.py took 3.065 seconds
[2025-05-26T19:19:35.431+0000] {processor.py:161} INFO - Started process (PID=1159) to work on /opt/airflow/dags/clientes_dag.py
[2025-05-26T19:19:35.432+0000] {processor.py:830} INFO - Processing file /opt/airflow/dags/clientes_dag.py for tasks to queue
[2025-05-26T19:19:35.434+0000] {logging_mixin.py:188} INFO - [2025-05-26T19:19:35.434+0000] {dagbag.py:540} INFO - Filling up the DagBag from /opt/airflow/dags/clientes_dag.py
[2025-05-26T19:19:38.112+0000] {logging_mixin.py:188} WARNING - /opt/airflow/dags/clientes_dag.py:10 RemovedInAirflow3Warning: Param `schedule_interval` is deprecated and will be removed in a future release. Please use `schedule` instead.
[2025-05-26T19:19:38.118+0000] {processor.py:840} INFO - DAG(s) 'clientes_dag' retrieved from /opt/airflow/dags/clientes_dag.py
[2025-05-26T19:19:38.141+0000] {logging_mixin.py:188} INFO - [2025-05-26T19:19:38.141+0000] {dag.py:3096} INFO - Sync 1 DAGs
[2025-05-26T19:19:38.155+0000] {logging_mixin.py:188} INFO - [2025-05-26T19:19:38.155+0000] {dag.py:3954} INFO - Setting next_dagrun for clientes_dag to None, run_after=None
[2025-05-26T19:19:38.179+0000] {processor.py:183} INFO - Processing /opt/airflow/dags/clientes_dag.py took 2.754 seconds
