[2025-03-18T10:18:46.772+0000] {processor.py:161} INFO - Started process (PID=202) to work on /opt/airflow/dags/clientes_dag.py
[2025-03-18T10:18:46.774+0000] {processor.py:830} INFO - Processing file /opt/airflow/dags/clientes_dag.py for tasks to queue
[2025-03-18T10:18:46.778+0000] {logging_mixin.py:188} INFO - [2025-03-18T10:18:46.777+0000] {dagbag.py:540} INFO - Filling up the DagBag from /opt/airflow/dags/clientes_dag.py
[2025-03-18T10:18:49.956+0000] {logging_mixin.py:188} WARNING - /opt/airflow/dags/clientes_dag.py:10 RemovedInAirflow3Warning: Param `schedule_interval` is deprecated and will be removed in a future release. Please use `schedule` instead.
[2025-03-18T10:18:49.961+0000] {processor.py:840} INFO - DAG(s) 'clientes_dag' retrieved from /opt/airflow/dags/clientes_dag.py
[2025-03-18T10:18:49.981+0000] {logging_mixin.py:188} INFO - [2025-03-18T10:18:49.980+0000] {dag.py:3096} INFO - Sync 1 DAGs
[2025-03-18T10:18:49.991+0000] {logging_mixin.py:188} INFO - [2025-03-18T10:18:49.991+0000] {dag.py:3954} INFO - Setting next_dagrun for clientes_dag to None, run_after=None
[2025-03-18T10:18:50.010+0000] {processor.py:183} INFO - Processing /opt/airflow/dags/clientes_dag.py took 3.246 seconds
[2025-03-18T10:19:20.202+0000] {processor.py:161} INFO - Started process (PID=216) to work on /opt/airflow/dags/clientes_dag.py
[2025-03-18T10:19:20.204+0000] {processor.py:830} INFO - Processing file /opt/airflow/dags/clientes_dag.py for tasks to queue
[2025-03-18T10:19:20.208+0000] {logging_mixin.py:188} INFO - [2025-03-18T10:19:20.207+0000] {dagbag.py:540} INFO - Filling up the DagBag from /opt/airflow/dags/clientes_dag.py
[2025-03-18T10:19:23.003+0000] {logging_mixin.py:188} WARNING - /opt/airflow/dags/clientes_dag.py:10 RemovedInAirflow3Warning: Param `schedule_interval` is deprecated and will be removed in a future release. Please use `schedule` instead.
[2025-03-18T10:19:23.008+0000] {processor.py:840} INFO - DAG(s) 'clientes_dag' retrieved from /opt/airflow/dags/clientes_dag.py
[2025-03-18T10:19:23.254+0000] {logging_mixin.py:188} INFO - [2025-03-18T10:19:23.254+0000] {dag.py:3096} INFO - Sync 1 DAGs
[2025-03-18T10:19:23.265+0000] {logging_mixin.py:188} INFO - [2025-03-18T10:19:23.265+0000] {dag.py:3954} INFO - Setting next_dagrun for clientes_dag to None, run_after=None
[2025-03-18T10:19:23.298+0000] {processor.py:183} INFO - Processing /opt/airflow/dags/clientes_dag.py took 3.108 seconds
[2025-03-18T10:19:53.369+0000] {processor.py:161} INFO - Started process (PID=230) to work on /opt/airflow/dags/clientes_dag.py
[2025-03-18T10:19:53.371+0000] {processor.py:830} INFO - Processing file /opt/airflow/dags/clientes_dag.py for tasks to queue
[2025-03-18T10:19:53.375+0000] {logging_mixin.py:188} INFO - [2025-03-18T10:19:53.374+0000] {dagbag.py:540} INFO - Filling up the DagBag from /opt/airflow/dags/clientes_dag.py
[2025-03-18T10:19:56.232+0000] {logging_mixin.py:188} WARNING - /opt/airflow/dags/clientes_dag.py:10 RemovedInAirflow3Warning: Param `schedule_interval` is deprecated and will be removed in a future release. Please use `schedule` instead.
[2025-03-18T10:19:56.237+0000] {processor.py:840} INFO - DAG(s) 'clientes_dag' retrieved from /opt/airflow/dags/clientes_dag.py
[2025-03-18T10:19:56.256+0000] {logging_mixin.py:188} INFO - [2025-03-18T10:19:56.256+0000] {dag.py:3096} INFO - Sync 1 DAGs
[2025-03-18T10:19:56.266+0000] {logging_mixin.py:188} INFO - [2025-03-18T10:19:56.266+0000] {dag.py:3954} INFO - Setting next_dagrun for clientes_dag to None, run_after=None
[2025-03-18T10:19:56.299+0000] {processor.py:183} INFO - Processing /opt/airflow/dags/clientes_dag.py took 2.939 seconds
[2025-03-18T10:20:26.500+0000] {processor.py:161} INFO - Started process (PID=244) to work on /opt/airflow/dags/clientes_dag.py
[2025-03-18T10:20:26.501+0000] {processor.py:830} INFO - Processing file /opt/airflow/dags/clientes_dag.py for tasks to queue
[2025-03-18T10:20:26.503+0000] {logging_mixin.py:188} INFO - [2025-03-18T10:20:26.503+0000] {dagbag.py:540} INFO - Filling up the DagBag from /opt/airflow/dags/clientes_dag.py
[2025-03-18T10:20:29.369+0000] {logging_mixin.py:188} WARNING - /opt/airflow/dags/clientes_dag.py:10 RemovedInAirflow3Warning: Param `schedule_interval` is deprecated and will be removed in a future release. Please use `schedule` instead.
[2025-03-18T10:20:29.374+0000] {processor.py:840} INFO - DAG(s) 'clientes_dag' retrieved from /opt/airflow/dags/clientes_dag.py
[2025-03-18T10:20:29.384+0000] {logging_mixin.py:188} INFO - [2025-03-18T10:20:29.384+0000] {dag.py:3096} INFO - Sync 1 DAGs
[2025-03-18T10:20:29.397+0000] {logging_mixin.py:188} INFO - [2025-03-18T10:20:29.397+0000] {dag.py:3954} INFO - Setting next_dagrun for clientes_dag to None, run_after=None
[2025-03-18T10:20:29.458+0000] {processor.py:183} INFO - Processing /opt/airflow/dags/clientes_dag.py took 2.967 seconds
[2025-03-18T10:20:59.691+0000] {processor.py:161} INFO - Started process (PID=258) to work on /opt/airflow/dags/clientes_dag.py
[2025-03-18T10:20:59.692+0000] {processor.py:830} INFO - Processing file /opt/airflow/dags/clientes_dag.py for tasks to queue
[2025-03-18T10:20:59.694+0000] {logging_mixin.py:188} INFO - [2025-03-18T10:20:59.694+0000] {dagbag.py:540} INFO - Filling up the DagBag from /opt/airflow/dags/clientes_dag.py
[2025-03-18T10:21:02.541+0000] {logging_mixin.py:188} WARNING - /opt/airflow/dags/clientes_dag.py:10 RemovedInAirflow3Warning: Param `schedule_interval` is deprecated and will be removed in a future release. Please use `schedule` instead.
[2025-03-18T10:21:02.546+0000] {processor.py:840} INFO - DAG(s) 'clientes_dag' retrieved from /opt/airflow/dags/clientes_dag.py
[2025-03-18T10:21:02.650+0000] {logging_mixin.py:188} INFO - [2025-03-18T10:21:02.649+0000] {dag.py:3096} INFO - Sync 1 DAGs
[2025-03-18T10:21:02.659+0000] {logging_mixin.py:188} INFO - [2025-03-18T10:21:02.659+0000] {dag.py:3954} INFO - Setting next_dagrun for clientes_dag to None, run_after=None
[2025-03-18T10:21:02.693+0000] {processor.py:183} INFO - Processing /opt/airflow/dags/clientes_dag.py took 3.008 seconds
[2025-03-18T10:21:32.934+0000] {processor.py:161} INFO - Started process (PID=272) to work on /opt/airflow/dags/clientes_dag.py
[2025-03-18T10:21:32.936+0000] {processor.py:830} INFO - Processing file /opt/airflow/dags/clientes_dag.py for tasks to queue
[2025-03-18T10:21:32.940+0000] {logging_mixin.py:188} INFO - [2025-03-18T10:21:32.939+0000] {dagbag.py:540} INFO - Filling up the DagBag from /opt/airflow/dags/clientes_dag.py
[2025-03-18T10:21:35.955+0000] {logging_mixin.py:188} WARNING - /opt/airflow/dags/clientes_dag.py:10 RemovedInAirflow3Warning: Param `schedule_interval` is deprecated and will be removed in a future release. Please use `schedule` instead.
[2025-03-18T10:21:35.961+0000] {processor.py:840} INFO - DAG(s) 'clientes_dag' retrieved from /opt/airflow/dags/clientes_dag.py
[2025-03-18T10:21:35.984+0000] {logging_mixin.py:188} INFO - [2025-03-18T10:21:35.983+0000] {dag.py:3096} INFO - Sync 1 DAGs
[2025-03-18T10:21:36.004+0000] {logging_mixin.py:188} INFO - [2025-03-18T10:21:36.004+0000] {dag.py:3954} INFO - Setting next_dagrun for clientes_dag to None, run_after=None
[2025-03-18T10:21:36.047+0000] {processor.py:183} INFO - Processing /opt/airflow/dags/clientes_dag.py took 3.124 seconds
[2025-03-18T11:29:49.777+0000] {processor.py:161} INFO - Started process (PID=287) to work on /opt/airflow/dags/clientes_dag.py
[2025-03-18T11:29:49.778+0000] {processor.py:830} INFO - Processing file /opt/airflow/dags/clientes_dag.py for tasks to queue
[2025-03-18T11:29:49.786+0000] {logging_mixin.py:188} INFO - [2025-03-18T11:29:49.785+0000] {dagbag.py:540} INFO - Filling up the DagBag from /opt/airflow/dags/clientes_dag.py
[2025-03-18T11:29:52.652+0000] {logging_mixin.py:188} WARNING - /opt/airflow/dags/clientes_dag.py:10 RemovedInAirflow3Warning: Param `schedule_interval` is deprecated and will be removed in a future release. Please use `schedule` instead.
[2025-03-18T11:29:52.658+0000] {processor.py:840} INFO - DAG(s) 'clientes_dag' retrieved from /opt/airflow/dags/clientes_dag.py
[2025-03-18T11:29:52.679+0000] {logging_mixin.py:188} INFO - [2025-03-18T11:29:52.678+0000] {dag.py:3096} INFO - Sync 1 DAGs
[2025-03-18T11:29:52.690+0000] {logging_mixin.py:188} INFO - [2025-03-18T11:29:52.690+0000] {dag.py:3954} INFO - Setting next_dagrun for clientes_dag to None, run_after=None
[2025-03-18T11:29:52.745+0000] {processor.py:183} INFO - Processing /opt/airflow/dags/clientes_dag.py took 2.976 seconds
