[2025-05-28T22:04:49.618+0000] {processor.py:161} INFO - Started process (PID=201) to work on /opt/airflow/dags/clientes_dag.py
[2025-05-28T22:04:49.620+0000] {processor.py:830} INFO - Processing file /opt/airflow/dags/clientes_dag.py for tasks to queue
[2025-05-28T22:04:49.623+0000] {logging_mixin.py:188} INFO - [2025-05-28T22:04:49.623+0000] {dagbag.py:540} INFO - Filling up the DagBag from /opt/airflow/dags/clientes_dag.py
[2025-05-28T22:04:52.500+0000] {logging_mixin.py:188} WARNING - /opt/airflow/dags/clientes_dag.py:10 RemovedInAirflow3Warning: Param `schedule_interval` is deprecated and will be removed in a future release. Please use `schedule` instead.
[2025-05-28T22:04:52.505+0000] {processor.py:840} INFO - DAG(s) 'clientes_dag' retrieved from /opt/airflow/dags/clientes_dag.py
[2025-05-28T22:04:52.525+0000] {logging_mixin.py:188} INFO - [2025-05-28T22:04:52.524+0000] {dag.py:3096} INFO - Sync 1 DAGs
[2025-05-28T22:04:52.537+0000] {logging_mixin.py:188} INFO - [2025-05-28T22:04:52.536+0000] {dag.py:3954} INFO - Setting next_dagrun for clientes_dag to None, run_after=None
[2025-05-28T22:04:52.560+0000] {processor.py:183} INFO - Processing /opt/airflow/dags/clientes_dag.py took 2.951 seconds
[2025-05-28T22:05:22.775+0000] {processor.py:161} INFO - Started process (PID=216) to work on /opt/airflow/dags/clientes_dag.py
[2025-05-28T22:05:22.777+0000] {processor.py:830} INFO - Processing file /opt/airflow/dags/clientes_dag.py for tasks to queue
[2025-05-28T22:05:22.782+0000] {logging_mixin.py:188} INFO - [2025-05-28T22:05:22.781+0000] {dagbag.py:540} INFO - Filling up the DagBag from /opt/airflow/dags/clientes_dag.py
[2025-05-28T22:05:25.638+0000] {logging_mixin.py:188} WARNING - /opt/airflow/dags/clientes_dag.py:10 RemovedInAirflow3Warning: Param `schedule_interval` is deprecated and will be removed in a future release. Please use `schedule` instead.
[2025-05-28T22:05:25.643+0000] {processor.py:840} INFO - DAG(s) 'clientes_dag' retrieved from /opt/airflow/dags/clientes_dag.py
[2025-05-28T22:05:25.886+0000] {logging_mixin.py:188} INFO - [2025-05-28T22:05:25.885+0000] {dag.py:3096} INFO - Sync 1 DAGs
[2025-05-28T22:05:25.898+0000] {logging_mixin.py:188} INFO - [2025-05-28T22:05:25.897+0000] {dag.py:3954} INFO - Setting next_dagrun for clientes_dag to None, run_after=None
[2025-05-28T22:05:25.915+0000] {processor.py:183} INFO - Processing /opt/airflow/dags/clientes_dag.py took 3.152 seconds
[2025-05-28T22:05:56.085+0000] {processor.py:161} INFO - Started process (PID=230) to work on /opt/airflow/dags/clientes_dag.py
[2025-05-28T22:05:56.087+0000] {processor.py:830} INFO - Processing file /opt/airflow/dags/clientes_dag.py for tasks to queue
[2025-05-28T22:05:56.096+0000] {logging_mixin.py:188} INFO - [2025-05-28T22:05:56.096+0000] {dagbag.py:540} INFO - Filling up the DagBag from /opt/airflow/dags/clientes_dag.py
[2025-05-28T22:06:00.304+0000] {logging_mixin.py:188} WARNING - /opt/airflow/dags/clientes_dag.py:10 RemovedInAirflow3Warning: Param `schedule_interval` is deprecated and will be removed in a future release. Please use `schedule` instead.
[2025-05-28T22:06:00.311+0000] {processor.py:840} INFO - DAG(s) 'clientes_dag' retrieved from /opt/airflow/dags/clientes_dag.py
[2025-05-28T22:06:00.336+0000] {logging_mixin.py:188} INFO - [2025-05-28T22:06:00.335+0000] {dag.py:3096} INFO - Sync 1 DAGs
[2025-05-28T22:06:00.353+0000] {logging_mixin.py:188} INFO - [2025-05-28T22:06:00.353+0000] {dag.py:3954} INFO - Setting next_dagrun for clientes_dag to None, run_after=None
[2025-05-28T22:06:00.412+0000] {processor.py:183} INFO - Processing /opt/airflow/dags/clientes_dag.py took 4.370 seconds
[2025-05-28T22:06:30.657+0000] {processor.py:161} INFO - Started process (PID=244) to work on /opt/airflow/dags/clientes_dag.py
[2025-05-28T22:06:30.659+0000] {processor.py:830} INFO - Processing file /opt/airflow/dags/clientes_dag.py for tasks to queue
[2025-05-28T22:06:30.663+0000] {logging_mixin.py:188} INFO - [2025-05-28T22:06:30.662+0000] {dagbag.py:540} INFO - Filling up the DagBag from /opt/airflow/dags/clientes_dag.py
[2025-05-28T22:06:33.391+0000] {logging_mixin.py:188} WARNING - /opt/airflow/dags/clientes_dag.py:10 RemovedInAirflow3Warning: Param `schedule_interval` is deprecated and will be removed in a future release. Please use `schedule` instead.
[2025-05-28T22:06:33.397+0000] {processor.py:840} INFO - DAG(s) 'clientes_dag' retrieved from /opt/airflow/dags/clientes_dag.py
[2025-05-28T22:06:33.416+0000] {logging_mixin.py:188} INFO - [2025-05-28T22:06:33.416+0000] {dag.py:3096} INFO - Sync 1 DAGs
[2025-05-28T22:06:33.429+0000] {logging_mixin.py:188} INFO - [2025-05-28T22:06:33.428+0000] {dag.py:3954} INFO - Setting next_dagrun for clientes_dag to None, run_after=None
[2025-05-28T22:06:33.458+0000] {processor.py:183} INFO - Processing /opt/airflow/dags/clientes_dag.py took 2.812 seconds
[2025-05-28T22:07:03.658+0000] {processor.py:161} INFO - Started process (PID=258) to work on /opt/airflow/dags/clientes_dag.py
[2025-05-28T22:07:03.660+0000] {processor.py:830} INFO - Processing file /opt/airflow/dags/clientes_dag.py for tasks to queue
[2025-05-28T22:07:03.663+0000] {logging_mixin.py:188} INFO - [2025-05-28T22:07:03.663+0000] {dagbag.py:540} INFO - Filling up the DagBag from /opt/airflow/dags/clientes_dag.py
[2025-05-28T22:07:06.488+0000] {logging_mixin.py:188} WARNING - /opt/airflow/dags/clientes_dag.py:10 RemovedInAirflow3Warning: Param `schedule_interval` is deprecated and will be removed in a future release. Please use `schedule` instead.
[2025-05-28T22:07:06.493+0000] {processor.py:840} INFO - DAG(s) 'clientes_dag' retrieved from /opt/airflow/dags/clientes_dag.py
[2025-05-28T22:07:06.512+0000] {logging_mixin.py:188} INFO - [2025-05-28T22:07:06.512+0000] {dag.py:3096} INFO - Sync 1 DAGs
[2025-05-28T22:07:06.527+0000] {logging_mixin.py:188} INFO - [2025-05-28T22:07:06.526+0000] {dag.py:3954} INFO - Setting next_dagrun for clientes_dag to None, run_after=None
[2025-05-28T22:07:06.559+0000] {processor.py:183} INFO - Processing /opt/airflow/dags/clientes_dag.py took 2.911 seconds
[2025-05-28T22:07:36.683+0000] {processor.py:161} INFO - Started process (PID=272) to work on /opt/airflow/dags/clientes_dag.py
[2025-05-28T22:07:36.685+0000] {processor.py:830} INFO - Processing file /opt/airflow/dags/clientes_dag.py for tasks to queue
[2025-05-28T22:07:36.688+0000] {logging_mixin.py:188} INFO - [2025-05-28T22:07:36.687+0000] {dagbag.py:540} INFO - Filling up the DagBag from /opt/airflow/dags/clientes_dag.py
[2025-05-28T22:07:39.378+0000] {logging_mixin.py:188} WARNING - /opt/airflow/dags/clientes_dag.py:10 RemovedInAirflow3Warning: Param `schedule_interval` is deprecated and will be removed in a future release. Please use `schedule` instead.
[2025-05-28T22:07:39.383+0000] {processor.py:840} INFO - DAG(s) 'clientes_dag' retrieved from /opt/airflow/dags/clientes_dag.py
[2025-05-28T22:07:39.401+0000] {logging_mixin.py:188} INFO - [2025-05-28T22:07:39.400+0000] {dag.py:3096} INFO - Sync 1 DAGs
[2025-05-28T22:07:39.411+0000] {logging_mixin.py:188} INFO - [2025-05-28T22:07:39.411+0000] {dag.py:3954} INFO - Setting next_dagrun for clientes_dag to None, run_after=None
[2025-05-28T22:07:39.439+0000] {processor.py:183} INFO - Processing /opt/airflow/dags/clientes_dag.py took 2.765 seconds
[2025-05-28T22:08:09.698+0000] {processor.py:161} INFO - Started process (PID=286) to work on /opt/airflow/dags/clientes_dag.py
[2025-05-28T22:08:09.700+0000] {processor.py:830} INFO - Processing file /opt/airflow/dags/clientes_dag.py for tasks to queue
[2025-05-28T22:08:09.703+0000] {logging_mixin.py:188} INFO - [2025-05-28T22:08:09.703+0000] {dagbag.py:540} INFO - Filling up the DagBag from /opt/airflow/dags/clientes_dag.py
[2025-05-28T22:08:12.752+0000] {logging_mixin.py:188} WARNING - /opt/airflow/dags/clientes_dag.py:10 RemovedInAirflow3Warning: Param `schedule_interval` is deprecated and will be removed in a future release. Please use `schedule` instead.
[2025-05-28T22:08:12.757+0000] {processor.py:840} INFO - DAG(s) 'clientes_dag' retrieved from /opt/airflow/dags/clientes_dag.py
[2025-05-28T22:08:12.776+0000] {logging_mixin.py:188} INFO - [2025-05-28T22:08:12.776+0000] {dag.py:3096} INFO - Sync 1 DAGs
[2025-05-28T22:08:12.786+0000] {logging_mixin.py:188} INFO - [2025-05-28T22:08:12.786+0000] {dag.py:3954} INFO - Setting next_dagrun for clientes_dag to None, run_after=None
[2025-05-28T22:08:12.816+0000] {processor.py:183} INFO - Processing /opt/airflow/dags/clientes_dag.py took 3.129 seconds
[2025-05-28T22:08:42.939+0000] {processor.py:161} INFO - Started process (PID=300) to work on /opt/airflow/dags/clientes_dag.py
[2025-05-28T22:08:42.941+0000] {processor.py:830} INFO - Processing file /opt/airflow/dags/clientes_dag.py for tasks to queue
[2025-05-28T22:08:42.945+0000] {logging_mixin.py:188} INFO - [2025-05-28T22:08:42.945+0000] {dagbag.py:540} INFO - Filling up the DagBag from /opt/airflow/dags/clientes_dag.py
[2025-05-28T22:08:45.800+0000] {logging_mixin.py:188} WARNING - /opt/airflow/dags/clientes_dag.py:10 RemovedInAirflow3Warning: Param `schedule_interval` is deprecated and will be removed in a future release. Please use `schedule` instead.
[2025-05-28T22:08:45.805+0000] {processor.py:840} INFO - DAG(s) 'clientes_dag' retrieved from /opt/airflow/dags/clientes_dag.py
[2025-05-28T22:08:45.826+0000] {logging_mixin.py:188} INFO - [2025-05-28T22:08:45.826+0000] {dag.py:3096} INFO - Sync 1 DAGs
[2025-05-28T22:08:45.839+0000] {logging_mixin.py:188} INFO - [2025-05-28T22:08:45.839+0000] {dag.py:3954} INFO - Setting next_dagrun for clientes_dag to None, run_after=None
[2025-05-28T22:08:45.870+0000] {processor.py:183} INFO - Processing /opt/airflow/dags/clientes_dag.py took 2.945 seconds
[2025-05-28T22:09:16.108+0000] {processor.py:161} INFO - Started process (PID=314) to work on /opt/airflow/dags/clientes_dag.py
[2025-05-28T22:09:16.110+0000] {processor.py:830} INFO - Processing file /opt/airflow/dags/clientes_dag.py for tasks to queue
[2025-05-28T22:09:16.118+0000] {logging_mixin.py:188} INFO - [2025-05-28T22:09:16.116+0000] {dagbag.py:540} INFO - Filling up the DagBag from /opt/airflow/dags/clientes_dag.py
[2025-05-28T22:09:19.221+0000] {logging_mixin.py:188} WARNING - /opt/airflow/dags/clientes_dag.py:10 RemovedInAirflow3Warning: Param `schedule_interval` is deprecated and will be removed in a future release. Please use `schedule` instead.
[2025-05-28T22:09:19.227+0000] {processor.py:840} INFO - DAG(s) 'clientes_dag' retrieved from /opt/airflow/dags/clientes_dag.py
[2025-05-28T22:09:19.248+0000] {logging_mixin.py:188} INFO - [2025-05-28T22:09:19.247+0000] {dag.py:3096} INFO - Sync 1 DAGs
[2025-05-28T22:09:19.259+0000] {logging_mixin.py:188} INFO - [2025-05-28T22:09:19.259+0000] {dag.py:3954} INFO - Setting next_dagrun for clientes_dag to None, run_after=None
[2025-05-28T22:09:19.290+0000] {processor.py:183} INFO - Processing /opt/airflow/dags/clientes_dag.py took 3.203 seconds
[2025-05-28T22:09:49.505+0000] {processor.py:161} INFO - Started process (PID=328) to work on /opt/airflow/dags/clientes_dag.py
[2025-05-28T22:09:49.507+0000] {processor.py:830} INFO - Processing file /opt/airflow/dags/clientes_dag.py for tasks to queue
[2025-05-28T22:09:49.510+0000] {logging_mixin.py:188} INFO - [2025-05-28T22:09:49.510+0000] {dagbag.py:540} INFO - Filling up the DagBag from /opt/airflow/dags/clientes_dag.py
[2025-05-28T22:09:52.214+0000] {logging_mixin.py:188} WARNING - /opt/airflow/dags/clientes_dag.py:10 RemovedInAirflow3Warning: Param `schedule_interval` is deprecated and will be removed in a future release. Please use `schedule` instead.
[2025-05-28T22:09:52.220+0000] {processor.py:840} INFO - DAG(s) 'clientes_dag' retrieved from /opt/airflow/dags/clientes_dag.py
[2025-05-28T22:09:52.239+0000] {logging_mixin.py:188} INFO - [2025-05-28T22:09:52.238+0000] {dag.py:3096} INFO - Sync 1 DAGs
[2025-05-28T22:09:52.249+0000] {logging_mixin.py:188} INFO - [2025-05-28T22:09:52.249+0000] {dag.py:3954} INFO - Setting next_dagrun for clientes_dag to None, run_after=None
[2025-05-28T22:09:52.278+0000] {processor.py:183} INFO - Processing /opt/airflow/dags/clientes_dag.py took 2.783 seconds
[2025-05-28T22:10:22.527+0000] {processor.py:161} INFO - Started process (PID=342) to work on /opt/airflow/dags/clientes_dag.py
[2025-05-28T22:10:22.528+0000] {processor.py:830} INFO - Processing file /opt/airflow/dags/clientes_dag.py for tasks to queue
[2025-05-28T22:10:22.537+0000] {logging_mixin.py:188} INFO - [2025-05-28T22:10:22.536+0000] {dagbag.py:540} INFO - Filling up the DagBag from /opt/airflow/dags/clientes_dag.py
[2025-05-28T22:10:25.446+0000] {logging_mixin.py:188} WARNING - /opt/airflow/dags/clientes_dag.py:10 RemovedInAirflow3Warning: Param `schedule_interval` is deprecated and will be removed in a future release. Please use `schedule` instead.
[2025-05-28T22:10:25.451+0000] {processor.py:840} INFO - DAG(s) 'clientes_dag' retrieved from /opt/airflow/dags/clientes_dag.py
[2025-05-28T22:10:25.469+0000] {logging_mixin.py:188} INFO - [2025-05-28T22:10:25.468+0000] {dag.py:3096} INFO - Sync 1 DAGs
[2025-05-28T22:10:25.479+0000] {logging_mixin.py:188} INFO - [2025-05-28T22:10:25.479+0000] {dag.py:3954} INFO - Setting next_dagrun for clientes_dag to None, run_after=None
[2025-05-28T22:10:25.495+0000] {processor.py:183} INFO - Processing /opt/airflow/dags/clientes_dag.py took 2.979 seconds
[2025-05-28T22:10:55.740+0000] {processor.py:161} INFO - Started process (PID=356) to work on /opt/airflow/dags/clientes_dag.py
[2025-05-28T22:10:55.742+0000] {processor.py:830} INFO - Processing file /opt/airflow/dags/clientes_dag.py for tasks to queue
[2025-05-28T22:10:55.746+0000] {logging_mixin.py:188} INFO - [2025-05-28T22:10:55.745+0000] {dagbag.py:540} INFO - Filling up the DagBag from /opt/airflow/dags/clientes_dag.py
[2025-05-28T22:10:59.016+0000] {logging_mixin.py:188} WARNING - /opt/airflow/dags/clientes_dag.py:10 RemovedInAirflow3Warning: Param `schedule_interval` is deprecated and will be removed in a future release. Please use `schedule` instead.
[2025-05-28T22:10:59.020+0000] {processor.py:840} INFO - DAG(s) 'clientes_dag' retrieved from /opt/airflow/dags/clientes_dag.py
[2025-05-28T22:10:59.041+0000] {logging_mixin.py:188} INFO - [2025-05-28T22:10:59.040+0000] {dag.py:3096} INFO - Sync 1 DAGs
[2025-05-28T22:10:59.056+0000] {logging_mixin.py:188} INFO - [2025-05-28T22:10:59.055+0000] {dag.py:3954} INFO - Setting next_dagrun for clientes_dag to None, run_after=None
[2025-05-28T22:10:59.076+0000] {processor.py:183} INFO - Processing /opt/airflow/dags/clientes_dag.py took 3.346 seconds
[2025-05-28T22:11:29.289+0000] {processor.py:161} INFO - Started process (PID=370) to work on /opt/airflow/dags/clientes_dag.py
[2025-05-28T22:11:29.291+0000] {processor.py:830} INFO - Processing file /opt/airflow/dags/clientes_dag.py for tasks to queue
[2025-05-28T22:11:29.295+0000] {logging_mixin.py:188} INFO - [2025-05-28T22:11:29.294+0000] {dagbag.py:540} INFO - Filling up the DagBag from /opt/airflow/dags/clientes_dag.py
[2025-05-28T22:11:31.919+0000] {logging_mixin.py:188} WARNING - /opt/airflow/dags/clientes_dag.py:10 RemovedInAirflow3Warning: Param `schedule_interval` is deprecated and will be removed in a future release. Please use `schedule` instead.
[2025-05-28T22:11:31.924+0000] {processor.py:840} INFO - DAG(s) 'clientes_dag' retrieved from /opt/airflow/dags/clientes_dag.py
[2025-05-28T22:11:31.942+0000] {logging_mixin.py:188} INFO - [2025-05-28T22:11:31.942+0000] {dag.py:3096} INFO - Sync 1 DAGs
[2025-05-28T22:11:31.953+0000] {logging_mixin.py:188} INFO - [2025-05-28T22:11:31.953+0000] {dag.py:3954} INFO - Setting next_dagrun for clientes_dag to None, run_after=None
[2025-05-28T22:11:31.981+0000] {processor.py:183} INFO - Processing /opt/airflow/dags/clientes_dag.py took 2.704 seconds
[2025-05-28T22:12:02.204+0000] {processor.py:161} INFO - Started process (PID=384) to work on /opt/airflow/dags/clientes_dag.py
[2025-05-28T22:12:02.206+0000] {processor.py:830} INFO - Processing file /opt/airflow/dags/clientes_dag.py for tasks to queue
[2025-05-28T22:12:02.210+0000] {logging_mixin.py:188} INFO - [2025-05-28T22:12:02.209+0000] {dagbag.py:540} INFO - Filling up the DagBag from /opt/airflow/dags/clientes_dag.py
[2025-05-28T22:12:04.869+0000] {logging_mixin.py:188} WARNING - /opt/airflow/dags/clientes_dag.py:10 RemovedInAirflow3Warning: Param `schedule_interval` is deprecated and will be removed in a future release. Please use `schedule` instead.
[2025-05-28T22:12:04.874+0000] {processor.py:840} INFO - DAG(s) 'clientes_dag' retrieved from /opt/airflow/dags/clientes_dag.py
[2025-05-28T22:12:04.892+0000] {logging_mixin.py:188} INFO - [2025-05-28T22:12:04.891+0000] {dag.py:3096} INFO - Sync 1 DAGs
[2025-05-28T22:12:04.907+0000] {logging_mixin.py:188} INFO - [2025-05-28T22:12:04.907+0000] {dag.py:3954} INFO - Setting next_dagrun for clientes_dag to None, run_after=None
[2025-05-28T22:12:04.945+0000] {processor.py:183} INFO - Processing /opt/airflow/dags/clientes_dag.py took 2.753 seconds
[2025-05-28T22:12:35.140+0000] {processor.py:161} INFO - Started process (PID=398) to work on /opt/airflow/dags/clientes_dag.py
[2025-05-28T22:12:35.142+0000] {processor.py:830} INFO - Processing file /opt/airflow/dags/clientes_dag.py for tasks to queue
[2025-05-28T22:12:35.146+0000] {logging_mixin.py:188} INFO - [2025-05-28T22:12:35.145+0000] {dagbag.py:540} INFO - Filling up the DagBag from /opt/airflow/dags/clientes_dag.py
[2025-05-28T22:12:38.137+0000] {logging_mixin.py:188} WARNING - /opt/airflow/dags/clientes_dag.py:10 RemovedInAirflow3Warning: Param `schedule_interval` is deprecated and will be removed in a future release. Please use `schedule` instead.
[2025-05-28T22:12:38.142+0000] {processor.py:840} INFO - DAG(s) 'clientes_dag' retrieved from /opt/airflow/dags/clientes_dag.py
[2025-05-28T22:12:38.162+0000] {logging_mixin.py:188} INFO - [2025-05-28T22:12:38.161+0000] {dag.py:3096} INFO - Sync 1 DAGs
[2025-05-28T22:12:38.172+0000] {logging_mixin.py:188} INFO - [2025-05-28T22:12:38.172+0000] {dag.py:3954} INFO - Setting next_dagrun for clientes_dag to None, run_after=None
[2025-05-28T22:12:38.200+0000] {processor.py:183} INFO - Processing /opt/airflow/dags/clientes_dag.py took 3.070 seconds
[2025-05-28T22:13:08.378+0000] {processor.py:161} INFO - Started process (PID=412) to work on /opt/airflow/dags/clientes_dag.py
[2025-05-28T22:13:08.380+0000] {processor.py:830} INFO - Processing file /opt/airflow/dags/clientes_dag.py for tasks to queue
[2025-05-28T22:13:08.383+0000] {logging_mixin.py:188} INFO - [2025-05-28T22:13:08.383+0000] {dagbag.py:540} INFO - Filling up the DagBag from /opt/airflow/dags/clientes_dag.py
[2025-05-28T22:13:11.046+0000] {logging_mixin.py:188} WARNING - /opt/airflow/dags/clientes_dag.py:10 RemovedInAirflow3Warning: Param `schedule_interval` is deprecated and will be removed in a future release. Please use `schedule` instead.
[2025-05-28T22:13:11.052+0000] {processor.py:840} INFO - DAG(s) 'clientes_dag' retrieved from /opt/airflow/dags/clientes_dag.py
[2025-05-28T22:13:11.071+0000] {logging_mixin.py:188} INFO - [2025-05-28T22:13:11.070+0000] {dag.py:3096} INFO - Sync 1 DAGs
[2025-05-28T22:13:11.085+0000] {logging_mixin.py:188} INFO - [2025-05-28T22:13:11.084+0000] {dag.py:3954} INFO - Setting next_dagrun for clientes_dag to None, run_after=None
[2025-05-28T22:13:11.122+0000] {processor.py:183} INFO - Processing /opt/airflow/dags/clientes_dag.py took 2.756 seconds
[2025-05-28T22:13:41.360+0000] {processor.py:161} INFO - Started process (PID=426) to work on /opt/airflow/dags/clientes_dag.py
[2025-05-28T22:13:41.361+0000] {processor.py:830} INFO - Processing file /opt/airflow/dags/clientes_dag.py for tasks to queue
[2025-05-28T22:13:41.364+0000] {logging_mixin.py:188} INFO - [2025-05-28T22:13:41.364+0000] {dagbag.py:540} INFO - Filling up the DagBag from /opt/airflow/dags/clientes_dag.py
[2025-05-28T22:13:44.220+0000] {logging_mixin.py:188} WARNING - /opt/airflow/dags/clientes_dag.py:10 RemovedInAirflow3Warning: Param `schedule_interval` is deprecated and will be removed in a future release. Please use `schedule` instead.
[2025-05-28T22:13:44.225+0000] {processor.py:840} INFO - DAG(s) 'clientes_dag' retrieved from /opt/airflow/dags/clientes_dag.py
[2025-05-28T22:13:44.243+0000] {logging_mixin.py:188} INFO - [2025-05-28T22:13:44.243+0000] {dag.py:3096} INFO - Sync 1 DAGs
[2025-05-28T22:13:44.256+0000] {logging_mixin.py:188} INFO - [2025-05-28T22:13:44.255+0000] {dag.py:3954} INFO - Setting next_dagrun for clientes_dag to None, run_after=None
[2025-05-28T22:13:44.285+0000] {processor.py:183} INFO - Processing /opt/airflow/dags/clientes_dag.py took 2.937 seconds
[2025-05-28T22:14:14.532+0000] {processor.py:161} INFO - Started process (PID=440) to work on /opt/airflow/dags/clientes_dag.py
[2025-05-28T22:14:14.534+0000] {processor.py:830} INFO - Processing file /opt/airflow/dags/clientes_dag.py for tasks to queue
[2025-05-28T22:14:14.538+0000] {logging_mixin.py:188} INFO - [2025-05-28T22:14:14.537+0000] {dagbag.py:540} INFO - Filling up the DagBag from /opt/airflow/dags/clientes_dag.py
[2025-05-28T22:14:17.398+0000] {logging_mixin.py:188} WARNING - /opt/airflow/dags/clientes_dag.py:10 RemovedInAirflow3Warning: Param `schedule_interval` is deprecated and will be removed in a future release. Please use `schedule` instead.
[2025-05-28T22:14:17.403+0000] {processor.py:840} INFO - DAG(s) 'clientes_dag' retrieved from /opt/airflow/dags/clientes_dag.py
[2025-05-28T22:14:17.429+0000] {logging_mixin.py:188} INFO - [2025-05-28T22:14:17.428+0000] {dag.py:3096} INFO - Sync 1 DAGs
[2025-05-28T22:14:17.442+0000] {logging_mixin.py:188} INFO - [2025-05-28T22:14:17.442+0000] {dag.py:3954} INFO - Setting next_dagrun for clientes_dag to None, run_after=None
[2025-05-28T22:14:17.471+0000] {processor.py:183} INFO - Processing /opt/airflow/dags/clientes_dag.py took 2.953 seconds
[2025-05-28T22:14:47.726+0000] {processor.py:161} INFO - Started process (PID=454) to work on /opt/airflow/dags/clientes_dag.py
[2025-05-28T22:14:47.728+0000] {processor.py:830} INFO - Processing file /opt/airflow/dags/clientes_dag.py for tasks to queue
[2025-05-28T22:14:47.732+0000] {logging_mixin.py:188} INFO - [2025-05-28T22:14:47.731+0000] {dagbag.py:540} INFO - Filling up the DagBag from /opt/airflow/dags/clientes_dag.py
[2025-05-28T22:14:51.043+0000] {logging_mixin.py:188} WARNING - /opt/airflow/dags/clientes_dag.py:10 RemovedInAirflow3Warning: Param `schedule_interval` is deprecated and will be removed in a future release. Please use `schedule` instead.
[2025-05-28T22:14:51.048+0000] {processor.py:840} INFO - DAG(s) 'clientes_dag' retrieved from /opt/airflow/dags/clientes_dag.py
[2025-05-28T22:14:51.067+0000] {logging_mixin.py:188} INFO - [2025-05-28T22:14:51.067+0000] {dag.py:3096} INFO - Sync 1 DAGs
[2025-05-28T22:14:51.082+0000] {logging_mixin.py:188} INFO - [2025-05-28T22:14:51.082+0000] {dag.py:3954} INFO - Setting next_dagrun for clientes_dag to None, run_after=None
[2025-05-28T22:14:51.102+0000] {processor.py:183} INFO - Processing /opt/airflow/dags/clientes_dag.py took 3.387 seconds
[2025-05-28T22:15:21.241+0000] {processor.py:161} INFO - Started process (PID=468) to work on /opt/airflow/dags/clientes_dag.py
[2025-05-28T22:15:21.247+0000] {processor.py:830} INFO - Processing file /opt/airflow/dags/clientes_dag.py for tasks to queue
[2025-05-28T22:15:21.252+0000] {logging_mixin.py:188} INFO - [2025-05-28T22:15:21.252+0000] {dagbag.py:540} INFO - Filling up the DagBag from /opt/airflow/dags/clientes_dag.py
[2025-05-28T22:15:24.529+0000] {logging_mixin.py:188} WARNING - /opt/airflow/dags/clientes_dag.py:10 RemovedInAirflow3Warning: Param `schedule_interval` is deprecated and will be removed in a future release. Please use `schedule` instead.
[2025-05-28T22:15:24.534+0000] {processor.py:840} INFO - DAG(s) 'clientes_dag' retrieved from /opt/airflow/dags/clientes_dag.py
[2025-05-28T22:15:24.553+0000] {logging_mixin.py:188} INFO - [2025-05-28T22:15:24.552+0000] {dag.py:3096} INFO - Sync 1 DAGs
[2025-05-28T22:15:24.566+0000] {logging_mixin.py:188} INFO - [2025-05-28T22:15:24.566+0000] {dag.py:3954} INFO - Setting next_dagrun for clientes_dag to None, run_after=None
[2025-05-28T22:15:24.604+0000] {processor.py:183} INFO - Processing /opt/airflow/dags/clientes_dag.py took 3.389 seconds
[2025-05-28T22:15:54.826+0000] {processor.py:161} INFO - Started process (PID=482) to work on /opt/airflow/dags/clientes_dag.py
[2025-05-28T22:15:54.828+0000] {processor.py:830} INFO - Processing file /opt/airflow/dags/clientes_dag.py for tasks to queue
[2025-05-28T22:15:54.832+0000] {logging_mixin.py:188} INFO - [2025-05-28T22:15:54.831+0000] {dagbag.py:540} INFO - Filling up the DagBag from /opt/airflow/dags/clientes_dag.py
[2025-05-28T22:15:57.466+0000] {logging_mixin.py:188} WARNING - /opt/airflow/dags/clientes_dag.py:10 RemovedInAirflow3Warning: Param `schedule_interval` is deprecated and will be removed in a future release. Please use `schedule` instead.
[2025-05-28T22:15:57.471+0000] {processor.py:840} INFO - DAG(s) 'clientes_dag' retrieved from /opt/airflow/dags/clientes_dag.py
[2025-05-28T22:15:57.496+0000] {logging_mixin.py:188} INFO - [2025-05-28T22:15:57.495+0000] {dag.py:3096} INFO - Sync 1 DAGs
[2025-05-28T22:15:57.509+0000] {logging_mixin.py:188} INFO - [2025-05-28T22:15:57.509+0000] {dag.py:3954} INFO - Setting next_dagrun for clientes_dag to None, run_after=None
[2025-05-28T22:15:57.547+0000] {processor.py:183} INFO - Processing /opt/airflow/dags/clientes_dag.py took 2.731 seconds
[2025-05-28T22:16:27.664+0000] {processor.py:161} INFO - Started process (PID=496) to work on /opt/airflow/dags/clientes_dag.py
[2025-05-28T22:16:27.666+0000] {processor.py:830} INFO - Processing file /opt/airflow/dags/clientes_dag.py for tasks to queue
[2025-05-28T22:16:27.672+0000] {logging_mixin.py:188} INFO - [2025-05-28T22:16:27.671+0000] {dagbag.py:540} INFO - Filling up the DagBag from /opt/airflow/dags/clientes_dag.py
[2025-05-28T22:16:30.256+0000] {logging_mixin.py:188} WARNING - /opt/airflow/dags/clientes_dag.py:10 RemovedInAirflow3Warning: Param `schedule_interval` is deprecated and will be removed in a future release. Please use `schedule` instead.
[2025-05-28T22:16:30.261+0000] {processor.py:840} INFO - DAG(s) 'clientes_dag' retrieved from /opt/airflow/dags/clientes_dag.py
[2025-05-28T22:16:30.280+0000] {logging_mixin.py:188} INFO - [2025-05-28T22:16:30.279+0000] {dag.py:3096} INFO - Sync 1 DAGs
[2025-05-28T22:16:30.290+0000] {logging_mixin.py:188} INFO - [2025-05-28T22:16:30.290+0000] {dag.py:3954} INFO - Setting next_dagrun for clientes_dag to None, run_after=None
[2025-05-28T22:16:30.320+0000] {processor.py:183} INFO - Processing /opt/airflow/dags/clientes_dag.py took 2.668 seconds
[2025-05-28T22:17:00.536+0000] {processor.py:161} INFO - Started process (PID=510) to work on /opt/airflow/dags/clientes_dag.py
[2025-05-28T22:17:00.538+0000] {processor.py:830} INFO - Processing file /opt/airflow/dags/clientes_dag.py for tasks to queue
[2025-05-28T22:17:00.541+0000] {logging_mixin.py:188} INFO - [2025-05-28T22:17:00.541+0000] {dagbag.py:540} INFO - Filling up the DagBag from /opt/airflow/dags/clientes_dag.py
[2025-05-28T22:17:03.123+0000] {logging_mixin.py:188} WARNING - /opt/airflow/dags/clientes_dag.py:10 RemovedInAirflow3Warning: Param `schedule_interval` is deprecated and will be removed in a future release. Please use `schedule` instead.
[2025-05-28T22:17:03.127+0000] {processor.py:840} INFO - DAG(s) 'clientes_dag' retrieved from /opt/airflow/dags/clientes_dag.py
[2025-05-28T22:17:03.146+0000] {logging_mixin.py:188} INFO - [2025-05-28T22:17:03.146+0000] {dag.py:3096} INFO - Sync 1 DAGs
[2025-05-28T22:17:03.161+0000] {logging_mixin.py:188} INFO - [2025-05-28T22:17:03.161+0000] {dag.py:3954} INFO - Setting next_dagrun for clientes_dag to None, run_after=None
[2025-05-28T22:17:03.200+0000] {processor.py:183} INFO - Processing /opt/airflow/dags/clientes_dag.py took 2.677 seconds
[2025-05-28T22:17:33.417+0000] {processor.py:161} INFO - Started process (PID=524) to work on /opt/airflow/dags/clientes_dag.py
[2025-05-28T22:17:33.419+0000] {processor.py:830} INFO - Processing file /opt/airflow/dags/clientes_dag.py for tasks to queue
[2025-05-28T22:17:33.423+0000] {logging_mixin.py:188} INFO - [2025-05-28T22:17:33.422+0000] {dagbag.py:540} INFO - Filling up the DagBag from /opt/airflow/dags/clientes_dag.py
[2025-05-28T22:17:36.305+0000] {logging_mixin.py:188} WARNING - /opt/airflow/dags/clientes_dag.py:10 RemovedInAirflow3Warning: Param `schedule_interval` is deprecated and will be removed in a future release. Please use `schedule` instead.
[2025-05-28T22:17:36.310+0000] {processor.py:840} INFO - DAG(s) 'clientes_dag' retrieved from /opt/airflow/dags/clientes_dag.py
[2025-05-28T22:17:36.330+0000] {logging_mixin.py:188} INFO - [2025-05-28T22:17:36.329+0000] {dag.py:3096} INFO - Sync 1 DAGs
[2025-05-28T22:17:36.344+0000] {logging_mixin.py:188} INFO - [2025-05-28T22:17:36.344+0000] {dag.py:3954} INFO - Setting next_dagrun for clientes_dag to None, run_after=None
[2025-05-28T22:17:36.376+0000] {processor.py:183} INFO - Processing /opt/airflow/dags/clientes_dag.py took 2.975 seconds
[2025-05-28T22:18:06.575+0000] {processor.py:161} INFO - Started process (PID=538) to work on /opt/airflow/dags/clientes_dag.py
[2025-05-28T22:18:06.577+0000] {processor.py:830} INFO - Processing file /opt/airflow/dags/clientes_dag.py for tasks to queue
[2025-05-28T22:18:06.581+0000] {logging_mixin.py:188} INFO - [2025-05-28T22:18:06.580+0000] {dagbag.py:540} INFO - Filling up the DagBag from /opt/airflow/dags/clientes_dag.py
[2025-05-28T22:18:09.388+0000] {logging_mixin.py:188} WARNING - /opt/airflow/dags/clientes_dag.py:10 RemovedInAirflow3Warning: Param `schedule_interval` is deprecated and will be removed in a future release. Please use `schedule` instead.
[2025-05-28T22:18:09.394+0000] {processor.py:840} INFO - DAG(s) 'clientes_dag' retrieved from /opt/airflow/dags/clientes_dag.py
[2025-05-28T22:18:09.416+0000] {logging_mixin.py:188} INFO - [2025-05-28T22:18:09.416+0000] {dag.py:3096} INFO - Sync 1 DAGs
[2025-05-28T22:18:09.433+0000] {logging_mixin.py:188} INFO - [2025-05-28T22:18:09.432+0000] {dag.py:3954} INFO - Setting next_dagrun for clientes_dag to None, run_after=None
[2025-05-28T22:18:09.460+0000] {processor.py:183} INFO - Processing /opt/airflow/dags/clientes_dag.py took 2.897 seconds
[2025-05-28T22:18:39.766+0000] {processor.py:161} INFO - Started process (PID=552) to work on /opt/airflow/dags/clientes_dag.py
[2025-05-28T22:18:39.796+0000] {processor.py:830} INFO - Processing file /opt/airflow/dags/clientes_dag.py for tasks to queue
[2025-05-28T22:18:39.839+0000] {logging_mixin.py:188} INFO - [2025-05-28T22:18:39.838+0000] {dagbag.py:540} INFO - Filling up the DagBag from /opt/airflow/dags/clientes_dag.py
[2025-05-28T22:18:42.564+0000] {logging_mixin.py:188} WARNING - /opt/airflow/dags/clientes_dag.py:10 RemovedInAirflow3Warning: Param `schedule_interval` is deprecated and will be removed in a future release. Please use `schedule` instead.
[2025-05-28T22:18:42.569+0000] {processor.py:840} INFO - DAG(s) 'clientes_dag' retrieved from /opt/airflow/dags/clientes_dag.py
[2025-05-28T22:18:42.590+0000] {logging_mixin.py:188} INFO - [2025-05-28T22:18:42.589+0000] {dag.py:3096} INFO - Sync 1 DAGs
[2025-05-28T22:18:42.600+0000] {logging_mixin.py:188} INFO - [2025-05-28T22:18:42.599+0000] {dag.py:3954} INFO - Setting next_dagrun for clientes_dag to None, run_after=None
[2025-05-28T22:18:42.638+0000] {processor.py:183} INFO - Processing /opt/airflow/dags/clientes_dag.py took 2.883 seconds
[2025-05-28T22:19:12.847+0000] {processor.py:161} INFO - Started process (PID=566) to work on /opt/airflow/dags/clientes_dag.py
[2025-05-28T22:19:12.848+0000] {processor.py:830} INFO - Processing file /opt/airflow/dags/clientes_dag.py for tasks to queue
[2025-05-28T22:19:12.853+0000] {logging_mixin.py:188} INFO - [2025-05-28T22:19:12.852+0000] {dagbag.py:540} INFO - Filling up the DagBag from /opt/airflow/dags/clientes_dag.py
[2025-05-28T22:19:15.457+0000] {logging_mixin.py:188} WARNING - /opt/airflow/dags/clientes_dag.py:10 RemovedInAirflow3Warning: Param `schedule_interval` is deprecated and will be removed in a future release. Please use `schedule` instead.
[2025-05-28T22:19:15.463+0000] {processor.py:840} INFO - DAG(s) 'clientes_dag' retrieved from /opt/airflow/dags/clientes_dag.py
[2025-05-28T22:19:15.481+0000] {logging_mixin.py:188} INFO - [2025-05-28T22:19:15.481+0000] {dag.py:3096} INFO - Sync 1 DAGs
[2025-05-28T22:19:15.491+0000] {logging_mixin.py:188} INFO - [2025-05-28T22:19:15.491+0000] {dag.py:3954} INFO - Setting next_dagrun for clientes_dag to None, run_after=None
[2025-05-28T22:19:15.508+0000] {processor.py:183} INFO - Processing /opt/airflow/dags/clientes_dag.py took 2.671 seconds
[2025-05-28T22:19:45.711+0000] {processor.py:161} INFO - Started process (PID=580) to work on /opt/airflow/dags/clientes_dag.py
[2025-05-28T22:19:45.712+0000] {processor.py:830} INFO - Processing file /opt/airflow/dags/clientes_dag.py for tasks to queue
[2025-05-28T22:19:45.716+0000] {logging_mixin.py:188} INFO - [2025-05-28T22:19:45.715+0000] {dagbag.py:540} INFO - Filling up the DagBag from /opt/airflow/dags/clientes_dag.py
[2025-05-28T22:19:48.620+0000] {logging_mixin.py:188} WARNING - /opt/airflow/dags/clientes_dag.py:10 RemovedInAirflow3Warning: Param `schedule_interval` is deprecated and will be removed in a future release. Please use `schedule` instead.
[2025-05-28T22:19:48.624+0000] {processor.py:840} INFO - DAG(s) 'clientes_dag' retrieved from /opt/airflow/dags/clientes_dag.py
[2025-05-28T22:19:48.643+0000] {logging_mixin.py:188} INFO - [2025-05-28T22:19:48.642+0000] {dag.py:3096} INFO - Sync 1 DAGs
[2025-05-28T22:19:48.653+0000] {logging_mixin.py:188} INFO - [2025-05-28T22:19:48.653+0000] {dag.py:3954} INFO - Setting next_dagrun for clientes_dag to None, run_after=None
[2025-05-28T22:19:48.680+0000] {processor.py:183} INFO - Processing /opt/airflow/dags/clientes_dag.py took 2.980 seconds
[2025-05-28T22:20:18.895+0000] {processor.py:161} INFO - Started process (PID=594) to work on /opt/airflow/dags/clientes_dag.py
[2025-05-28T22:20:18.897+0000] {processor.py:830} INFO - Processing file /opt/airflow/dags/clientes_dag.py for tasks to queue
[2025-05-28T22:20:18.901+0000] {logging_mixin.py:188} INFO - [2025-05-28T22:20:18.900+0000] {dagbag.py:540} INFO - Filling up the DagBag from /opt/airflow/dags/clientes_dag.py
[2025-05-28T22:20:21.646+0000] {logging_mixin.py:188} WARNING - /opt/airflow/dags/clientes_dag.py:10 RemovedInAirflow3Warning: Param `schedule_interval` is deprecated and will be removed in a future release. Please use `schedule` instead.
[2025-05-28T22:20:21.651+0000] {processor.py:840} INFO - DAG(s) 'clientes_dag' retrieved from /opt/airflow/dags/clientes_dag.py
[2025-05-28T22:20:21.670+0000] {logging_mixin.py:188} INFO - [2025-05-28T22:20:21.670+0000] {dag.py:3096} INFO - Sync 1 DAGs
[2025-05-28T22:20:21.682+0000] {logging_mixin.py:188} INFO - [2025-05-28T22:20:21.681+0000] {dag.py:3954} INFO - Setting next_dagrun for clientes_dag to None, run_after=None
[2025-05-28T22:20:21.716+0000] {processor.py:183} INFO - Processing /opt/airflow/dags/clientes_dag.py took 2.832 seconds
[2025-05-28T22:20:51.904+0000] {processor.py:161} INFO - Started process (PID=608) to work on /opt/airflow/dags/clientes_dag.py
[2025-05-28T22:20:51.907+0000] {processor.py:830} INFO - Processing file /opt/airflow/dags/clientes_dag.py for tasks to queue
[2025-05-28T22:20:51.911+0000] {logging_mixin.py:188} INFO - [2025-05-28T22:20:51.910+0000] {dagbag.py:540} INFO - Filling up the DagBag from /opt/airflow/dags/clientes_dag.py
[2025-05-28T22:20:54.680+0000] {logging_mixin.py:188} WARNING - /opt/airflow/dags/clientes_dag.py:10 RemovedInAirflow3Warning: Param `schedule_interval` is deprecated and will be removed in a future release. Please use `schedule` instead.
[2025-05-28T22:20:54.687+0000] {processor.py:840} INFO - DAG(s) 'clientes_dag' retrieved from /opt/airflow/dags/clientes_dag.py
[2025-05-28T22:20:54.712+0000] {logging_mixin.py:188} INFO - [2025-05-28T22:20:54.711+0000] {dag.py:3096} INFO - Sync 1 DAGs
[2025-05-28T22:20:54.731+0000] {logging_mixin.py:188} INFO - [2025-05-28T22:20:54.731+0000] {dag.py:3954} INFO - Setting next_dagrun for clientes_dag to None, run_after=None
[2025-05-28T22:20:54.770+0000] {processor.py:183} INFO - Processing /opt/airflow/dags/clientes_dag.py took 2.879 seconds
[2025-05-28T22:21:24.987+0000] {processor.py:161} INFO - Started process (PID=622) to work on /opt/airflow/dags/clientes_dag.py
[2025-05-28T22:21:24.989+0000] {processor.py:830} INFO - Processing file /opt/airflow/dags/clientes_dag.py for tasks to queue
[2025-05-28T22:21:24.993+0000] {logging_mixin.py:188} INFO - [2025-05-28T22:21:24.993+0000] {dagbag.py:540} INFO - Filling up the DagBag from /opt/airflow/dags/clientes_dag.py
[2025-05-28T22:21:27.838+0000] {logging_mixin.py:188} WARNING - /opt/airflow/dags/clientes_dag.py:10 RemovedInAirflow3Warning: Param `schedule_interval` is deprecated and will be removed in a future release. Please use `schedule` instead.
[2025-05-28T22:21:27.843+0000] {processor.py:840} INFO - DAG(s) 'clientes_dag' retrieved from /opt/airflow/dags/clientes_dag.py
[2025-05-28T22:21:27.862+0000] {logging_mixin.py:188} INFO - [2025-05-28T22:21:27.861+0000] {dag.py:3096} INFO - Sync 1 DAGs
[2025-05-28T22:21:27.873+0000] {logging_mixin.py:188} INFO - [2025-05-28T22:21:27.872+0000] {dag.py:3954} INFO - Setting next_dagrun for clientes_dag to None, run_after=None
[2025-05-28T22:21:27.889+0000] {processor.py:183} INFO - Processing /opt/airflow/dags/clientes_dag.py took 2.913 seconds
[2025-05-28T22:21:58.095+0000] {processor.py:161} INFO - Started process (PID=636) to work on /opt/airflow/dags/clientes_dag.py
[2025-05-28T22:21:58.097+0000] {processor.py:830} INFO - Processing file /opt/airflow/dags/clientes_dag.py for tasks to queue
[2025-05-28T22:21:58.102+0000] {logging_mixin.py:188} INFO - [2025-05-28T22:21:58.101+0000] {dagbag.py:540} INFO - Filling up the DagBag from /opt/airflow/dags/clientes_dag.py
[2025-05-28T22:22:00.940+0000] {logging_mixin.py:188} WARNING - /opt/airflow/dags/clientes_dag.py:10 RemovedInAirflow3Warning: Param `schedule_interval` is deprecated and will be removed in a future release. Please use `schedule` instead.
[2025-05-28T22:22:00.945+0000] {processor.py:840} INFO - DAG(s) 'clientes_dag' retrieved from /opt/airflow/dags/clientes_dag.py
[2025-05-28T22:22:00.968+0000] {logging_mixin.py:188} INFO - [2025-05-28T22:22:00.968+0000] {dag.py:3096} INFO - Sync 1 DAGs
[2025-05-28T22:22:00.980+0000] {logging_mixin.py:188} INFO - [2025-05-28T22:22:00.979+0000] {dag.py:3954} INFO - Setting next_dagrun for clientes_dag to None, run_after=None
[2025-05-28T22:22:01.015+0000] {processor.py:183} INFO - Processing /opt/airflow/dags/clientes_dag.py took 2.931 seconds
[2025-05-28T22:22:31.237+0000] {processor.py:161} INFO - Started process (PID=650) to work on /opt/airflow/dags/clientes_dag.py
[2025-05-28T22:22:31.239+0000] {processor.py:830} INFO - Processing file /opt/airflow/dags/clientes_dag.py for tasks to queue
[2025-05-28T22:22:31.243+0000] {logging_mixin.py:188} INFO - [2025-05-28T22:22:31.242+0000] {dagbag.py:540} INFO - Filling up the DagBag from /opt/airflow/dags/clientes_dag.py
[2025-05-28T22:22:33.992+0000] {logging_mixin.py:188} WARNING - /opt/airflow/dags/clientes_dag.py:10 RemovedInAirflow3Warning: Param `schedule_interval` is deprecated and will be removed in a future release. Please use `schedule` instead.
[2025-05-28T22:22:33.996+0000] {processor.py:840} INFO - DAG(s) 'clientes_dag' retrieved from /opt/airflow/dags/clientes_dag.py
[2025-05-28T22:22:34.015+0000] {logging_mixin.py:188} INFO - [2025-05-28T22:22:34.014+0000] {dag.py:3096} INFO - Sync 1 DAGs
[2025-05-28T22:22:34.025+0000] {logging_mixin.py:188} INFO - [2025-05-28T22:22:34.025+0000] {dag.py:3954} INFO - Setting next_dagrun for clientes_dag to None, run_after=None
[2025-05-28T22:22:34.052+0000] {processor.py:183} INFO - Processing /opt/airflow/dags/clientes_dag.py took 2.828 seconds
[2025-05-28T22:23:04.136+0000] {processor.py:161} INFO - Started process (PID=664) to work on /opt/airflow/dags/clientes_dag.py
[2025-05-28T22:23:04.138+0000] {processor.py:830} INFO - Processing file /opt/airflow/dags/clientes_dag.py for tasks to queue
[2025-05-28T22:23:04.142+0000] {logging_mixin.py:188} INFO - [2025-05-28T22:23:04.141+0000] {dagbag.py:540} INFO - Filling up the DagBag from /opt/airflow/dags/clientes_dag.py
[2025-05-28T22:23:06.790+0000] {logging_mixin.py:188} WARNING - /opt/airflow/dags/clientes_dag.py:10 RemovedInAirflow3Warning: Param `schedule_interval` is deprecated and will be removed in a future release. Please use `schedule` instead.
[2025-05-28T22:23:06.795+0000] {processor.py:840} INFO - DAG(s) 'clientes_dag' retrieved from /opt/airflow/dags/clientes_dag.py
[2025-05-28T22:23:06.820+0000] {logging_mixin.py:188} INFO - [2025-05-28T22:23:06.819+0000] {dag.py:3096} INFO - Sync 1 DAGs
[2025-05-28T22:23:06.839+0000] {logging_mixin.py:188} INFO - [2025-05-28T22:23:06.838+0000] {dag.py:3954} INFO - Setting next_dagrun for clientes_dag to None, run_after=None
[2025-05-28T22:23:06.862+0000] {processor.py:183} INFO - Processing /opt/airflow/dags/clientes_dag.py took 2.737 seconds
[2025-05-28T22:23:37.081+0000] {processor.py:161} INFO - Started process (PID=678) to work on /opt/airflow/dags/clientes_dag.py
[2025-05-28T22:23:37.083+0000] {processor.py:830} INFO - Processing file /opt/airflow/dags/clientes_dag.py for tasks to queue
[2025-05-28T22:23:37.087+0000] {logging_mixin.py:188} INFO - [2025-05-28T22:23:37.086+0000] {dagbag.py:540} INFO - Filling up the DagBag from /opt/airflow/dags/clientes_dag.py
[2025-05-28T22:23:39.757+0000] {logging_mixin.py:188} WARNING - /opt/airflow/dags/clientes_dag.py:10 RemovedInAirflow3Warning: Param `schedule_interval` is deprecated and will be removed in a future release. Please use `schedule` instead.
[2025-05-28T22:23:39.762+0000] {processor.py:840} INFO - DAG(s) 'clientes_dag' retrieved from /opt/airflow/dags/clientes_dag.py
[2025-05-28T22:23:39.783+0000] {logging_mixin.py:188} INFO - [2025-05-28T22:23:39.782+0000] {dag.py:3096} INFO - Sync 1 DAGs
[2025-05-28T22:23:39.798+0000] {logging_mixin.py:188} INFO - [2025-05-28T22:23:39.798+0000] {dag.py:3954} INFO - Setting next_dagrun for clientes_dag to None, run_after=None
[2025-05-28T22:23:39.839+0000] {processor.py:183} INFO - Processing /opt/airflow/dags/clientes_dag.py took 2.770 seconds
[2025-05-28T22:24:10.062+0000] {processor.py:161} INFO - Started process (PID=692) to work on /opt/airflow/dags/clientes_dag.py
[2025-05-28T22:24:10.064+0000] {processor.py:830} INFO - Processing file /opt/airflow/dags/clientes_dag.py for tasks to queue
[2025-05-28T22:24:10.067+0000] {logging_mixin.py:188} INFO - [2025-05-28T22:24:10.067+0000] {dagbag.py:540} INFO - Filling up the DagBag from /opt/airflow/dags/clientes_dag.py
[2025-05-28T22:24:12.704+0000] {logging_mixin.py:188} WARNING - /opt/airflow/dags/clientes_dag.py:10 RemovedInAirflow3Warning: Param `schedule_interval` is deprecated and will be removed in a future release. Please use `schedule` instead.
[2025-05-28T22:24:12.711+0000] {processor.py:840} INFO - DAG(s) 'clientes_dag' retrieved from /opt/airflow/dags/clientes_dag.py
[2025-05-28T22:24:12.730+0000] {logging_mixin.py:188} INFO - [2025-05-28T22:24:12.730+0000] {dag.py:3096} INFO - Sync 1 DAGs
[2025-05-28T22:24:12.741+0000] {logging_mixin.py:188} INFO - [2025-05-28T22:24:12.741+0000] {dag.py:3954} INFO - Setting next_dagrun for clientes_dag to None, run_after=None
[2025-05-28T22:24:12.771+0000] {processor.py:183} INFO - Processing /opt/airflow/dags/clientes_dag.py took 2.721 seconds
[2025-05-28T22:24:42.984+0000] {processor.py:161} INFO - Started process (PID=706) to work on /opt/airflow/dags/clientes_dag.py
[2025-05-28T22:24:42.986+0000] {processor.py:830} INFO - Processing file /opt/airflow/dags/clientes_dag.py for tasks to queue
[2025-05-28T22:24:42.990+0000] {logging_mixin.py:188} INFO - [2025-05-28T22:24:42.989+0000] {dagbag.py:540} INFO - Filling up the DagBag from /opt/airflow/dags/clientes_dag.py
[2025-05-28T22:24:45.650+0000] {logging_mixin.py:188} WARNING - /opt/airflow/dags/clientes_dag.py:10 RemovedInAirflow3Warning: Param `schedule_interval` is deprecated and will be removed in a future release. Please use `schedule` instead.
[2025-05-28T22:24:45.655+0000] {processor.py:840} INFO - DAG(s) 'clientes_dag' retrieved from /opt/airflow/dags/clientes_dag.py
[2025-05-28T22:24:45.675+0000] {logging_mixin.py:188} INFO - [2025-05-28T22:24:45.674+0000] {dag.py:3096} INFO - Sync 1 DAGs
[2025-05-28T22:24:45.685+0000] {logging_mixin.py:188} INFO - [2025-05-28T22:24:45.685+0000] {dag.py:3954} INFO - Setting next_dagrun for clientes_dag to None, run_after=None
[2025-05-28T22:24:45.705+0000] {processor.py:183} INFO - Processing /opt/airflow/dags/clientes_dag.py took 2.733 seconds
[2025-05-28T22:25:15.953+0000] {processor.py:161} INFO - Started process (PID=720) to work on /opt/airflow/dags/clientes_dag.py
[2025-05-28T22:25:15.955+0000] {processor.py:830} INFO - Processing file /opt/airflow/dags/clientes_dag.py for tasks to queue
[2025-05-28T22:25:15.959+0000] {logging_mixin.py:188} INFO - [2025-05-28T22:25:15.959+0000] {dagbag.py:540} INFO - Filling up the DagBag from /opt/airflow/dags/clientes_dag.py
[2025-05-28T22:25:18.637+0000] {logging_mixin.py:188} WARNING - /opt/airflow/dags/clientes_dag.py:10 RemovedInAirflow3Warning: Param `schedule_interval` is deprecated and will be removed in a future release. Please use `schedule` instead.
[2025-05-28T22:25:18.644+0000] {processor.py:840} INFO - DAG(s) 'clientes_dag' retrieved from /opt/airflow/dags/clientes_dag.py
[2025-05-28T22:25:18.663+0000] {logging_mixin.py:188} INFO - [2025-05-28T22:25:18.662+0000] {dag.py:3096} INFO - Sync 1 DAGs
[2025-05-28T22:25:18.673+0000] {logging_mixin.py:188} INFO - [2025-05-28T22:25:18.673+0000] {dag.py:3954} INFO - Setting next_dagrun for clientes_dag to None, run_after=None
[2025-05-28T22:25:18.701+0000] {processor.py:183} INFO - Processing /opt/airflow/dags/clientes_dag.py took 2.760 seconds
[2025-05-28T22:25:48.924+0000] {processor.py:161} INFO - Started process (PID=734) to work on /opt/airflow/dags/clientes_dag.py
[2025-05-28T22:25:48.926+0000] {processor.py:830} INFO - Processing file /opt/airflow/dags/clientes_dag.py for tasks to queue
[2025-05-28T22:25:48.930+0000] {logging_mixin.py:188} INFO - [2025-05-28T22:25:48.929+0000] {dagbag.py:540} INFO - Filling up the DagBag from /opt/airflow/dags/clientes_dag.py
[2025-05-28T22:25:51.605+0000] {logging_mixin.py:188} WARNING - /opt/airflow/dags/clientes_dag.py:10 RemovedInAirflow3Warning: Param `schedule_interval` is deprecated and will be removed in a future release. Please use `schedule` instead.
[2025-05-28T22:25:51.610+0000] {processor.py:840} INFO - DAG(s) 'clientes_dag' retrieved from /opt/airflow/dags/clientes_dag.py
[2025-05-28T22:25:51.628+0000] {logging_mixin.py:188} INFO - [2025-05-28T22:25:51.628+0000] {dag.py:3096} INFO - Sync 1 DAGs
[2025-05-28T22:25:51.639+0000] {logging_mixin.py:188} INFO - [2025-05-28T22:25:51.638+0000] {dag.py:3954} INFO - Setting next_dagrun for clientes_dag to None, run_after=None
[2025-05-28T22:25:51.655+0000] {processor.py:183} INFO - Processing /opt/airflow/dags/clientes_dag.py took 2.742 seconds
[2025-05-28T22:26:21.861+0000] {processor.py:161} INFO - Started process (PID=748) to work on /opt/airflow/dags/clientes_dag.py
[2025-05-28T22:26:21.863+0000] {processor.py:830} INFO - Processing file /opt/airflow/dags/clientes_dag.py for tasks to queue
[2025-05-28T22:26:21.867+0000] {logging_mixin.py:188} INFO - [2025-05-28T22:26:21.867+0000] {dagbag.py:540} INFO - Filling up the DagBag from /opt/airflow/dags/clientes_dag.py
[2025-05-28T22:26:24.498+0000] {logging_mixin.py:188} WARNING - /opt/airflow/dags/clientes_dag.py:10 RemovedInAirflow3Warning: Param `schedule_interval` is deprecated and will be removed in a future release. Please use `schedule` instead.
[2025-05-28T22:26:24.503+0000] {processor.py:840} INFO - DAG(s) 'clientes_dag' retrieved from /opt/airflow/dags/clientes_dag.py
[2025-05-28T22:26:24.523+0000] {logging_mixin.py:188} INFO - [2025-05-28T22:26:24.522+0000] {dag.py:3096} INFO - Sync 1 DAGs
[2025-05-28T22:26:24.538+0000] {logging_mixin.py:188} INFO - [2025-05-28T22:26:24.537+0000] {dag.py:3954} INFO - Setting next_dagrun for clientes_dag to None, run_after=None
[2025-05-28T22:26:24.568+0000] {processor.py:183} INFO - Processing /opt/airflow/dags/clientes_dag.py took 2.719 seconds
[2025-05-28T22:26:54.649+0000] {processor.py:161} INFO - Started process (PID=762) to work on /opt/airflow/dags/clientes_dag.py
[2025-05-28T22:26:54.651+0000] {processor.py:830} INFO - Processing file /opt/airflow/dags/clientes_dag.py for tasks to queue
[2025-05-28T22:26:54.654+0000] {logging_mixin.py:188} INFO - [2025-05-28T22:26:54.654+0000] {dagbag.py:540} INFO - Filling up the DagBag from /opt/airflow/dags/clientes_dag.py
[2025-05-28T22:26:57.365+0000] {logging_mixin.py:188} WARNING - /opt/airflow/dags/clientes_dag.py:10 RemovedInAirflow3Warning: Param `schedule_interval` is deprecated and will be removed in a future release. Please use `schedule` instead.
[2025-05-28T22:26:57.370+0000] {processor.py:840} INFO - DAG(s) 'clientes_dag' retrieved from /opt/airflow/dags/clientes_dag.py
[2025-05-28T22:26:57.389+0000] {logging_mixin.py:188} INFO - [2025-05-28T22:26:57.388+0000] {dag.py:3096} INFO - Sync 1 DAGs
[2025-05-28T22:26:57.400+0000] {logging_mixin.py:188} INFO - [2025-05-28T22:26:57.400+0000] {dag.py:3954} INFO - Setting next_dagrun for clientes_dag to None, run_after=None
[2025-05-28T22:26:57.429+0000] {processor.py:183} INFO - Processing /opt/airflow/dags/clientes_dag.py took 2.786 seconds
[2025-05-28T22:27:27.647+0000] {processor.py:161} INFO - Started process (PID=776) to work on /opt/airflow/dags/clientes_dag.py
[2025-05-28T22:27:27.649+0000] {processor.py:830} INFO - Processing file /opt/airflow/dags/clientes_dag.py for tasks to queue
[2025-05-28T22:27:27.655+0000] {logging_mixin.py:188} INFO - [2025-05-28T22:27:27.654+0000] {dagbag.py:540} INFO - Filling up the DagBag from /opt/airflow/dags/clientes_dag.py
[2025-05-28T22:27:30.370+0000] {logging_mixin.py:188} WARNING - /opt/airflow/dags/clientes_dag.py:10 RemovedInAirflow3Warning: Param `schedule_interval` is deprecated and will be removed in a future release. Please use `schedule` instead.
[2025-05-28T22:27:30.375+0000] {processor.py:840} INFO - DAG(s) 'clientes_dag' retrieved from /opt/airflow/dags/clientes_dag.py
[2025-05-28T22:27:30.402+0000] {logging_mixin.py:188} INFO - [2025-05-28T22:27:30.400+0000] {dag.py:3096} INFO - Sync 1 DAGs
[2025-05-28T22:27:30.413+0000] {logging_mixin.py:188} INFO - [2025-05-28T22:27:30.413+0000] {dag.py:3954} INFO - Setting next_dagrun for clientes_dag to None, run_after=None
[2025-05-28T22:27:30.450+0000] {processor.py:183} INFO - Processing /opt/airflow/dags/clientes_dag.py took 2.815 seconds
[2025-05-28T22:28:00.670+0000] {processor.py:161} INFO - Started process (PID=790) to work on /opt/airflow/dags/clientes_dag.py
[2025-05-28T22:28:00.672+0000] {processor.py:830} INFO - Processing file /opt/airflow/dags/clientes_dag.py for tasks to queue
[2025-05-28T22:28:00.676+0000] {logging_mixin.py:188} INFO - [2025-05-28T22:28:00.675+0000] {dagbag.py:540} INFO - Filling up the DagBag from /opt/airflow/dags/clientes_dag.py
[2025-05-28T22:28:03.323+0000] {logging_mixin.py:188} WARNING - /opt/airflow/dags/clientes_dag.py:10 RemovedInAirflow3Warning: Param `schedule_interval` is deprecated and will be removed in a future release. Please use `schedule` instead.
[2025-05-28T22:28:03.327+0000] {processor.py:840} INFO - DAG(s) 'clientes_dag' retrieved from /opt/airflow/dags/clientes_dag.py
[2025-05-28T22:28:03.347+0000] {logging_mixin.py:188} INFO - [2025-05-28T22:28:03.347+0000] {dag.py:3096} INFO - Sync 1 DAGs
[2025-05-28T22:28:03.361+0000] {logging_mixin.py:188} INFO - [2025-05-28T22:28:03.361+0000] {dag.py:3954} INFO - Setting next_dagrun for clientes_dag to None, run_after=None
[2025-05-28T22:28:03.400+0000] {processor.py:183} INFO - Processing /opt/airflow/dags/clientes_dag.py took 2.742 seconds
[2025-05-28T22:28:33.612+0000] {processor.py:161} INFO - Started process (PID=804) to work on /opt/airflow/dags/clientes_dag.py
[2025-05-28T22:28:33.614+0000] {processor.py:830} INFO - Processing file /opt/airflow/dags/clientes_dag.py for tasks to queue
[2025-05-28T22:28:33.618+0000] {logging_mixin.py:188} INFO - [2025-05-28T22:28:33.617+0000] {dagbag.py:540} INFO - Filling up the DagBag from /opt/airflow/dags/clientes_dag.py
[2025-05-28T22:28:36.273+0000] {logging_mixin.py:188} WARNING - /opt/airflow/dags/clientes_dag.py:10 RemovedInAirflow3Warning: Param `schedule_interval` is deprecated and will be removed in a future release. Please use `schedule` instead.
[2025-05-28T22:28:36.278+0000] {processor.py:840} INFO - DAG(s) 'clientes_dag' retrieved from /opt/airflow/dags/clientes_dag.py
[2025-05-28T22:28:36.296+0000] {logging_mixin.py:188} INFO - [2025-05-28T22:28:36.296+0000] {dag.py:3096} INFO - Sync 1 DAGs
[2025-05-28T22:28:36.307+0000] {logging_mixin.py:188} INFO - [2025-05-28T22:28:36.307+0000] {dag.py:3954} INFO - Setting next_dagrun for clientes_dag to None, run_after=None
[2025-05-28T22:28:36.335+0000] {processor.py:183} INFO - Processing /opt/airflow/dags/clientes_dag.py took 2.734 seconds
[2025-05-28T22:29:06.495+0000] {processor.py:161} INFO - Started process (PID=818) to work on /opt/airflow/dags/clientes_dag.py
[2025-05-28T22:29:06.497+0000] {processor.py:830} INFO - Processing file /opt/airflow/dags/clientes_dag.py for tasks to queue
[2025-05-28T22:29:06.501+0000] {logging_mixin.py:188} INFO - [2025-05-28T22:29:06.500+0000] {dagbag.py:540} INFO - Filling up the DagBag from /opt/airflow/dags/clientes_dag.py
[2025-05-28T22:29:09.202+0000] {logging_mixin.py:188} WARNING - /opt/airflow/dags/clientes_dag.py:10 RemovedInAirflow3Warning: Param `schedule_interval` is deprecated and will be removed in a future release. Please use `schedule` instead.
[2025-05-28T22:29:09.206+0000] {processor.py:840} INFO - DAG(s) 'clientes_dag' retrieved from /opt/airflow/dags/clientes_dag.py
[2025-05-28T22:29:09.225+0000] {logging_mixin.py:188} INFO - [2025-05-28T22:29:09.224+0000] {dag.py:3096} INFO - Sync 1 DAGs
[2025-05-28T22:29:09.235+0000] {logging_mixin.py:188} INFO - [2025-05-28T22:29:09.235+0000] {dag.py:3954} INFO - Setting next_dagrun for clientes_dag to None, run_after=None
[2025-05-28T22:29:09.252+0000] {processor.py:183} INFO - Processing /opt/airflow/dags/clientes_dag.py took 2.769 seconds
[2025-05-28T22:29:39.457+0000] {processor.py:161} INFO - Started process (PID=832) to work on /opt/airflow/dags/clientes_dag.py
[2025-05-28T22:29:39.459+0000] {processor.py:830} INFO - Processing file /opt/airflow/dags/clientes_dag.py for tasks to queue
[2025-05-28T22:29:39.463+0000] {logging_mixin.py:188} INFO - [2025-05-28T22:29:39.463+0000] {dagbag.py:540} INFO - Filling up the DagBag from /opt/airflow/dags/clientes_dag.py
[2025-05-28T22:29:42.085+0000] {logging_mixin.py:188} WARNING - /opt/airflow/dags/clientes_dag.py:10 RemovedInAirflow3Warning: Param `schedule_interval` is deprecated and will be removed in a future release. Please use `schedule` instead.
[2025-05-28T22:29:42.090+0000] {processor.py:840} INFO - DAG(s) 'clientes_dag' retrieved from /opt/airflow/dags/clientes_dag.py
[2025-05-28T22:29:42.110+0000] {logging_mixin.py:188} INFO - [2025-05-28T22:29:42.109+0000] {dag.py:3096} INFO - Sync 1 DAGs
[2025-05-28T22:29:42.125+0000] {logging_mixin.py:188} INFO - [2025-05-28T22:29:42.125+0000] {dag.py:3954} INFO - Setting next_dagrun for clientes_dag to None, run_after=None
[2025-05-28T22:29:42.148+0000] {processor.py:183} INFO - Processing /opt/airflow/dags/clientes_dag.py took 2.698 seconds
[2025-05-28T22:30:12.389+0000] {processor.py:161} INFO - Started process (PID=846) to work on /opt/airflow/dags/clientes_dag.py
[2025-05-28T22:30:12.392+0000] {processor.py:830} INFO - Processing file /opt/airflow/dags/clientes_dag.py for tasks to queue
[2025-05-28T22:30:12.398+0000] {logging_mixin.py:188} INFO - [2025-05-28T22:30:12.397+0000] {dagbag.py:540} INFO - Filling up the DagBag from /opt/airflow/dags/clientes_dag.py
[2025-05-28T22:30:15.006+0000] {logging_mixin.py:188} WARNING - /opt/airflow/dags/clientes_dag.py:10 RemovedInAirflow3Warning: Param `schedule_interval` is deprecated and will be removed in a future release. Please use `schedule` instead.
[2025-05-28T22:30:15.010+0000] {processor.py:840} INFO - DAG(s) 'clientes_dag' retrieved from /opt/airflow/dags/clientes_dag.py
[2025-05-28T22:30:15.029+0000] {logging_mixin.py:188} INFO - [2025-05-28T22:30:15.029+0000] {dag.py:3096} INFO - Sync 1 DAGs
[2025-05-28T22:30:15.041+0000] {logging_mixin.py:188} INFO - [2025-05-28T22:30:15.041+0000] {dag.py:3954} INFO - Setting next_dagrun for clientes_dag to None, run_after=None
[2025-05-28T22:30:15.068+0000] {processor.py:183} INFO - Processing /opt/airflow/dags/clientes_dag.py took 2.691 seconds
[2025-05-28T22:30:45.279+0000] {processor.py:161} INFO - Started process (PID=860) to work on /opt/airflow/dags/clientes_dag.py
[2025-05-28T22:30:45.281+0000] {processor.py:830} INFO - Processing file /opt/airflow/dags/clientes_dag.py for tasks to queue
[2025-05-28T22:30:45.285+0000] {logging_mixin.py:188} INFO - [2025-05-28T22:30:45.284+0000] {dagbag.py:540} INFO - Filling up the DagBag from /opt/airflow/dags/clientes_dag.py
[2025-05-28T22:30:47.951+0000] {logging_mixin.py:188} WARNING - /opt/airflow/dags/clientes_dag.py:10 RemovedInAirflow3Warning: Param `schedule_interval` is deprecated and will be removed in a future release. Please use `schedule` instead.
[2025-05-28T22:30:47.956+0000] {processor.py:840} INFO - DAG(s) 'clientes_dag' retrieved from /opt/airflow/dags/clientes_dag.py
[2025-05-28T22:30:47.975+0000] {logging_mixin.py:188} INFO - [2025-05-28T22:30:47.975+0000] {dag.py:3096} INFO - Sync 1 DAGs
[2025-05-28T22:30:47.986+0000] {logging_mixin.py:188} INFO - [2025-05-28T22:30:47.986+0000] {dag.py:3954} INFO - Setting next_dagrun for clientes_dag to None, run_after=None
[2025-05-28T22:30:48.015+0000] {processor.py:183} INFO - Processing /opt/airflow/dags/clientes_dag.py took 2.748 seconds
[2025-05-28T22:31:18.249+0000] {processor.py:161} INFO - Started process (PID=874) to work on /opt/airflow/dags/clientes_dag.py
[2025-05-28T22:31:18.251+0000] {processor.py:830} INFO - Processing file /opt/airflow/dags/clientes_dag.py for tasks to queue
[2025-05-28T22:31:18.255+0000] {logging_mixin.py:188} INFO - [2025-05-28T22:31:18.254+0000] {dagbag.py:540} INFO - Filling up the DagBag from /opt/airflow/dags/clientes_dag.py
[2025-05-28T22:31:20.965+0000] {logging_mixin.py:188} WARNING - /opt/airflow/dags/clientes_dag.py:10 RemovedInAirflow3Warning: Param `schedule_interval` is deprecated and will be removed in a future release. Please use `schedule` instead.
[2025-05-28T22:31:20.971+0000] {processor.py:840} INFO - DAG(s) 'clientes_dag' retrieved from /opt/airflow/dags/clientes_dag.py
[2025-05-28T22:31:20.990+0000] {logging_mixin.py:188} INFO - [2025-05-28T22:31:20.989+0000] {dag.py:3096} INFO - Sync 1 DAGs
[2025-05-28T22:31:21.000+0000] {logging_mixin.py:188} INFO - [2025-05-28T22:31:21.000+0000] {dag.py:3954} INFO - Setting next_dagrun for clientes_dag to None, run_after=None
[2025-05-28T22:31:21.033+0000] {processor.py:183} INFO - Processing /opt/airflow/dags/clientes_dag.py took 2.796 seconds
[2025-05-28T22:31:51.257+0000] {processor.py:161} INFO - Started process (PID=888) to work on /opt/airflow/dags/clientes_dag.py
[2025-05-28T22:31:51.259+0000] {processor.py:830} INFO - Processing file /opt/airflow/dags/clientes_dag.py for tasks to queue
[2025-05-28T22:31:51.263+0000] {logging_mixin.py:188} INFO - [2025-05-28T22:31:51.262+0000] {dagbag.py:540} INFO - Filling up the DagBag from /opt/airflow/dags/clientes_dag.py
[2025-05-28T22:31:53.870+0000] {logging_mixin.py:188} WARNING - /opt/airflow/dags/clientes_dag.py:10 RemovedInAirflow3Warning: Param `schedule_interval` is deprecated and will be removed in a future release. Please use `schedule` instead.
[2025-05-28T22:31:53.875+0000] {processor.py:840} INFO - DAG(s) 'clientes_dag' retrieved from /opt/airflow/dags/clientes_dag.py
[2025-05-28T22:31:53.894+0000] {logging_mixin.py:188} INFO - [2025-05-28T22:31:53.894+0000] {dag.py:3096} INFO - Sync 1 DAGs
[2025-05-28T22:31:53.904+0000] {logging_mixin.py:188} INFO - [2025-05-28T22:31:53.904+0000] {dag.py:3954} INFO - Setting next_dagrun for clientes_dag to None, run_after=None
[2025-05-28T22:31:53.932+0000] {processor.py:183} INFO - Processing /opt/airflow/dags/clientes_dag.py took 2.685 seconds
[2025-05-28T22:32:24.132+0000] {processor.py:161} INFO - Started process (PID=902) to work on /opt/airflow/dags/clientes_dag.py
[2025-05-28T22:32:24.134+0000] {processor.py:830} INFO - Processing file /opt/airflow/dags/clientes_dag.py for tasks to queue
[2025-05-28T22:32:24.138+0000] {logging_mixin.py:188} INFO - [2025-05-28T22:32:24.137+0000] {dagbag.py:540} INFO - Filling up the DagBag from /opt/airflow/dags/clientes_dag.py
[2025-05-28T22:32:26.805+0000] {logging_mixin.py:188} WARNING - /opt/airflow/dags/clientes_dag.py:10 RemovedInAirflow3Warning: Param `schedule_interval` is deprecated and will be removed in a future release. Please use `schedule` instead.
[2025-05-28T22:32:26.811+0000] {processor.py:840} INFO - DAG(s) 'clientes_dag' retrieved from /opt/airflow/dags/clientes_dag.py
[2025-05-28T22:32:26.832+0000] {logging_mixin.py:188} INFO - [2025-05-28T22:32:26.831+0000] {dag.py:3096} INFO - Sync 1 DAGs
[2025-05-28T22:32:26.848+0000] {logging_mixin.py:188} INFO - [2025-05-28T22:32:26.847+0000] {dag.py:3954} INFO - Setting next_dagrun for clientes_dag to None, run_after=None
[2025-05-28T22:32:26.877+0000] {processor.py:183} INFO - Processing /opt/airflow/dags/clientes_dag.py took 2.755 seconds
[2025-05-28T22:32:56.970+0000] {processor.py:161} INFO - Started process (PID=916) to work on /opt/airflow/dags/clientes_dag.py
[2025-05-28T22:32:56.973+0000] {processor.py:830} INFO - Processing file /opt/airflow/dags/clientes_dag.py for tasks to queue
[2025-05-28T22:32:56.977+0000] {logging_mixin.py:188} INFO - [2025-05-28T22:32:56.976+0000] {dagbag.py:540} INFO - Filling up the DagBag from /opt/airflow/dags/clientes_dag.py
[2025-05-28T22:32:59.811+0000] {logging_mixin.py:188} WARNING - /opt/airflow/dags/clientes_dag.py:10 RemovedInAirflow3Warning: Param `schedule_interval` is deprecated and will be removed in a future release. Please use `schedule` instead.
[2025-05-28T22:32:59.816+0000] {processor.py:840} INFO - DAG(s) 'clientes_dag' retrieved from /opt/airflow/dags/clientes_dag.py
[2025-05-28T22:32:59.835+0000] {logging_mixin.py:188} INFO - [2025-05-28T22:32:59.834+0000] {dag.py:3096} INFO - Sync 1 DAGs
[2025-05-28T22:32:59.847+0000] {logging_mixin.py:188} INFO - [2025-05-28T22:32:59.846+0000] {dag.py:3954} INFO - Setting next_dagrun for clientes_dag to None, run_after=None
[2025-05-28T22:32:59.875+0000] {processor.py:183} INFO - Processing /opt/airflow/dags/clientes_dag.py took 2.916 seconds
[2025-05-28T22:38:27.048+0000] {processor.py:161} INFO - Started process (PID=936) to work on /opt/airflow/dags/clientes_dag.py
[2025-05-28T22:38:27.049+0000] {processor.py:830} INFO - Processing file /opt/airflow/dags/clientes_dag.py for tasks to queue
[2025-05-28T22:38:27.051+0000] {logging_mixin.py:188} INFO - [2025-05-28T22:38:27.050+0000] {dagbag.py:540} INFO - Filling up the DagBag from /opt/airflow/dags/clientes_dag.py
[2025-05-28T22:38:29.622+0000] {logging_mixin.py:188} WARNING - /opt/airflow/dags/clientes_dag.py:10 RemovedInAirflow3Warning: Param `schedule_interval` is deprecated and will be removed in a future release. Please use `schedule` instead.
[2025-05-28T22:38:29.628+0000] {processor.py:840} INFO - DAG(s) 'clientes_dag' retrieved from /opt/airflow/dags/clientes_dag.py
[2025-05-28T22:38:29.646+0000] {logging_mixin.py:188} INFO - [2025-05-28T22:38:29.646+0000] {dag.py:3096} INFO - Sync 1 DAGs
[2025-05-28T22:38:29.663+0000] {logging_mixin.py:188} INFO - [2025-05-28T22:38:29.662+0000] {dag.py:3954} INFO - Setting next_dagrun for clientes_dag to None, run_after=None
[2025-05-28T22:38:29.683+0000] {processor.py:183} INFO - Processing /opt/airflow/dags/clientes_dag.py took 2.640 seconds
[2025-05-28T22:38:59.907+0000] {processor.py:161} INFO - Started process (PID=950) to work on /opt/airflow/dags/clientes_dag.py
[2025-05-28T22:38:59.909+0000] {processor.py:830} INFO - Processing file /opt/airflow/dags/clientes_dag.py for tasks to queue
[2025-05-28T22:38:59.913+0000] {logging_mixin.py:188} INFO - [2025-05-28T22:38:59.912+0000] {dagbag.py:540} INFO - Filling up the DagBag from /opt/airflow/dags/clientes_dag.py
[2025-05-28T22:39:02.528+0000] {logging_mixin.py:188} WARNING - /opt/airflow/dags/clientes_dag.py:10 RemovedInAirflow3Warning: Param `schedule_interval` is deprecated and will be removed in a future release. Please use `schedule` instead.
[2025-05-28T22:39:02.533+0000] {processor.py:840} INFO - DAG(s) 'clientes_dag' retrieved from /opt/airflow/dags/clientes_dag.py
[2025-05-28T22:39:02.553+0000] {logging_mixin.py:188} INFO - [2025-05-28T22:39:02.553+0000] {dag.py:3096} INFO - Sync 1 DAGs
[2025-05-28T22:39:02.566+0000] {logging_mixin.py:188} INFO - [2025-05-28T22:39:02.566+0000] {dag.py:3954} INFO - Setting next_dagrun for clientes_dag to None, run_after=None
[2025-05-28T22:39:02.595+0000] {processor.py:183} INFO - Processing /opt/airflow/dags/clientes_dag.py took 2.700 seconds
[2025-05-28T22:39:32.858+0000] {processor.py:161} INFO - Started process (PID=964) to work on /opt/airflow/dags/clientes_dag.py
[2025-05-28T22:39:32.860+0000] {processor.py:830} INFO - Processing file /opt/airflow/dags/clientes_dag.py for tasks to queue
[2025-05-28T22:39:32.864+0000] {logging_mixin.py:188} INFO - [2025-05-28T22:39:32.863+0000] {dagbag.py:540} INFO - Filling up the DagBag from /opt/airflow/dags/clientes_dag.py
[2025-05-28T22:39:37.692+0000] {logging_mixin.py:188} WARNING - /opt/airflow/dags/clientes_dag.py:10 RemovedInAirflow3Warning: Param `schedule_interval` is deprecated and will be removed in a future release. Please use `schedule` instead.
[2025-05-28T22:39:37.699+0000] {processor.py:840} INFO - DAG(s) 'clientes_dag' retrieved from /opt/airflow/dags/clientes_dag.py
[2025-05-28T22:39:37.731+0000] {logging_mixin.py:188} INFO - [2025-05-28T22:39:37.730+0000] {dag.py:3096} INFO - Sync 1 DAGs
[2025-05-28T22:39:37.745+0000] {logging_mixin.py:188} INFO - [2025-05-28T22:39:37.745+0000] {dag.py:3954} INFO - Setting next_dagrun for clientes_dag to None, run_after=None
[2025-05-28T22:39:37.781+0000] {processor.py:183} INFO - Processing /opt/airflow/dags/clientes_dag.py took 4.940 seconds
[2025-05-28T22:40:07.999+0000] {processor.py:161} INFO - Started process (PID=978) to work on /opt/airflow/dags/clientes_dag.py
[2025-05-28T22:40:08.001+0000] {processor.py:830} INFO - Processing file /opt/airflow/dags/clientes_dag.py for tasks to queue
[2025-05-28T22:40:08.006+0000] {logging_mixin.py:188} INFO - [2025-05-28T22:40:08.005+0000] {dagbag.py:540} INFO - Filling up the DagBag from /opt/airflow/dags/clientes_dag.py
[2025-05-28T22:40:10.545+0000] {logging_mixin.py:188} WARNING - /opt/airflow/dags/clientes_dag.py:10 RemovedInAirflow3Warning: Param `schedule_interval` is deprecated and will be removed in a future release. Please use `schedule` instead.
[2025-05-28T22:40:10.550+0000] {processor.py:840} INFO - DAG(s) 'clientes_dag' retrieved from /opt/airflow/dags/clientes_dag.py
[2025-05-28T22:40:10.568+0000] {logging_mixin.py:188} INFO - [2025-05-28T22:40:10.567+0000] {dag.py:3096} INFO - Sync 1 DAGs
[2025-05-28T22:40:10.578+0000] {logging_mixin.py:188} INFO - [2025-05-28T22:40:10.577+0000] {dag.py:3954} INFO - Setting next_dagrun for clientes_dag to None, run_after=None
[2025-05-28T22:40:10.605+0000] {processor.py:183} INFO - Processing /opt/airflow/dags/clientes_dag.py took 2.618 seconds
[2025-05-28T22:40:40.827+0000] {processor.py:161} INFO - Started process (PID=992) to work on /opt/airflow/dags/clientes_dag.py
[2025-05-28T22:40:40.829+0000] {processor.py:830} INFO - Processing file /opt/airflow/dags/clientes_dag.py for tasks to queue
[2025-05-28T22:40:40.833+0000] {logging_mixin.py:188} INFO - [2025-05-28T22:40:40.832+0000] {dagbag.py:540} INFO - Filling up the DagBag from /opt/airflow/dags/clientes_dag.py
[2025-05-28T22:40:43.428+0000] {logging_mixin.py:188} WARNING - /opt/airflow/dags/clientes_dag.py:10 RemovedInAirflow3Warning: Param `schedule_interval` is deprecated and will be removed in a future release. Please use `schedule` instead.
[2025-05-28T22:40:43.433+0000] {processor.py:840} INFO - DAG(s) 'clientes_dag' retrieved from /opt/airflow/dags/clientes_dag.py
[2025-05-28T22:40:43.452+0000] {logging_mixin.py:188} INFO - [2025-05-28T22:40:43.452+0000] {dag.py:3096} INFO - Sync 1 DAGs
[2025-05-28T22:40:43.462+0000] {logging_mixin.py:188} INFO - [2025-05-28T22:40:43.461+0000] {dag.py:3954} INFO - Setting next_dagrun for clientes_dag to None, run_after=None
[2025-05-28T22:40:43.487+0000] {processor.py:183} INFO - Processing /opt/airflow/dags/clientes_dag.py took 2.671 seconds
[2025-05-28T22:41:13.698+0000] {processor.py:161} INFO - Started process (PID=1006) to work on /opt/airflow/dags/clientes_dag.py
[2025-05-28T22:41:13.700+0000] {processor.py:830} INFO - Processing file /opt/airflow/dags/clientes_dag.py for tasks to queue
[2025-05-28T22:41:13.704+0000] {logging_mixin.py:188} INFO - [2025-05-28T22:41:13.703+0000] {dagbag.py:540} INFO - Filling up the DagBag from /opt/airflow/dags/clientes_dag.py
[2025-05-28T22:41:16.440+0000] {logging_mixin.py:188} WARNING - /opt/airflow/dags/clientes_dag.py:10 RemovedInAirflow3Warning: Param `schedule_interval` is deprecated and will be removed in a future release. Please use `schedule` instead.
[2025-05-28T22:41:16.445+0000] {processor.py:840} INFO - DAG(s) 'clientes_dag' retrieved from /opt/airflow/dags/clientes_dag.py
[2025-05-28T22:41:16.466+0000] {logging_mixin.py:188} INFO - [2025-05-28T22:41:16.465+0000] {dag.py:3096} INFO - Sync 1 DAGs
[2025-05-28T22:41:16.479+0000] {logging_mixin.py:188} INFO - [2025-05-28T22:41:16.479+0000] {dag.py:3954} INFO - Setting next_dagrun for clientes_dag to None, run_after=None
[2025-05-28T22:41:16.517+0000] {processor.py:183} INFO - Processing /opt/airflow/dags/clientes_dag.py took 2.830 seconds
[2025-05-28T22:41:46.734+0000] {processor.py:161} INFO - Started process (PID=1020) to work on /opt/airflow/dags/clientes_dag.py
[2025-05-28T22:41:46.735+0000] {processor.py:830} INFO - Processing file /opt/airflow/dags/clientes_dag.py for tasks to queue
[2025-05-28T22:41:46.740+0000] {logging_mixin.py:188} INFO - [2025-05-28T22:41:46.739+0000] {dagbag.py:540} INFO - Filling up the DagBag from /opt/airflow/dags/clientes_dag.py
[2025-05-28T22:41:49.326+0000] {logging_mixin.py:188} WARNING - /opt/airflow/dags/clientes_dag.py:10 RemovedInAirflow3Warning: Param `schedule_interval` is deprecated and will be removed in a future release. Please use `schedule` instead.
[2025-05-28T22:41:49.331+0000] {processor.py:840} INFO - DAG(s) 'clientes_dag' retrieved from /opt/airflow/dags/clientes_dag.py
[2025-05-28T22:41:49.350+0000] {logging_mixin.py:188} INFO - [2025-05-28T22:41:49.349+0000] {dag.py:3096} INFO - Sync 1 DAGs
[2025-05-28T22:41:49.359+0000] {logging_mixin.py:188} INFO - [2025-05-28T22:41:49.359+0000] {dag.py:3954} INFO - Setting next_dagrun for clientes_dag to None, run_after=None
[2025-05-28T22:41:49.387+0000] {processor.py:183} INFO - Processing /opt/airflow/dags/clientes_dag.py took 2.666 seconds
[2025-05-28T23:02:49.847+0000] {processor.py:161} INFO - Started process (PID=1035) to work on /opt/airflow/dags/clientes_dag.py
[2025-05-28T23:02:49.848+0000] {processor.py:830} INFO - Processing file /opt/airflow/dags/clientes_dag.py for tasks to queue
[2025-05-28T23:02:49.854+0000] {logging_mixin.py:188} INFO - [2025-05-28T23:02:49.853+0000] {dagbag.py:540} INFO - Filling up the DagBag from /opt/airflow/dags/clientes_dag.py
[2025-05-28T23:02:52.528+0000] {logging_mixin.py:188} WARNING - /opt/airflow/dags/clientes_dag.py:10 RemovedInAirflow3Warning: Param `schedule_interval` is deprecated and will be removed in a future release. Please use `schedule` instead.
[2025-05-28T23:02:52.537+0000] {processor.py:840} INFO - DAG(s) 'clientes_dag' retrieved from /opt/airflow/dags/clientes_dag.py
[2025-05-28T23:02:52.560+0000] {logging_mixin.py:188} INFO - [2025-05-28T23:02:52.560+0000] {dag.py:3096} INFO - Sync 1 DAGs
[2025-05-28T23:02:52.572+0000] {logging_mixin.py:188} INFO - [2025-05-28T23:02:52.572+0000] {dag.py:3954} INFO - Setting next_dagrun for clientes_dag to None, run_after=None
[2025-05-28T23:02:52.596+0000] {processor.py:183} INFO - Processing /opt/airflow/dags/clientes_dag.py took 2.758 seconds
